2024-02-13 04:09:53 info: [0mGET /events/popular [32m201[0m 683.746 ms - -[0m
2024-02-13 04:09:54 info: [0mGET /events/popular [32m201[0m 444.901 ms - -[0m
2024-02-13 04:10:50 info: [0mGET /events/popular [32m201[0m 463.977 ms - -[0m
2024-02-13 04:10:50 info: [0mGET /events/popular [32m201[0m 428.534 ms - -[0m
2024-02-13 04:11:51 info: [0mGET /events/popular [32m201[0m 524.728 ms - -[0m
2024-02-13 04:11:51 info: [0mGET /events/popular [32m201[0m 452.359 ms - -[0m
2024-02-13 04:44:13 info: [0mGET /events/popular [32m201[0m 624.034 ms - -[0m
2024-02-13 04:44:14 info: [0mGET /events/popular [32m201[0m 462.649 ms - -[0m
2024-02-13 04:45:38 info: [0mGET /events/popular [32m201[0m 455.977 ms - -[0m
2024-02-13 04:45:39 info: [0mGET /events/popular [32m201[0m 398.515 ms - -[0m
2024-02-13 04:45:48 info: [0mGET /events/popular [32m201[0m 408.544 ms - -[0m
2024-02-13 04:45:49 info: [0mGET /events/popular [32m201[0m 429.731 ms - -[0m
2024-02-13 04:47:03 info: [0mGET /events/popular [32m201[0m 495.330 ms - -[0m
2024-02-13 04:47:04 info: [0mGET /events/popular [32m201[0m 417.746 ms - -[0m
2024-02-13 04:47:37 info: [0mGET /events/popular [32m201[0m 507.836 ms - -[0m
2024-02-13 04:47:38 info: [0mGET /events/popular [32m201[0m 430.303 ms - -[0m
2024-02-13 04:48:01 info: [0mGET /events/popular [32m201[0m 445.275 ms - -[0m
2024-02-13 04:48:02 info: [0mGET /events/popular [32m201[0m 413.688 ms - -[0m
2024-02-13 04:48:57 info: [0mGET /events/popular [32m201[0m 424.210 ms - -[0m
2024-02-13 04:48:58 info: [0mGET /events/popular [32m201[0m 439.009 ms - -[0m
2024-02-13 04:49:46 info: [0mGET /events/popular [32m201[0m 467.598 ms - -[0m
2024-02-13 04:49:46 info: [0mGET /events/popular [32m201[0m 418.191 ms - -[0m
2024-02-13 04:51:34 info: [0mGET /events/popular [32m201[0m 468.532 ms - -[0m
2024-02-13 04:51:34 info: [0mGET /events/popular [32m201[0m 413.767 ms - -[0m
2024-02-13 05:18:15 info: [0mGET /events/popular [32m201[0m 533.949 ms - -[0m
2024-02-13 05:18:15 info: [0mGET /events/popular [32m201[0m 403.626 ms - -[0m
2024-02-13 05:20:16 info: [0mGET /events/popular [32m201[0m 454.404 ms - -[0m
2024-02-13 05:20:17 info: [0mGET /events/popular [32m201[0m 446.326 ms - -[0m
2024-02-13 05:20:58 info: [0mGET /events/popular [32m201[0m 500.282 ms - -[0m
2024-02-13 05:20:59 info: [0mGET /events/popular [32m201[0m 442.429 ms - -[0m
2024-02-13 05:21:31 info: [0mGET /events/popular [32m201[0m 491.385 ms - -[0m
2024-02-13 05:21:31 info: [0mGET /events/popular [32m201[0m 445.179 ms - -[0m
2024-02-13 05:22:30 info: [0mGET /events/popular [32m201[0m 456.475 ms - -[0m
2024-02-13 05:22:30 info: [0mGET /events/popular [32m201[0m 412.957 ms - -[0m
2024-02-13 05:23:02 info: [0mGET /events/popular [32m201[0m 466.837 ms - -[0m
2024-02-13 05:23:03 info: [0mGET /events/popular [32m201[0m 472.084 ms - -[0m
2024-02-13 05:24:09 info: [0mGET /events/popular [32m201[0m 424.667 ms - -[0m
2024-02-13 05:24:10 info: [0mGET /events/popular [32m201[0m 410.867 ms - -[0m
2024-02-13 05:25:18 info: [0mGET /events/popular [32m201[0m 513.476 ms - -[0m
2024-02-13 05:25:19 info: [0mGET /events/popular [32m201[0m 420.249 ms - -[0m
2024-02-13 05:26:55 info: [0mGET /events/popular [32m201[0m 523.602 ms - -[0m
2024-02-13 05:26:55 info: [0mGET /events/popular [0m-[0m - ms - -[0m
2024-02-13 05:26:58 info: [0mGET /events/popular [32m201[0m 443.915 ms - -[0m
2024-02-13 05:26:59 info: [0mGET /events/popular [32m201[0m 455.971 ms - -[0m
2024-02-13 05:27:04 info: [0mGET /events/popular [32m201[0m 431.890 ms - -[0m
2024-02-13 05:27:05 info: [0mGET /events/popular [32m201[0m 433.738 ms - -[0m
2024-02-13 05:28:05 info: [0mGET /events/popular [32m201[0m 495.855 ms - -[0m
2024-02-13 05:28:05 info: [0mGET /events/popular [32m201[0m 432.360 ms - -[0m
2024-02-13 05:28:22 info: [0mGET /events/popular [32m201[0m 458.304 ms - -[0m
2024-02-13 05:28:22 info: [0mGET /events/popular [32m201[0m 460.781 ms - -[0m
2024-02-13 05:28:42 info: [0mGET /events/popular [32m201[0m 460.194 ms - -[0m
2024-02-13 05:28:42 info: [0mGET /events/popular [32m201[0m 396.948 ms - -[0m
2024-02-13 05:29:03 info: [0mGET /events/popular [32m201[0m 435.608 ms - -[0m
2024-02-13 05:29:04 info: [0mGET /events/popular [32m201[0m 428.870 ms - -[0m
2024-02-13 05:29:13 info: [0mGET /events/popular [32m201[0m 445.890 ms - -[0m
2024-02-13 05:29:13 info: [0mGET /events/popular [32m201[0m 414.174 ms - -[0m
2024-02-13 05:29:27 info: [0mGET /events/popular [32m201[0m 449.908 ms - -[0m
2024-02-13 05:29:28 info: [0mGET /events/popular [32m201[0m 663.929 ms - -[0m
2024-02-13 05:29:45 info: [0mGET /events/popular [32m201[0m 442.745 ms - -[0m
2024-02-13 05:29:45 info: [0mGET /events/popular [32m201[0m 423.137 ms - -[0m
2024-02-13 05:30:27 info: [0mGET /events/popular [32m201[0m 463.730 ms - -[0m
2024-02-13 05:30:27 info: [0mGET /events/popular [32m201[0m 461.310 ms - -[0m
2024-02-13 05:30:33 info: [0mGET /events/popular [32m201[0m 458.093 ms - -[0m
2024-02-13 05:30:34 info: [0mGET /events/popular [32m201[0m 417.674 ms - -[0m
2024-02-13 05:30:56 info: [0mGET /events/popular [32m201[0m 480.187 ms - -[0m
2024-02-13 05:30:56 info: [0mGET /events/popular [32m201[0m 440.285 ms - -[0m
2024-02-13 05:31:10 info: [0mGET /events/popular [32m201[0m 455.178 ms - -[0m
2024-02-13 05:31:11 info: [0mGET /events/popular [32m201[0m 423.561 ms - -[0m
2024-02-13 05:35:44 info: [0mGET /events/popular [32m201[0m 473.135 ms - -[0m
2024-02-13 05:35:44 info: [0mGET /events/popular [32m201[0m 388.341 ms - -[0m
2024-02-13 05:36:14 info: [0mGET /events/popular [32m201[0m 484.515 ms - -[0m
2024-02-13 05:36:14 info: [0mGET /events/popular [32m201[0m 440.312 ms - -[0m
2024-02-13 05:36:47 info: [0mGET /events/popular [32m201[0m 471.096 ms - -[0m
2024-02-13 05:36:47 info: [0mGET /events/popular [32m201[0m 456.132 ms - -[0m
2024-02-13 05:37:33 info: [0mGET /events/popular [32m201[0m 463.017 ms - -[0m
2024-02-13 05:37:33 info: [0mGET /public/files/albums/postPicture7d8cda07b8dec1d8adb840b351638a025cc001021707770615934.jpeg [33m404[0m 10.168 ms - 228[0m
2024-02-13 05:37:33 info: [0mGET /events/popular [32m201[0m 440.529 ms - -[0m
2024-02-13 05:37:50 info: [0mGET /events/popular [32m201[0m 455.051 ms - -[0m
2024-02-13 05:37:50 info: [0mGET /public/files/albums/postPicture7d8cda07b8dec1d8adb840b351638a025cc001021707770615934.jpeg [33m404[0m 8.739 ms - 228[0m
2024-02-13 05:37:50 info: [0mGET /events/popular [32m201[0m 427.938 ms - -[0m
2024-02-13 05:38:23 info: [0mGET //public/files/albums/postPicture7d8cda07b8dec1d8adb840b351638a025cc001021707770615934.jpeg [33m404[0m 2.160 ms - 229[0m
2024-02-13 05:38:30 info: [0mGET /public/files/albums/postPicture7d8cda07b8dec1d8adb840b351638a025cc001021707770615934.jpeg [33m404[0m 1.262 ms - 228[0m
2024-02-13 05:39:18 info: [0mGET /public/files/albums/postPicture7d8cda07b8dec1d8adb840b351638a025cc001021707770615935.jpeg [33m404[0m 2.751 ms - 228[0m
2024-02-13 05:39:18 info: [0mGET /events/popular [32m201[0m 513.021 ms - -[0m
2024-02-13 05:39:18 info: [0mGET /events/popular [32m201[0m 438.234 ms - -[0m
2024-02-13 05:39:28 info: [0mGET /events/popular [32m201[0m 460.179 ms - -[0m
2024-02-13 05:39:28 info: [0mGET /public/files/albums/postPicture7d8cda07b8dec1d8adb840b351638a025cc001021707770615935.jpeg [33m404[0m 1.302 ms - 228[0m
2024-02-13 05:39:28 info: [0mGET /events/popular [32m201[0m 428.216 ms - -[0m
2024-02-13 05:40:02 info: [0mGET /public/files/albums/postPicture7d8cda07b8dec1d8adb840b351638a025cc001021707770615935.jpeg [33m404[0m 7.003 ms - 228[0m
2024-02-13 05:40:21 info: [0mPOST /events [32m201[0m 594.236 ms - 716[0m
2024-02-13 05:40:31 info: [0mPOST /events/upload/da07b8dec1d8adb840b351638a025cc00102db79 [32m201[0m 19.328 ms - 59[0m
2024-02-13 05:41:06 info: [0mGET /events/popular [32m201[0m 466.302 ms - -[0m
2024-02-13 05:41:06 info: [0mGET /public/files/albums/postPictureda07b8dec1d8adb840b351638a025cc00102db791707831631598.jpeg [33m404[0m 4.716 ms - 228[0m
2024-02-13 05:41:06 info: [0mGET /events/popular [32m201[0m 425.646 ms - -[0m
2024-02-13 05:41:30 info: [0mGET /public/files/albums/postPictureda07b8dec1d8adb840b351638a025cc00102db791707831631598.jpeg [33m404[0m 3.668 ms - 228[0m
2024-02-13 05:42:35 info: [0mPOST /events [32m201[0m 506.818 ms - 716[0m
2024-02-13 05:42:44 info: [0mPOST /events/upload/b8dec1d8adb840b351638a025cc00102db79d7e2 [32m201[0m 8.584 ms - 59[0m
2024-02-13 05:43:09 info: [0mGET /events/popular [32m201[0m 470.455 ms - -[0m
2024-02-13 05:43:09 info: [0mGET /public/files/albums/postPictureb8dec1d8adb840b351638a025cc00102db79d7e21707831764392.jpeg [33m404[0m 3.299 ms - 228[0m
2024-02-13 05:43:09 info: [0mGET /events/popular [32m201[0m 416.914 ms - -[0m
2024-02-13 05:43:45 info: =================================
2024-02-13 05:43:45 info: ======= ENV: development =======
2024-02-13 05:43:45 info: 🚀 App listening on the port 8000
2024-02-13 05:43:45 info: =================================
2024-02-13 05:43:56 info: [0mPOST /events [32m201[0m 569.779 ms - 716[0m
2024-02-13 05:44:03 info: [0mPOST /events/upload/c4b226c9abf16a5281f16fa50748463ff24e3ca5 [32m201[0m 16.458 ms - 59[0m
2024-02-13 05:44:11 info: [0mGET /events/popular [32m201[0m 421.091 ms - -[0m
2024-02-13 05:44:11 info: [0mGET /public/files/albums/9djpgc4b226c9abf16a5281f16fa50748463ff24e3ca51707831843911.jpeg [33m404[0m 6.237 ms - 222[0m
2024-02-13 05:44:11 info: [0mGET /events/popular [32m201[0m 472.160 ms - -[0m
2024-02-13 05:44:49 info: [0mPOST /events [32m201[0m 492.850 ms - 716[0m
2024-02-13 05:44:56 info: [0mPOST /events/upload/26c9abf16a5281f16fa50748463ff24e3ca51241 [32m201[0m 6.147 ms - 59[0m
2024-02-13 05:45:06 info: [0mGET /events/popular [32m201[0m 458.405 ms - -[0m
2024-02-13 05:45:06 info: [0mGET /public/files/albums/360_F_108857365_lh5Pxn7ZW9StF3i1TE9u14mZFE5P7Ekjjpg26c9abf16a5281f16fa50748463ff24e3ca512411707831896224.jpeg [33m404[0m 3.801 ms - 268[0m
2024-02-13 05:45:07 info: [0mGET /events/popular [32m201[0m 479.296 ms - -[0m
2024-02-13 05:45:25 info: [0mGET /public/files/albums/360_F_108857365_lh5Pxn7ZW9StF3i1TE9u14mZFE5P7Ekjjpg26c9abf16a5281f16fa50748463ff24e3ca512411707831896224.jpeg [33m404[0m 2.277 ms - 268[0m
2024-02-13 05:48:24 info: [0mGET /public/files/albums/9djpg26c9abf16a5281f16fa50748463ff24e3ca512411707831896220.jpeg [33m404[0m 12.615 ms - 222[0m
2024-02-13 05:48:24 info: [0mGET /events/popular [32m201[0m 532.995 ms - -[0m
2024-02-13 05:48:25 info: [0mGET /events/popular [32m201[0m 447.895 ms - -[0m
2024-02-13 05:48:30 info: [0mGET /events/popular [32m201[0m 469.618 ms - -[0m
2024-02-13 05:48:30 info: [0mGET /public/files/albums/9djpg26c9abf16a5281f16fa50748463ff24e3ca512411707831896220.jpeg [33m404[0m 1.714 ms - 222[0m
2024-02-13 05:48:30 info: [0mGET /events/popular [32m201[0m 477.426 ms - -[0m
2024-02-13 05:48:53 info: [0mGET /events/popular [32m201[0m 443.432 ms - -[0m
2024-02-13 05:48:53 info: [0mGET /public/files/albums/9djpg26c9abf16a5281f16fa50748463ff24e3ca512411707831896220.jpeg [33m404[0m 2.607 ms - 222[0m
2024-02-13 05:48:54 info: [0mGET /events/popular [32m201[0m 427.307 ms - -[0m
2024-02-13 05:50:17 info: [0mGET /public/files/albums/9djpg26c9abf16a5281f16fa50748463ff24e3ca512411707831896220.jpeg [33m404[0m 2.914 ms - 222[0m
2024-02-13 05:51:22 info: [0mGET /public/files/albums/9djpg26c9abf16a5281f16fa50748463ff24e3ca512411707831896217.jpeg [32m200[0m 8.726 ms - 112518[0m
2024-02-13 05:51:23 info: [0mGET /favicon.ico [33m404[0m 0.796 ms - 150[0m
2024-02-13 05:53:02 info: =================================
2024-02-13 05:53:02 info: ======= ENV: development =======
2024-02-13 05:53:02 info: 🚀 App listening on the port 8000
2024-02-13 05:53:02 info: =================================
2024-02-13 05:53:19 info: [0mPOST /events [32m201[0m 713.467 ms - 716[0m
2024-02-13 05:53:29 info: [0mPOST /events/upload/693b563190a7d88028b58baa4bf8ce213b9e0975 [32m201[0m 24.451 ms - 59[0m
2024-02-13 05:53:53 info: [0mGET /events/popular [32m201[0m 442.596 ms - -[0m
2024-02-13 05:53:53 info: [0mGET /public/files/albums/postPicture693b563190a7d88028b58baa4bf8ce213b9e09751707832409344.jpeg [33m404[0m 6.283 ms - 228[0m
2024-02-13 05:53:54 info: [0mGET /events/popular [32m201[0m 434.853 ms - -[0m
2024-02-13 05:54:26 info: [0mGET /public/files/albums/postPicture693b563190a7d88028b58baa4bf8ce213b9e09751707832409344.jpeg [33m404[0m 4.092 ms - 228[0m
2024-02-13 05:54:52 info: [0mGET /public/files/albums/postPicture693b563190a7d88028b58baa4bf8ce213b9e09751707832409336.jpeg [32m200[0m 6.350 ms - 112518[0m
2024-02-13 05:55:09 info: [0mGET /public/files/albums/postPicture693b563190a7d88028b58baa4bf8ce213b9e09751707832409344.jpeg [33m404[0m 2.059 ms - 228[0m
2024-02-13 05:57:13 info: =================================
2024-02-13 05:57:13 info: ======= ENV: development =======
2024-02-13 05:57:13 info: 🚀 App listening on the port 8000
2024-02-13 05:57:13 info: =================================
2024-02-13 05:57:30 info: =================================
2024-02-13 05:57:30 info: ======= ENV: development =======
2024-02-13 05:57:30 info: 🚀 App listening on the port 8000
2024-02-13 05:57:30 info: =================================
2024-02-13 05:57:50 info: =================================
2024-02-13 05:57:50 info: ======= ENV: development =======
2024-02-13 05:57:50 info: 🚀 App listening on the port 8000
2024-02-13 05:57:50 info: =================================
2024-02-13 05:57:56 info: [0mPOST /events [32m201[0m 546.615 ms - 716[0m
2024-02-13 05:58:03 info: [0mPOST /events/upload/03e538c2f083ae6e9625e5e138e46b1186072d51 [32m201[0m 20.146 ms - 59[0m
2024-02-13 05:58:11 info: [0mGET /events/popular [32m201[0m 439.459 ms - -[0m
2024-02-13 05:58:11 info: [0mGET /public/files/albums/postPicture03e538c2f083ae6e9625e5e138e46b1186072d511707832683660.jpeg%7D [33m404[0m 5.661 ms - 231[0m
2024-02-13 05:58:12 info: [0mGET /events/popular [32m201[0m 430.796 ms - -[0m
2024-02-13 16:06:34 info: [0mGET /events/popular [32m201[0m 661.035 ms - -[0m
2024-02-13 16:06:34 info: [0mGET /public/files/albums/postPicture03e538c2f083ae6e9625e5e138e46b1186072d511707832683660.jpeg%7D [33m404[0m 7.160 ms - 231[0m
2024-02-13 16:06:34 info: [0mGET /events/popular [32m201[0m 430.168 ms - -[0m
