2024-02-28 04:07:37 info: =================================
2024-02-28 04:07:37 info: ======= ENV: development =======
2024-02-28 04:07:37 info: 🚀 App listening on the port 8000
2024-02-28 04:07:37 info: =================================
2024-02-28 04:07:42 info: [0mGET /events [32m201[0m 676.408 ms - -[0m
2024-02-28 04:07:42 info: [0mGET /public/files/albums/postPictured91583b95431bc7c99fdd971122a9db9931093e9.0.jpeg [32m200[0m 4.637 ms - 112518[0m
2024-02-28 04:07:42 info: [0mGET /public/files/albums/postPicture83b95431bc7c99fdd971122a9db9931093e92303.0.jpeg [32m200[0m 2.483 ms - 876278[0m
2024-02-28 04:07:42 info: [0mGET /public/files/albums/postPicturea7f891055719d0b7cdabec7c2f4f83154e68d05b.0.jpeg [32m200[0m 3.670 ms - 876278[0m
2024-02-28 04:07:43 info: [0mGET /events [32m201[0m 424.481 ms - -[0m
2024-02-28 04:17:10 info: [0mGET /events [32m201[0m 549.586 ms - -[0m
2024-02-28 04:17:11 info: [0mGET /public/files/albums/postPictured91583b95431bc7c99fdd971122a9db9931093e9.0.jpeg [32m200[0m 1.917 ms - 112518[0m
2024-02-28 04:17:11 info: [0mGET /public/files/albums/postPicture83b95431bc7c99fdd971122a9db9931093e92303.0.jpeg [32m200[0m 2.159 ms - 876278[0m
2024-02-28 04:17:11 info: [0mGET /public/files/albums/postPicturea7f891055719d0b7cdabec7c2f4f83154e68d05b.0.jpeg [32m200[0m 2.821 ms - 876278[0m
2024-02-28 04:17:11 info: [0mGET /events [32m201[0m 441.750 ms - -[0m
2024-02-28 04:20:36 info: [0mGET /events [32m201[0m 491.548 ms - -[0m
2024-02-28 04:20:36 info: [0mGET /public/files/albums/postPictured91583b95431bc7c99fdd971122a9db9931093e9.0.jpeg [32m200[0m 2.795 ms - 112518[0m
2024-02-28 04:20:36 info: [0mGET /public/files/albums/postPicturea7f891055719d0b7cdabec7c2f4f83154e68d05b.0.jpeg [32m200[0m 0.979 ms - 876278[0m
2024-02-28 04:20:36 info: [0mGET /public/files/albums/postPicture83b95431bc7c99fdd971122a9db9931093e92303.0.jpeg [32m200[0m 1.596 ms - 876278[0m
2024-02-28 04:20:36 info: [0mGET /events [32m201[0m 405.696 ms - -[0m
2024-02-28 04:20:40 info: [0mGET /events/packs [32m201[0m 425.977 ms - -[0m
2024-02-28 04:20:40 info: [0mGET /events/packs [32m201[0m 440.451 ms - -[0m
2024-02-28 04:20:47 info: [0mGET /events/popular [32m201[0m 447.843 ms - -[0m
2024-02-28 04:20:47 info: [0mGET /events [32m201[0m 448.240 ms - -[0m
2024-02-28 04:20:47 info: [0mGET /public/files/albums/postPictured91583b95431bc7c99fdd971122a9db9931093e9.0.jpeg [32m200[0m 0.659 ms - 112518[0m
2024-02-28 04:20:47 info: [0mGET /public/files/albums/postPicturea7f891055719d0b7cdabec7c2f4f83154e68d05b.0.jpeg [32m200[0m 2.975 ms - 876278[0m
2024-02-28 04:20:47 info: [0mGET /public/files/albums/postPicture83b95431bc7c99fdd971122a9db9931093e92303.0.jpeg [32m200[0m 2.507 ms - 876278[0m
2024-02-28 04:20:47 info: [0mGET /events/popular [32m201[0m 405.923 ms - -[0m
2024-02-28 04:20:47 info: [0mGET /events [32m201[0m 426.948 ms - -[0m
2024-02-28 04:21:17 info: [0mGET /events/popular [32m201[0m 483.906 ms - -[0m
2024-02-28 04:21:17 info: [0mGET /events [32m201[0m 493.936 ms - -[0m
2024-02-28 04:21:17 info: [0mGET /events/popular [32m201[0m 410.968 ms - -[0m
2024-02-28 04:21:17 info: [0mGET /events [32m201[0m 397.413 ms - -[0m
2024-02-28 04:21:23 info: [0mGET /events [32m201[0m 502.005 ms - -[0m
2024-02-28 04:21:24 info: [0mGET /events [32m201[0m 461.151 ms - -[0m
2024-02-28 04:21:32 info: [0mGET /events [32m201[0m 426.039 ms - -[0m
2024-02-28 04:21:32 info: [0mGET /events [32m201[0m 429.302 ms - -[0m
2024-02-28 04:21:44 info: [0mGET /events [32m201[0m 461.195 ms - -[0m
2024-02-28 04:21:44 info: [0mGET /public/files/albums/postPictured91583b95431bc7c99fdd971122a9db9931093e9.0.jpeg [32m200[0m 2.251 ms - 112518[0m
2024-02-28 04:21:44 info: [0mGET /public/files/albums/postPicturea7f891055719d0b7cdabec7c2f4f83154e68d05b.0.jpeg [32m200[0m 1.554 ms - 876278[0m
2024-02-28 04:21:44 info: [0mGET /public/files/albums/postPicture83b95431bc7c99fdd971122a9db9931093e92303.0.jpeg [32m200[0m 2.082 ms - 876278[0m
2024-02-28 04:21:45 info: [0mGET /events [32m201[0m 411.076 ms - -[0m
2024-02-28 04:21:47 info: [0mGET /events/popular [32m201[0m 471.880 ms - -[0m
2024-02-28 04:21:47 info: [0mGET /events [32m201[0m 436.362 ms - -[0m
2024-02-28 04:21:48 info: [0mGET /events/popular [32m201[0m 435.134 ms - -[0m
2024-02-28 04:21:48 info: [0mGET /events [32m201[0m 458.883 ms - -[0m
2024-02-28 04:34:04 info: =================================
2024-02-28 04:34:04 info: ======= ENV: development =======
2024-02-28 04:34:04 info: 🚀 App listening on the port 8000
2024-02-28 04:34:04 info: =================================
2024-02-28 04:46:40 info: [0mGET /events [32m201[0m 591.073 ms - -[0m
2024-02-28 04:46:40 info: [0mGET /public/files/albums/postPictured91583b95431bc7c99fdd971122a9db9931093e9.0.jpeg [32m200[0m 4.067 ms - 112518[0m
2024-02-28 04:46:40 info: [0mGET /public/files/albums/postPicturea7f891055719d0b7cdabec7c2f4f83154e68d05b.0.jpeg [32m200[0m 3.144 ms - 876278[0m
2024-02-28 04:46:40 info: [0mGET /public/files/albums/postPicture83b95431bc7c99fdd971122a9db9931093e92303.0.jpeg [32m200[0m 3.709 ms - 876278[0m
2024-02-28 04:46:40 info: [0mGET /events [32m201[0m 432.646 ms - -[0m
2024-02-28 04:46:42 info: [0mGET /public/files/albums/postPictured91583b95431bc7c99fdd971122a9db9931093e9.0.jpeg [32m200[0m 18.771 ms - 112518[0m
2024-02-28 04:46:42 info: [0mGET /public/files/albums/postPicture83b95431bc7c99fdd971122a9db9931093e92303.0.jpeg [32m200[0m 24.223 ms - 876278[0m
2024-02-28 04:46:42 info: [0mGET /public/files/albums/postPicturea7f891055719d0b7cdabec7c2f4f83154e68d05b.0.jpeg [32m200[0m 20.067 ms - 876278[0m
2024-02-28 04:46:43 info: [0mGET /events/popular [32m201[0m 506.014 ms - -[0m
2024-02-28 04:46:43 info: [0mGET /events [32m201[0m 467.657 ms - -[0m
2024-02-28 04:46:43 info: [0mGET /events/popular [32m201[0m 426.840 ms - -[0m
2024-02-28 04:46:43 info: [0mGET /events [32m201[0m 422.455 ms - -[0m
2024-02-28 04:51:02 info: [0mGET /events/popular [32m201[0m 489.171 ms - -[0m
2024-02-28 04:51:02 info: [0mGET /events [32m201[0m 505.455 ms - -[0m
2024-02-28 04:51:02 info: [0mGET /public/files/albums/postPictured91583b95431bc7c99fdd971122a9db9931093e9.0.jpeg [32m200[0m 7.625 ms - 112518[0m
2024-02-28 04:51:02 info: [0mGET /public/files/albums/postPicturea7f891055719d0b7cdabec7c2f4f83154e68d05b.0.jpeg [32m200[0m 5.695 ms - 876278[0m
2024-02-28 04:51:02 info: [0mGET /public/files/albums/postPicture83b95431bc7c99fdd971122a9db9931093e92303.0.jpeg [32m200[0m 5.226 ms - 876278[0m
2024-02-28 04:51:02 info: [0mGET /events/popular [32m201[0m 414.562 ms - -[0m
2024-02-28 04:51:02 info: [0mGET /events [32m201[0m 435.255 ms - -[0m
2024-02-28 04:51:13 info: [0mGET /events/packs [32m201[0m 458.983 ms - -[0m
2024-02-28 04:51:13 info: [0mGET /events/packs [32m201[0m 415.783 ms - -[0m
2024-02-28 04:51:34 info: [0mOPTIONS /signup [32m204[0m 2.073 ms - 0[0m
2024-02-28 04:51:34 info: [0mOPTIONS /events/buyPack [32m204[0m 0.132 ms - 0[0m
2024-02-28 04:51:34 info: [0mPOST /signup [33m400[0m 579.068 ms - 63[0m
2024-02-28 04:51:42 info: [0mOPTIONS /signup [32m204[0m 0.175 ms - 0[0m
2024-02-28 04:51:42 info: [0mOPTIONS /events/buyPack [32m204[0m 0.122 ms - 0[0m
2024-02-28 04:51:43 info: [0mPOST /signup [33m400[0m 482.507 ms - 65[0m
2024-02-28 04:51:52 info: [0mOPTIONS /signup [32m204[0m 0.177 ms - 0[0m
2024-02-28 04:51:52 info: [0mOPTIONS /events/buyPack [32m204[0m 0.145 ms - 0[0m
2024-02-28 04:51:53 info: [0mPOST /signup [32m201[0m 732.987 ms - 502[0m
2024-02-28 04:52:01 info: [0mGET /events [32m201[0m 593.650 ms - -[0m
2024-02-28 04:52:01 info: [0mGET /events/popular [32m201[0m 653.976 ms - -[0m
2024-02-28 04:52:02 info: [0mGET /events [32m201[0m 431.939 ms - -[0m
2024-02-28 04:52:02 info: [0mGET /events/popular [32m201[0m 416.089 ms - -[0m
2024-02-28 04:52:45 info: [0mPOST /events/buyPack [0m-[0m - ms - -[0m
2024-02-28 04:52:45 info: [0mPOST /events/buyPack [0m-[0m - ms - -[0m
2024-02-28 04:52:45 info: [0mPOST /events/buyPack [0m-[0m - ms - -[0m
2024-02-28 04:52:46 info: [0mGET /events [32m201[0m 446.842 ms - -[0m
2024-02-28 04:52:47 info: [0mGET /events/popular [32m201[0m 498.558 ms - -[0m
2024-02-28 04:52:47 info: [0mGET /public/files/albums/postPictured91583b95431bc7c99fdd971122a9db9931093e9.0.jpeg [32m200[0m 1.937 ms - 112518[0m
2024-02-28 04:52:47 info: [0mGET /public/files/albums/postPicturea7f891055719d0b7cdabec7c2f4f83154e68d05b.0.jpeg [32m200[0m 1.459 ms - 876278[0m
2024-02-28 04:52:47 info: [0mGET /public/files/albums/postPicture83b95431bc7c99fdd971122a9db9931093e92303.0.jpeg [32m200[0m 1.479 ms - 876278[0m
2024-02-28 04:52:47 info: [0mGET /events [32m201[0m 394.786 ms - -[0m
2024-02-28 04:52:47 info: [0mGET /events/popular [32m201[0m 463.008 ms - -[0m
2024-02-28 07:02:18 info: [0mGET /events/popular [0m-[0m - ms - -[0m
2024-02-28 07:02:18 info: [0mGET /events [0m-[0m - ms - -[0m
2024-02-28 07:03:23 info: [0mGET /events/popular [32m201[0m 446.637 ms - -[0m
2024-02-28 07:03:23 info: [0mGET /public/files/albums/postPictured91583b95431bc7c99fdd971122a9db9931093e9.0.jpeg [32m200[0m 3.466 ms - 112518[0m
2024-02-28 07:03:23 info: [0mGET /public/files/albums/postPicture83b95431bc7c99fdd971122a9db9931093e92303.0.jpeg [32m200[0m 4.172 ms - 876278[0m
2024-02-28 07:03:23 info: [0mGET /public/files/albums/postPicturea7f891055719d0b7cdabec7c2f4f83154e68d05b.0.jpeg [32m200[0m 3.672 ms - 876278[0m
2024-02-28 07:03:23 info: [0mGET /events [32m201[0m 687.958 ms - -[0m
2024-02-28 07:03:23 info: [0mGET /events/popular [32m201[0m 439.448 ms - -[0m
2024-02-28 07:03:23 info: [0mGET /events [32m201[0m 415.011 ms - -[0m
2024-02-28 08:00:10 info: [0mGET /events [32m201[0m 581.414 ms - -[0m
2024-02-28 08:00:10 info: [0mGET /public/files/albums/postPictured91583b95431bc7c99fdd971122a9db9931093e9.0.jpeg [32m200[0m 3.605 ms - 112518[0m
2024-02-28 08:00:10 info: [0mGET /public/files/albums/postPicturea7f891055719d0b7cdabec7c2f4f83154e68d05b.0.jpeg [32m200[0m 3.651 ms - 876278[0m
2024-02-28 08:00:10 info: [0mGET /public/files/albums/postPicture83b95431bc7c99fdd971122a9db9931093e92303.0.jpeg [32m200[0m 2.390 ms - 876278[0m
2024-02-28 08:00:10 info: [0mGET /events [32m201[0m 440.963 ms - -[0m
2024-02-28 08:00:29 info: [0mGET /events [32m201[0m 473.225 ms - -[0m
2024-02-28 08:00:29 info: [0mGET /events [32m201[0m 470.353 ms - -[0m
2024-02-28 08:00:51 info: [0mGET /events [32m201[0m 484.845 ms - -[0m
2024-02-28 08:00:52 info: [0mGET /events [32m201[0m 429.145 ms - -[0m
2024-02-28 08:01:30 info: [0mGET /events [32m201[0m 460.629 ms - -[0m
2024-02-28 08:01:30 info: [0mGET /public/files/albums/postPictured91583b95431bc7c99fdd971122a9db9931093e9.0.jpeg [32m200[0m 1.010 ms - 112518[0m
2024-02-28 08:01:30 info: [0mGET /public/files/albums/postPicture83b95431bc7c99fdd971122a9db9931093e92303.0.jpeg [32m200[0m 1.516 ms - 876278[0m
2024-02-28 08:01:30 info: [0mGET /public/files/albums/postPicturea7f891055719d0b7cdabec7c2f4f83154e68d05b.0.jpeg [32m200[0m 1.193 ms - 876278[0m
2024-02-28 08:01:30 info: [0mGET /events [32m201[0m 425.569 ms - -[0m
2024-02-28 08:01:48 info: [0mGET /events [32m201[0m 452.492 ms - -[0m
2024-02-28 08:01:49 info: [0mGET /events [32m201[0m 453.134 ms - -[0m
2024-02-28 08:03:49 info: [0mGET /events [32m201[0m 444.675 ms - -[0m
2024-02-28 08:03:50 info: [0mGET /public/files/albums/postPictured91583b95431bc7c99fdd971122a9db9931093e9.0.jpeg [32m200[0m 3.222 ms - 112518[0m
2024-02-28 08:03:50 info: [0mGET /public/files/albums/postPicture83b95431bc7c99fdd971122a9db9931093e92303.0.jpeg [32m200[0m 0.977 ms - 876278[0m
2024-02-28 08:03:50 info: [0mGET /public/files/albums/postPicturea7f891055719d0b7cdabec7c2f4f83154e68d05b.0.jpeg [32m200[0m 3.724 ms - 876278[0m
2024-02-28 08:03:50 info: [0mGET /events [32m201[0m 432.197 ms - -[0m
2024-02-28 08:04:45 info: [0mGET /events [32m201[0m 474.440 ms - -[0m
2024-02-28 08:04:45 info: [0mGET /events [32m201[0m 466.403 ms - -[0m
2024-02-28 08:05:02 info: [0mGET /events [32m201[0m 434.545 ms - -[0m
2024-02-28 08:05:03 info: [0mGET /public/files/albums/postPictured91583b95431bc7c99fdd971122a9db9931093e9.0.jpeg [32m200[0m 0.872 ms - 112518[0m
2024-02-28 08:05:03 info: [0mGET /public/files/albums/postPicturea7f891055719d0b7cdabec7c2f4f83154e68d05b.0.jpeg [32m200[0m 1.324 ms - 876278[0m
2024-02-28 08:05:03 info: [0mGET /public/files/albums/postPicture83b95431bc7c99fdd971122a9db9931093e92303.0.jpeg [32m200[0m 0.952 ms - 876278[0m
2024-02-28 08:05:03 info: [0mGET /events [32m201[0m 431.137 ms - -[0m
2024-02-28 08:05:08 info: [0mGET /events [32m201[0m 438.029 ms - -[0m
2024-02-28 08:05:09 info: [0mGET /events [32m201[0m 427.945 ms - -[0m
2024-02-28 08:05:30 info: [0mGET /events [32m201[0m 481.149 ms - -[0m
2024-02-28 08:05:31 info: [0mGET /events [32m201[0m 430.208 ms - -[0m
2024-02-28 08:05:32 info: [0mGET /events [32m201[0m 415.820 ms - -[0m
2024-02-28 08:05:33 info: [0mGET /events [32m201[0m 432.884 ms - -[0m
2024-02-28 08:05:37 info: [0mGET /events [32m201[0m 455.734 ms - -[0m
2024-02-28 08:05:38 info: [0mGET /events [32m201[0m 429.386 ms - -[0m
2024-02-28 08:06:07 info: [0mGET /events [32m201[0m 487.476 ms - -[0m
2024-02-28 08:06:07 info: [0mGET /public/files/albums/postPictured91583b95431bc7c99fdd971122a9db9931093e9.0.jpeg [32m200[0m 1.906 ms - 112518[0m
2024-02-28 08:06:07 info: [0mGET /public/files/albums/postPicture83b95431bc7c99fdd971122a9db9931093e92303.0.jpeg [32m200[0m 0.667 ms - 876278[0m
2024-02-28 08:06:07 info: [0mGET /public/files/albums/postPicturea7f891055719d0b7cdabec7c2f4f83154e68d05b.0.jpeg [32m200[0m 1.186 ms - 876278[0m
2024-02-28 08:06:08 info: [0mGET /events [32m201[0m 454.234 ms - -[0m
2024-02-28 08:06:20 info: [0mGET /events [32m201[0m 474.852 ms - -[0m
2024-02-28 08:06:20 info: [0mGET /events [32m201[0m 432.869 ms - -[0m
2024-02-28 08:06:28 info: [0mGET /events/packs [32m201[0m 528.886 ms - -[0m
2024-02-28 08:06:28 info: [0mGET /events/packs [32m201[0m 408.466 ms - -[0m
2024-02-28 08:06:33 info: [0mGET /events [32m201[0m 441.596 ms - -[0m
2024-02-28 08:06:33 info: [0mGET /events/popular [32m201[0m 449.842 ms - -[0m
2024-02-28 08:06:33 info: [0mGET /public/files/albums/postPictured91583b95431bc7c99fdd971122a9db9931093e9.0.jpeg [32m200[0m 1.592 ms - 112518[0m
2024-02-28 08:06:33 info: [0mGET /public/files/albums/postPicture83b95431bc7c99fdd971122a9db9931093e92303.0.jpeg [32m200[0m 1.662 ms - 876278[0m
2024-02-28 08:06:33 info: [0mGET /public/files/albums/postPicturea7f891055719d0b7cdabec7c2f4f83154e68d05b.0.jpeg [32m200[0m 1.441 ms - 876278[0m
2024-02-28 08:06:33 info: [0mGET /events/popular [32m201[0m 444.401 ms - -[0m
2024-02-28 08:06:33 info: [0mGET /events [32m201[0m 474.184 ms - -[0m
2024-02-28 08:09:03 info: [0mGET /events/popular [0m-[0m - ms - -[0m
2024-02-28 08:09:03 info: [0mGET /events [0m-[0m - ms - -[0m
2024-02-28 08:27:15 info: [0mGET /events [32m201[0m 632.005 ms - -[0m
2024-02-28 08:27:15 info: [0mGET /events/popular [32m201[0m 672.695 ms - -[0m
2024-02-28 08:27:15 info: [0mGET /public/files/albums/postPictured91583b95431bc7c99fdd971122a9db9931093e9.0.jpeg [32m200[0m 5.158 ms - 112518[0m
2024-02-28 08:27:15 info: [0mGET /public/files/albums/postPicturea7f891055719d0b7cdabec7c2f4f83154e68d05b.0.jpeg [32m200[0m 6.706 ms - 876278[0m
2024-02-28 08:27:15 info: [0mGET /public/files/albums/postPicture83b95431bc7c99fdd971122a9db9931093e92303.0.jpeg [32m200[0m 5.675 ms - 876278[0m
2024-02-28 08:27:15 info: [0mGET /events [32m201[0m 405.858 ms - -[0m
2024-02-28 08:27:15 info: [0mGET /events/popular [32m201[0m 400.468 ms - -[0m
2024-02-28 08:37:58 info: [0mGET /events [32m201[0m 550.685 ms - -[0m
2024-02-28 08:37:58 info: [0mGET /public/files/albums/postPictured91583b95431bc7c99fdd971122a9db9931093e9.0.jpeg [32m200[0m 3.015 ms - 112518[0m
2024-02-28 08:37:58 info: [0mGET /public/files/albums/postPicturea7f891055719d0b7cdabec7c2f4f83154e68d05b.0.jpeg [32m200[0m 3.220 ms - 876278[0m
2024-02-28 08:37:58 info: [0mGET /public/files/albums/postPicture83b95431bc7c99fdd971122a9db9931093e92303.0.jpeg [32m200[0m 3.940 ms - 876278[0m
2024-02-28 08:37:59 info: [0mGET /events [32m201[0m 427.068 ms - -[0m
2024-02-28 08:38:06 info: [0mGET /events/packs [32m201[0m 499.185 ms - -[0m
2024-02-28 08:38:06 info: [0mGET /events/packs [32m201[0m 458.283 ms - -[0m
2024-02-28 08:38:11 info: [0mGET /events [32m201[0m 426.033 ms - -[0m
2024-02-28 08:38:11 info: [0mGET /events/popular [32m201[0m 441.205 ms - -[0m
2024-02-28 08:38:11 info: [0mGET /public/files/albums/postPictured91583b95431bc7c99fdd971122a9db9931093e9.0.jpeg [32m200[0m 0.847 ms - 112518[0m
2024-02-28 08:38:11 info: [0mGET /public/files/albums/postPicture83b95431bc7c99fdd971122a9db9931093e92303.0.jpeg [32m200[0m 1.029 ms - 876278[0m
2024-02-28 08:38:11 info: [0mGET /public/files/albums/postPicturea7f891055719d0b7cdabec7c2f4f83154e68d05b.0.jpeg [32m200[0m 0.907 ms - 876278[0m
2024-02-28 08:38:12 info: [0mGET /events/popular [32m201[0m 410.030 ms - -[0m
2024-02-28 08:38:12 info: [0mGET /events [32m201[0m 451.290 ms - -[0m
2024-02-28 08:52:49 info: [0mGET /events [32m201[0m 641.471 ms - -[0m
2024-02-28 08:52:49 info: [0mGET /public/files/albums/postPictured91583b95431bc7c99fdd971122a9db9931093e9.0.jpeg [32m200[0m 6.833 ms - 112518[0m
2024-02-28 08:52:49 info: [0mGET /public/files/albums/postPicturea7f891055719d0b7cdabec7c2f4f83154e68d05b.0.jpeg [32m200[0m 4.688 ms - 876278[0m
2024-02-28 08:52:49 info: [0mGET /public/files/albums/postPicture83b95431bc7c99fdd971122a9db9931093e92303.0.jpeg [32m200[0m 4.740 ms - 876278[0m
2024-02-28 08:52:50 info: [0mGET /events [32m201[0m 409.726 ms - -[0m
