2024-03-30 09:11:38 info: =================================
2024-03-30 09:11:38 info: ======= ENV: development =======
2024-03-30 09:11:38 info: 🚀 App listening on the port 8000
2024-03-30 09:11:38 info: =================================
2024-03-30 09:12:26 info: =================================
2024-03-30 09:12:26 info: ======= ENV: development =======
2024-03-30 09:12:26 info: 🚀 App listening on the port 8000
2024-03-30 09:12:26 info: =================================
2024-03-30 09:14:20 info: [0mGET /events/packss [33m404[0m 45.316 ms - 152[0m
2024-03-30 09:14:41 info: [0mGET /events/packs [0m-[0m - ms - -[0m
2024-03-30 09:14:43 info: [0mGET /events/packs [32m201[0m 1634.192 ms - -[0m
2024-03-30 09:16:10 info: [0mGET /events [32m201[0m 982.400 ms - -[0m
2024-03-30 09:16:11 info: [0mGET /public/files/albums/postPicture6f22bd3cffb466d48b4449caad750886cd5196be32032024.0.jpeg [32m200[0m 10.598 ms - 112518[0m
2024-03-30 09:16:11 info: [0mGET /events/private [32m201[0m 1985.599 ms - -[0m
2024-03-30 09:16:12 info: [0mGET /public/files/albums/postPictureebb14c20df6b2f6338d6f0f8f4c202005d0202ec50032024.0.jpeg [32m200[0m 31.064 ms - 184815[0m
2024-03-30 09:16:12 info: [0mGET /public/files/albums/postPicture20df6b2f6338d6f0f8f4c202005d0202ec5b387701032024.0.jpeg [32m200[0m 6.229 ms - 46756[0m
2024-03-30 09:16:12 info: [0mGET /public/files/albums/postPictureae1f84144937bf46327696a506b3c1075229fe6e36032024.0.jpeg [32m200[0m 1.278 ms - 112518[0m
2024-03-30 09:16:12 info: [0mGET /public/files/albums/postPicture14c20df6b2f6338d6f0f8f4c202005d0202ec5b308032024.0.jpeg [32m200[0m 10.510 ms - 575505[0m
2024-03-30 09:16:12 info: [0mGET /public/files/albums/postPicture59920180613d4829e916469c0d21a21aec0c6b0522032024.0.jpeg [32m200[0m 3.396 ms - 184815[0m
2024-03-30 09:16:12 info: [0mGET /public/files/albums/postPicturef177743ca3a2e5b6521ec3a62ce3e3807b4e1a9150032024.0.jpeg [32m200[0m 6.199 ms - 46756[0m
2024-03-30 09:16:12 info: [0mGET /public/files/albums/postPicture20180613d4829e916469c0d21a21aec0c6b05c8927032024.0.jpeg [32m200[0m 8.784 ms - 575505[0m
2024-03-30 09:16:13 info: [0mGET /public/files/albums/postPicturef6b2f6338d6f0f8f4c202005d0202ec5b38776a355032024.0.jpeg [32m200[0m 4.665 ms - 81950[0m
2024-03-30 09:16:13 info: [0mGET /events/private [32m201[0m 1870.777 ms - -[0m
2024-03-30 09:16:13 info: [0mGET /public/files/albums/postPicture743ca3a2e5b6521ec3a62ce3e3807b4e1a91c1e442032024.0.jpeg [32m200[0m 2.344 ms - 33272[0m
2024-03-30 09:16:14 info: [0mGET /public/files/albums/postPicture2f6338d6f0f8f4c202005d0202ec5b38776a301153032024.0.jpeg [32m200[0m 7.121 ms - 145776[0m
2024-03-30 09:16:14 info: [0mGET /public/files/albums/postPictureca3a2e5b6521ec3a62ce3e3807b4e1a91c1e491b59032024.0.jpeg [32m200[0m 8.414 ms - 145776[0m
2024-03-30 09:16:14 info: [0mGET /public/files/albums/postPicture8d6f0f8f4c202005d0202ec5b38776a30110d58805032024.0.jpeg [32m200[0m 4.193 ms - 123873[0m
2024-03-30 09:16:14 info: [0mGET /public/files/albums/postPicturef0f8f4c202005d0202ec5b38776a30110d588d7007032024.0.jpeg [32m200[0m 2.042 ms - 295932[0m
2024-03-30 09:16:17 info: [0mGET /public/files/albums/postPicture8f4c202005d0202ec5b38776a30110d588d7028a17032024.0.jpeg [32m200[0m 5.839 ms - 42108[0m
2024-03-30 09:16:17 info: [0mGET /events [0m-[0m - ms - -[0m
2024-03-30 09:16:20 info: [0mGET /events [32m201[0m 864.232 ms - -[0m
2024-03-30 09:16:20 info: [0mGET /public/files/albums/postPicture6f22bd3cffb466d48b4449caad750886cd5196be32032024.0.jpeg [32m200[0m 2.092 ms - 112518[0m
2024-03-30 09:16:20 info: [0mGET /public/files/albums/postPicture20df6b2f6338d6f0f8f4c202005d0202ec5b387701032024.0.jpeg [32m200[0m 10.920 ms - 46756[0m
2024-03-30 09:16:20 info: [0mGET /public/files/albums/postPicturef6b2f6338d6f0f8f4c202005d0202ec5b38776a355032024.0.jpeg [32m200[0m 10.532 ms - 81950[0m
2024-03-30 09:16:20 info: [0mGET /public/files/albums/postPictureebb14c20df6b2f6338d6f0f8f4c202005d0202ec50032024.0.jpeg [32m200[0m 10.785 ms - 184815[0m
2024-03-30 09:16:20 info: [0mGET /public/files/albums/postPicture2f6338d6f0f8f4c202005d0202ec5b38776a301153032024.0.jpeg [32m200[0m 7.103 ms - 145776[0m
2024-03-30 09:16:20 info: [0mGET /public/files/albums/postPicture8d6f0f8f4c202005d0202ec5b38776a30110d58805032024.0.jpeg [32m200[0m 2.256 ms - 123873[0m
2024-03-30 09:16:20 info: [0mGET /public/files/albums/postPicture14c20df6b2f6338d6f0f8f4c202005d0202ec5b308032024.0.jpeg [32m200[0m 11.505 ms - 575505[0m
2024-03-30 09:16:20 info: [0mGET /public/files/albums/postPicture8f4c202005d0202ec5b38776a30110d588d7028a17032024.0.jpeg [32m200[0m 0.737 ms - 42108[0m
2024-03-30 09:16:20 info: [0mGET /public/files/albums/postPicture2005d0202ec5b38776a30110d588d7028a5be55945032024.0.jpeg [32m200[0m 0.848 ms - 185098[0m
2024-03-30 09:16:20 info: [0mGET /public/files/albums/postPicturef0f8f4c202005d0202ec5b38776a30110d588d7007032024.0.jpeg [32m200[0m 0.893 ms - 295932[0m
2024-03-30 09:16:20 info: [0mGET /public/files/albums/postPicture02ec5b38776a30110d588d7028a5be5591d5838e59032024.0.jpeg [32m200[0m 4.194 ms - 64637[0m
2024-03-30 09:16:20 info: [0mGET /public/files/albums/postPicture5d0202ec5b38776a30110d588d7028a5be5591d517032024.0.jpeg [32m200[0m 3.153 ms - 11458[0m
2024-03-30 09:16:20 info: [0mGET /public/files/albums/postPicturec5b38776a30110d588d7028a5be5591d5838e0a400032024.0.jpeg [32m200[0m 21.112 ms - 101019[0m
2024-03-30 09:16:20 info: [0mGET /events [32m201[0m 811.262 ms - -[0m
2024-03-30 09:16:23 info: [0mGET /events/packs [32m201[0m 1579.753 ms - -[0m
2024-03-30 09:16:23 info: [0mGET /public/files/albums/postPicture5d0202ec5b38776a30110d588d7028a5be5591d517032024.0.jpeg [32m200[0m 2.673 ms - 11458[0m
2024-03-30 09:16:23 info: [0mGET /public/files/albums/postPicture2005d0202ec5b38776a30110d588d7028a5be55945032024.0.jpeg [32m200[0m 1.905 ms - 185098[0m
2024-03-30 09:17:17 info: =================================
2024-03-30 09:17:17 info: ======= ENV: development =======
2024-03-30 09:17:17 info: 🚀 App listening on the port 8000
2024-03-30 09:17:17 info: =================================
2024-03-30 09:17:31 info: =================================
2024-03-30 09:17:31 info: ======= ENV: development =======
2024-03-30 09:17:31 info: 🚀 App listening on the port 8000
2024-03-30 09:17:31 info: =================================
2024-03-30 09:17:33 info: [0mGET /events [32m201[0m 1100.806 ms - -[0m
2024-03-30 09:17:34 info: [0mGET /public/files/albums/postPicture20df6b2f6338d6f0f8f4c202005d0202ec5b387701032024.0.jpeg [32m200[0m 12.092 ms - 46756[0m
2024-03-30 09:17:34 info: [0mGET /public/files/albums/postPicture6f22bd3cffb466d48b4449caad750886cd5196be32032024.0.jpeg [32m200[0m 12.276 ms - 112518[0m
2024-03-30 09:17:34 info: [0mGET /public/files/albums/postPictureebb14c20df6b2f6338d6f0f8f4c202005d0202ec50032024.0.jpeg [32m200[0m 11.803 ms - 184815[0m
2024-03-30 09:17:34 info: [0mGET /public/files/albums/postPicturef6b2f6338d6f0f8f4c202005d0202ec5b38776a355032024.0.jpeg [32m200[0m 11.282 ms - 81950[0m
2024-03-30 09:17:34 info: [0mGET /events/private [32m201[0m 1818.431 ms - -[0m
2024-03-30 09:17:34 info: [0mGET /public/files/albums/postPicture14c20df6b2f6338d6f0f8f4c202005d0202ec5b308032024.0.jpeg [32m200[0m 11.667 ms - 575505[0m
2024-03-30 09:17:34 info: [0mGET /events [32m201[0m 875.778 ms - -[0m
2024-03-30 09:17:34 info: [0mGET /public/files/albums/postPicture743ca3a2e5b6521ec3a62ce3e3807b4e1a91c1e442032024.0.jpeg [32m200[0m 13.250 ms - 33272[0m
2024-03-30 09:17:34 info: [0mGET /public/files/albums/postPicturef177743ca3a2e5b6521ec3a62ce3e3807b4e1a9150032024.0.jpeg [32m200[0m 6.343 ms - 46756[0m
2024-03-30 09:17:34 info: [0mGET /public/files/albums/postPictureae1f84144937bf46327696a506b3c1075229fe6e36032024.0.jpeg [32m200[0m 7.624 ms - 112518[0m
2024-03-30 09:17:34 info: [0mGET /public/files/albums/postPicture59920180613d4829e916469c0d21a21aec0c6b0522032024.0.jpeg [32m200[0m 12.275 ms - 184815[0m
2024-03-30 09:17:34 info: [0mGET /public/files/albums/postPicture20180613d4829e916469c0d21a21aec0c6b05c8927032024.0.jpeg [32m200[0m 10.588 ms - 575505[0m
2024-03-30 09:17:36 info: [0mGET /events/private [32m201[0m 1790.967 ms - -[0m
2024-03-30 09:17:36 info: [0mGET /public/files/albums/postPicture2f6338d6f0f8f4c202005d0202ec5b38776a301153032024.0.jpeg [32m200[0m 5.076 ms - 145776[0m
2024-03-30 09:17:36 info: [0mGET /public/files/albums/postPictureca3a2e5b6521ec3a62ce3e3807b4e1a91c1e491b59032024.0.jpeg [32m200[0m 14.824 ms - 145776[0m
2024-03-30 09:19:10 info: =================================
2024-03-30 09:19:10 info: ======= ENV: development =======
2024-03-30 09:19:10 info: 🚀 App listening on the port 8000
2024-03-30 09:19:10 info: =================================
2024-03-30 09:20:26 info: [0mGET /public/files/albums/postPicturef6b2f6338d6f0f8f4c202005d0202ec5b38776a305032024.0.jpeg [32m200[0m 21.387 ms - 33272[0m
2024-03-30 09:20:26 info: [0mGET /public/files/albums/postPicturef6b2f6338d6f0f8f4c202005d0202ec5b38776a355032024.0.jpeg [32m200[0m 47.452 ms - 81950[0m
2024-03-30 09:20:29 info: [0mGET /events [32m201[0m 1288.236 ms - -[0m
2024-03-30 09:20:30 info: [0mGET /events [32m201[0m 980.059 ms - -[0m
2024-03-30 09:21:00 info: [0mGET /events/private [32m201[0m 32905.057 ms - -[0m
2024-03-30 09:21:10 info: =================================
2024-03-30 09:21:10 info: ======= ENV: development =======
2024-03-30 09:21:10 info: 🚀 App listening on the port 8000
2024-03-30 09:21:10 info: =================================
2024-03-30 09:21:16 info: [0mGET /events [32m201[0m 1112.584 ms - -[0m
2024-03-30 09:21:16 info: [0mGET /public/files/albums/postPicture20df6b2f6338d6f0f8f4c202005d0202ec5b387701032024.0.jpeg [32m200[0m 3.582 ms - 46756[0m
2024-03-30 09:21:16 info: [0mGET /public/files/albums/postPicture6f22bd3cffb466d48b4449caad750886cd5196be32032024.0.jpeg [32m200[0m 4.762 ms - 112518[0m
2024-03-30 09:21:16 info: [0mGET /public/files/albums/postPicturef6b2f6338d6f0f8f4c202005d0202ec5b38776a355032024.0.jpeg [32m200[0m 3.236 ms - 81950[0m
2024-03-30 09:21:16 info: [0mGET /public/files/albums/postPictureebb14c20df6b2f6338d6f0f8f4c202005d0202ec50032024.0.jpeg [32m200[0m 3.315 ms - 184815[0m
2024-03-30 09:21:16 info: [0mGET /public/files/albums/postPicture14c20df6b2f6338d6f0f8f4c202005d0202ec5b308032024.0.jpeg [32m200[0m 4.055 ms - 575505[0m
2024-03-30 09:21:17 info: [0mGET /events [32m201[0m 1130.259 ms - -[0m
2024-03-30 09:21:18 info: [0mGET /public/files/albums/postPicture2f6338d6f0f8f4c202005d0202ec5b38776a301153032024.0.jpeg [32m200[0m 5.742 ms - 145776[0m
2024-03-30 09:21:21 info: [0mGET /public/files/albums/postPicture8d6f0f8f4c202005d0202ec5b38776a30110d58805032024.0.jpeg [32m200[0m 6.707 ms - 123873[0m
2024-03-30 09:21:23 info: [0mGET /public/files/albums/postPicturef0f8f4c202005d0202ec5b38776a30110d588d7007032024.0.jpeg [32m200[0m 2.926 ms - 295932[0m
2024-03-30 09:21:25 info: [0mGET /public/files/albums/postPicture8f4c202005d0202ec5b38776a30110d588d7028a17032024.0.jpeg [32m200[0m 4.063 ms - 42108[0m
2024-03-30 09:21:28 info: [0mGET /public/files/albums/postPicture2005d0202ec5b38776a30110d588d7028a5be55945032024.0.jpeg [32m200[0m 6.449 ms - 185098[0m
2024-03-30 09:21:30 info: [0mGET /events/private [0m-[0m - ms - -[0m
2024-03-30 09:21:32 info: [0mGET /events [32m201[0m 874.531 ms - -[0m
2024-03-30 09:21:32 info: [0mGET /events/private [32m201[0m 1811.939 ms - -[0m
2024-03-30 09:21:33 info: [0mGET /public/files/albums/postPicturef177743ca3a2e5b6521ec3a62ce3e3807b4e1a9150032024.0.jpeg [32m200[0m 3.020 ms - 46756[0m
2024-03-30 09:21:33 info: [0mGET /public/files/albums/postPicture743ca3a2e5b6521ec3a62ce3e3807b4e1a91c1e442032024.0.jpeg [32m200[0m 2.971 ms - 33272[0m
2024-03-30 09:21:33 info: [0mGET /public/files/albums/postPictureae1f84144937bf46327696a506b3c1075229fe6e36032024.0.jpeg [32m200[0m 4.414 ms - 112518[0m
2024-03-30 09:21:33 info: [0mGET /public/files/albums/postPicture59920180613d4829e916469c0d21a21aec0c6b0522032024.0.jpeg [32m200[0m 7.256 ms - 184815[0m
2024-03-30 09:21:33 info: [0mGET /public/files/albums/postPicture20180613d4829e916469c0d21a21aec0c6b05c8927032024.0.jpeg [32m200[0m 5.708 ms - 575505[0m
2024-03-30 09:21:33 info: [0mGET /events [32m201[0m 1050.672 ms - -[0m
2024-03-30 09:21:35 info: [0mGET /public/files/albums/postPictureca3a2e5b6521ec3a62ce3e3807b4e1a91c1e491b59032024.0.jpeg [32m200[0m 2.177 ms - 145776[0m
2024-03-30 09:21:45 info: [0mGET /public/files/albums/postPicture5d0202ec5b38776a30110d588d7028a5be5591d517032024.0.jpeg [32m200[0m 5.364 ms - 11458[0m
2024-03-30 09:21:48 info: [0mGET /public/files/albums/postPicture02ec5b38776a30110d588d7028a5be5591d5838e59032024.0.jpeg [32m200[0m 3.293 ms - 64637[0m
2024-03-30 09:21:56 info: =================================
2024-03-30 09:21:56 info: ======= ENV: development =======
2024-03-30 09:21:56 info: 🚀 App listening on the port 8000
2024-03-30 09:21:56 info: =================================
2024-03-30 09:22:01 info: [0mGET /events [32m201[0m 949.097 ms - -[0m
2024-03-30 09:22:02 info: [0mGET /events/private [32m201[0m 1761.704 ms - -[0m
2024-03-30 09:22:02 info: [0mGET /events [32m201[0m 957.253 ms - -[0m
2024-03-30 09:22:04 info: [0mGET /events/private [32m201[0m 1995.089 ms - -[0m
2024-03-30 09:22:07 info: [0mGET /events [32m201[0m 937.170 ms - -[0m
2024-03-30 09:22:07 info: [0mGET /public/files/albums/postPicture20df6b2f6338d6f0f8f4c202005d0202ec5b387701032024.0.jpeg [32m200[0m 7.952 ms - 46756[0m
2024-03-30 09:22:07 info: [0mGET /public/files/albums/postPicture6f22bd3cffb466d48b4449caad750886cd5196be32032024.0.jpeg [32m200[0m 8.486 ms - 112518[0m
2024-03-30 09:22:07 info: [0mGET /public/files/albums/postPicturef6b2f6338d6f0f8f4c202005d0202ec5b38776a355032024.0.jpeg [32m200[0m 10.409 ms - 81950[0m
2024-03-30 09:22:07 info: [0mGET /public/files/albums/postPictureebb14c20df6b2f6338d6f0f8f4c202005d0202ec50032024.0.jpeg [32m200[0m 7.788 ms - 184815[0m
2024-03-30 09:22:07 info: [0mGET /public/files/albums/postPicture2f6338d6f0f8f4c202005d0202ec5b38776a301153032024.0.jpeg [32m200[0m 9.928 ms - 145776[0m
2024-03-30 09:22:07 info: [0mGET /public/files/albums/postPicture8d6f0f8f4c202005d0202ec5b38776a30110d58805032024.0.jpeg [32m200[0m 11.030 ms - 123873[0m
2024-03-30 09:22:07 info: [0mGET /public/files/albums/postPicturef0f8f4c202005d0202ec5b38776a30110d588d7007032024.0.jpeg [32m200[0m 10.871 ms - 295932[0m
2024-03-30 09:22:07 info: [0mGET /public/files/albums/postPicture14c20df6b2f6338d6f0f8f4c202005d0202ec5b308032024.0.jpeg [32m200[0m 8.302 ms - 575505[0m
2024-03-30 09:22:08 info: [0mGET /public/files/albums/postPicture8f4c202005d0202ec5b38776a30110d588d7028a17032024.0.jpeg [32m200[0m 4.141 ms - 42108[0m
2024-03-30 09:22:08 info: [0mGET /events [32m201[0m 952.336 ms - -[0m
2024-03-30 09:22:09 info: [0mGET /public/files/albums/postPicture2005d0202ec5b38776a30110d588d7028a5be55945032024.0.jpeg [32m200[0m 3.703 ms - 185098[0m
2024-03-30 09:22:09 info: [0mGET /public/files/albums/postPicture5d0202ec5b38776a30110d588d7028a5be5591d517032024.0.jpeg [32m200[0m 2.278 ms - 11458[0m
2024-03-30 09:22:10 info: [0mGET /public/files/albums/postPicture02ec5b38776a30110d588d7028a5be5591d5838e59032024.0.jpeg [32m200[0m 2.158 ms - 64637[0m
2024-03-30 09:22:11 info: [0mGET /public/files/albums/postPicturec5b38776a30110d588d7028a5be5591d5838e0a400032024.0.jpeg [32m200[0m 2.066 ms - 101019[0m
2024-03-30 09:22:20 info: [0mGET /events/packs [32m201[0m 1756.268 ms - -[0m
2024-03-30 09:22:22 info: [0mGET /events/packs [32m201[0m 1787.692 ms - -[0m
2024-03-30 09:23:28 info: =================================
2024-03-30 09:23:28 info: ======= ENV: development =======
2024-03-30 09:23:28 info: 🚀 App listening on the port 8000
2024-03-30 09:23:28 info: =================================
2024-03-30 09:23:34 info: [0mGET /events [32m201[0m 1305.056 ms - -[0m
2024-03-30 09:23:34 info: [0mGET /public/files/albums/postPicture20df6b2f6338d6f0f8f4c202005d0202ec5b387701032024.0.jpeg [32m200[0m 5.478 ms - 46756[0m
2024-03-30 09:23:34 info: [0mGET /public/files/albums/postPicture6f22bd3cffb466d48b4449caad750886cd5196be32032024.0.jpeg [32m200[0m 10.408 ms - 112518[0m
2024-03-30 09:23:34 info: [0mGET /public/files/albums/postPicturef6b2f6338d6f0f8f4c202005d0202ec5b38776a355032024.0.jpeg [32m200[0m 5.846 ms - 81950[0m
2024-03-30 09:23:34 info: [0mGET /public/files/albums/postPictureebb14c20df6b2f6338d6f0f8f4c202005d0202ec50032024.0.jpeg [32m200[0m 6.244 ms - 184815[0m
2024-03-30 09:23:34 info: [0mGET /public/files/albums/postPicture14c20df6b2f6338d6f0f8f4c202005d0202ec5b308032024.0.jpeg [32m200[0m 5.936 ms - 575505[0m
2024-03-30 09:23:35 info: [0mGET /events [32m201[0m 1103.888 ms - -[0m
2024-03-30 09:23:36 info: [0mGET /public/files/albums/postPicture2f6338d6f0f8f4c202005d0202ec5b38776a301153032024.0.jpeg [32m200[0m 8.861 ms - 145776[0m
2024-03-30 09:23:38 info: [0mGET /public/files/albums/postPicture8d6f0f8f4c202005d0202ec5b38776a30110d58805032024.0.jpeg [32m200[0m 4.966 ms - 123873[0m
2024-03-30 09:23:40 info: [0mGET /public/files/albums/postPicture14c20df6b2f6338d6f0f8f4c202005d0202ec5b316032024.0.jpeg [32m200[0m 11.659 ms - 133479[0m
2024-03-30 09:23:40 info: [0mGET /public/files/albums/postPicture14c20df6b2f6338d6f0f8f4c202005d0202ec5b308032024.0.jpeg [32m200[0m 46.398 ms - 575505[0m
2024-03-30 09:23:43 info: [0mGET /public/files/albums/postPicture14c20df6b2f6338d6f0f8f4c202005d0202ec5b318032024.0.webp [32m200[0m 22.391 ms - 61856[0m
2024-03-30 09:23:55 info: [0mGET /events/private [32m201[0m 2446.861 ms - -[0m
2024-03-30 09:24:06 info: [0mGET /events/private [32m201[0m 33300.834 ms - -[0m
2024-03-30 09:24:32 info: =================================
2024-03-30 09:24:32 info: ======= ENV: development =======
2024-03-30 09:24:32 info: 🚀 App listening on the port 8000
2024-03-30 09:24:32 info: =================================
2024-03-30 09:25:42 info: [0mGET /public/files/albums/postPicture14c20df6b2f6338d6f0f8f4c202005d0202ec5b316032024.0.jpeg [32m200[0m 23.348 ms - 133479[0m
2024-03-30 09:25:42 info: [0mGET /public/files/albums/postPicture14c20df6b2f6338d6f0f8f4c202005d0202ec5b308032024.0.jpeg [32m200[0m 3.789 ms - 575505[0m
2024-03-30 09:25:45 info: [0mGET /public/files/albums/postPicture14c20df6b2f6338d6f0f8f4c202005d0202ec5b318032024.0.webp [32m200[0m 6.637 ms - 61856[0m
2024-03-30 09:26:13 info: [0mOPTIONS /signup [32m204[0m 4.979 ms - 0[0m
2024-03-30 09:26:13 info: [0mOPTIONS /events/buy [32m204[0m 0.115 ms - 0[0m
2024-03-30 09:26:14 info: [0mPOST /signup [33m400[0m 1067.965 ms - 61[0m
2024-03-30 09:26:34 info: [0mOPTIONS /signup [32m204[0m 1.654 ms - 0[0m
2024-03-30 09:26:34 info: [0mOPTIONS /events/buy [32m204[0m 7.925 ms - 0[0m
2024-03-30 09:26:35 info: [0mPOST /signup [33m400[0m 861.608 ms - 61[0m
2024-03-30 09:26:42 info: [0mOPTIONS /signup [32m204[0m 1.131 ms - 0[0m
2024-03-30 09:26:42 info: [0mOPTIONS /events/buy [32m204[0m 0.125 ms - 0[0m
2024-03-30 09:26:49 info: [0mOPTIONS /signup [32m204[0m 1.980 ms - 0[0m
2024-03-30 09:26:49 info: [0mOPTIONS /events/buy [32m204[0m 0.280 ms - 0[0m
2024-03-30 09:26:51 info: [0mPOST /signup [32m201[0m 1982.760 ms - 421[0m
2024-03-30 09:27:13 info: [0mPOST /signup [33m400[0m 31432.088 ms - 64[0m
2024-03-30 09:28:24 info: [0mPOST /events/buy [0m-[0m - ms - -[0m
2024-03-30 09:28:24 info: [0mPOST /events/buy [0m-[0m - ms - -[0m
2024-03-30 09:28:24 info: [0mPOST /events/buy [0m-[0m - ms - -[0m
2024-03-30 09:28:24 info: [0mPOST /events/buy [0m-[0m - ms - -[0m
2024-03-30 09:28:47 info: [0mGET /public/files/albums/postPicture14c20df6b2f6338d6f0f8f4c202005d0202ec5b316032024.0.jpeg [32m200[0m 21.288 ms - 133479[0m
2024-03-30 09:28:47 info: [0mGET /public/files/albums/postPicture14c20df6b2f6338d6f0f8f4c202005d0202ec5b308032024.0.jpeg [32m200[0m 62.075 ms - 575505[0m
2024-03-30 09:28:50 info: [0mGET /public/files/albums/postPicture14c20df6b2f6338d6f0f8f4c202005d0202ec5b318032024.0.webp [32m200[0m 5.524 ms - 61856[0m
2024-03-30 09:28:56 info: [0mGET /events [32m201[0m 1658.359 ms - -[0m
2024-03-30 09:28:56 info: [0mGET /public/files/albums/postPicture6f22bd3cffb466d48b4449caad750886cd5196be32032024.0.jpeg [32m200[0m 1.752 ms - 112518[0m
2024-03-30 09:28:56 info: [0mGET /public/files/albums/postPictureebb14c20df6b2f6338d6f0f8f4c202005d0202ec50032024.0.jpeg [32m200[0m 2.870 ms - 184815[0m
2024-03-30 09:28:56 info: [0mGET /public/files/albums/postPicture14c20df6b2f6338d6f0f8f4c202005d0202ec5b308032024.0.jpeg [32m200[0m 1.514 ms - 575505[0m
2024-03-30 09:28:56 info: [0mGET /public/files/albums/postPicture20df6b2f6338d6f0f8f4c202005d0202ec5b387701032024.0.jpeg [32m200[0m 1.710 ms - 46756[0m
2024-03-30 09:28:56 info: [0mGET /public/files/albums/postPicturef6b2f6338d6f0f8f4c202005d0202ec5b38776a355032024.0.jpeg [32m200[0m 1.123 ms - 81950[0m
2024-03-30 09:28:56 info: [0mGET /public/files/albums/postPicture2f6338d6f0f8f4c202005d0202ec5b38776a301153032024.0.jpeg [32m200[0m 1.147 ms - 145776[0m
2024-03-30 09:28:56 info: [0mGET /public/files/albums/postPicture8d6f0f8f4c202005d0202ec5b38776a30110d58805032024.0.jpeg [32m200[0m 2.187 ms - 123873[0m
2024-03-30 09:28:56 info: [0mGET /public/files/albums/postPicture8f4c202005d0202ec5b38776a30110d588d7028a17032024.0.jpeg [32m200[0m 15.932 ms - 42108[0m
2024-03-30 09:28:56 info: [0mGET /public/files/albums/postPicturef0f8f4c202005d0202ec5b38776a30110d588d7007032024.0.jpeg [32m200[0m 3.139 ms - 295932[0m
2024-03-30 09:28:56 info: [0mGET /public/files/albums/postPicture2005d0202ec5b38776a30110d588d7028a5be55945032024.0.jpeg [32m200[0m 5.963 ms - 185098[0m
2024-03-30 09:28:56 info: [0mGET /public/files/albums/postPicture5d0202ec5b38776a30110d588d7028a5be5591d517032024.0.jpeg [32m200[0m 6.001 ms - 11458[0m
2024-03-30 09:28:56 info: [0mGET /public/files/albums/postPicture02ec5b38776a30110d588d7028a5be5591d5838e59032024.0.jpeg [32m200[0m 1.795 ms - 64637[0m
2024-03-30 09:28:56 info: [0mGET /public/files/albums/postPicturec5b38776a30110d588d7028a5be5591d5838e0a400032024.0.jpeg [32m200[0m 1.018 ms - 101019[0m
2024-03-30 09:28:58 info: [0mGET /events [32m201[0m 2774.102 ms - -[0m
2024-03-30 09:29:27 info: [0mGET /events/private [32m201[0m 33020.335 ms - -[0m
2024-03-30 09:29:27 info: [0mGET /public/files/albums/postPictureae1f84144937bf46327696a506b3c1075229fe6e36032024.0.jpeg [32m200[0m 1.324 ms - 112518[0m
2024-03-30 09:29:27 info: [0mGET /public/files/albums/postPicture59920180613d4829e916469c0d21a21aec0c6b0522032024.0.jpeg [32m200[0m 1.892 ms - 184815[0m
2024-03-30 09:29:27 info: [0mGET /public/files/albums/postPicture20180613d4829e916469c0d21a21aec0c6b05c8927032024.0.jpeg [32m200[0m 1.972 ms - 575505[0m
2024-03-30 09:29:27 info: [0mGET /public/files/albums/postPicture743ca3a2e5b6521ec3a62ce3e3807b4e1a91c1e442032024.0.jpeg [32m200[0m 2.640 ms - 33272[0m
2024-03-30 09:29:27 info: [0mGET /public/files/albums/postPicturef177743ca3a2e5b6521ec3a62ce3e3807b4e1a9150032024.0.jpeg [32m200[0m 1.704 ms - 46756[0m
2024-03-30 09:29:27 info: [0mGET /public/files/albums/postPictureca3a2e5b6521ec3a62ce3e3807b4e1a91c1e491b59032024.0.jpeg [32m200[0m 3.988 ms - 145776[0m
2024-03-30 09:29:47 info: [0mGET /events/private [32m201[0m 32543.950 ms - -[0m
2024-03-30 09:31:20 info: =================================
2024-03-30 09:31:20 info: ======= ENV: development =======
2024-03-30 09:31:20 info: 🚀 App listening on the port 8000
2024-03-30 09:31:20 info: =================================
2024-03-30 09:31:25 info: [0mGET /events [32m201[0m 1220.916 ms - -[0m
2024-03-30 09:31:25 info: [0mGET /public/files/albums/postPicture6f22bd3cffb466d48b4449caad750886cd5196be32032024.0.jpeg [32m200[0m 3.191 ms - 112518[0m
2024-03-30 09:31:25 info: [0mGET /public/files/albums/postPictureebb14c20df6b2f6338d6f0f8f4c202005d0202ec50032024.0.jpeg [32m200[0m 2.283 ms - 184815[0m
2024-03-30 09:31:25 info: [0mGET /public/files/albums/postPicture14c20df6b2f6338d6f0f8f4c202005d0202ec5b308032024.0.jpeg [32m200[0m 2.676 ms - 575505[0m
2024-03-30 09:31:27 info: [0mGET /events [32m201[0m 1454.141 ms - -[0m
2024-03-30 09:31:27 info: [0mGET /public/files/albums/postPicture20df6b2f6338d6f0f8f4c202005d0202ec5b387701032024.0.jpeg [32m200[0m 4.020 ms - 46756[0m
2024-03-30 09:31:27 info: [0mGET /public/files/albums/postPicturef6b2f6338d6f0f8f4c202005d0202ec5b38776a355032024.0.jpeg [32m200[0m 5.135 ms - 81950[0m
2024-03-30 09:31:27 info: [0mGET /public/files/albums/postPicture2f6338d6f0f8f4c202005d0202ec5b38776a301153032024.0.jpeg [32m200[0m 4.081 ms - 145776[0m
2024-03-30 09:31:27 info: [0mGET /public/files/albums/postPicture8d6f0f8f4c202005d0202ec5b38776a30110d58805032024.0.jpeg [32m200[0m 3.032 ms - 123873[0m
2024-03-30 09:31:28 info: [0mGET /public/files/albums/postPicturef0f8f4c202005d0202ec5b38776a30110d588d7007032024.0.jpeg [32m200[0m 11.749 ms - 295932[0m
2024-03-30 09:31:29 info: [0mGET /public/files/albums/postPictureebb14c20df6b2f6338d6f0f8f4c202005d0202ec01032024.0.jpeg [32m200[0m 9.848 ms - 86223[0m
2024-03-30 09:31:29 info: [0mGET /public/files/albums/postPictureebb14c20df6b2f6338d6f0f8f4c202005d0202ec50032024.0.jpeg [32m200[0m 4.941 ms - 184815[0m
2024-03-30 09:31:29 info: [0mGET /public/files/albums/postPictureebb14c20df6b2f6338d6f0f8f4c202005d0202ec10032024.0.jpeg [32m200[0m 16.343 ms - 145982[0m
2024-03-30 09:31:47 info: [0mGET /events/private [32m201[0m 2774.930 ms - -[0m
2024-03-30 09:31:57 info: [0mGET /events/private [32m201[0m 33070.313 ms - -[0m
2024-03-30 09:40:08 info: =================================
2024-03-30 09:40:08 info: ======= ENV: development =======
2024-03-30 09:40:08 info: 🚀 App listening on the port 8000
2024-03-30 09:40:08 info: =================================
2024-03-30 09:40:18 info: [0mGET /events [32m201[0m 1782.572 ms - -[0m
2024-03-30 09:40:18 info: [0mGET /public/files/albums/postPicture6f22bd3cffb466d48b4449caad750886cd5196be32032024.0.jpeg [32m200[0m 3.055 ms - 112518[0m
2024-03-30 09:40:18 info: [0mGET /public/files/albums/postPictureebb14c20df6b2f6338d6f0f8f4c202005d0202ec50032024.0.jpeg [32m200[0m 2.427 ms - 184815[0m
2024-03-30 09:40:20 info: [0mGET /events [32m201[0m 1628.521 ms - -[0m
2024-03-30 09:40:20 info: [0mGET /public/files/albums/postPicture20df6b2f6338d6f0f8f4c202005d0202ec5b387701032024.0.jpeg [32m200[0m 2.746 ms - 46756[0m
2024-03-30 09:40:20 info: [0mGET /public/files/albums/postPicture14c20df6b2f6338d6f0f8f4c202005d0202ec5b308032024.0.jpeg [32m200[0m 1.501 ms - 575505[0m
2024-03-30 09:40:20 info: [0mGET /public/files/albums/postPicturef6b2f6338d6f0f8f4c202005d0202ec5b38776a355032024.0.jpeg [32m200[0m 2.423 ms - 81950[0m
2024-03-30 09:40:20 info: [0mGET /public/files/albums/postPicture2f6338d6f0f8f4c202005d0202ec5b38776a301153032024.0.jpeg [32m200[0m 3.102 ms - 145776[0m
2024-03-30 09:40:20 info: [0mGET /public/files/albums/postPicture8d6f0f8f4c202005d0202ec5b38776a30110d58805032024.0.jpeg [32m200[0m 2.159 ms - 123873[0m
2024-03-30 09:40:20 info: [0mGET /public/files/albums/postPicturef0f8f4c202005d0202ec5b38776a30110d588d7007032024.0.jpeg [32m200[0m 2.920 ms - 295932[0m
2024-03-30 09:40:21 info: [0mGET /events/private [0m-[0m - ms - -[0m
2024-03-30 09:40:23 info: [0mGET /events [32m201[0m 1026.467 ms - -[0m
2024-03-30 09:40:27 info: [0mGET /events/private [0m-[0m - ms - -[0m
2024-03-30 09:40:27 info: [0mGET /events [0m-[0m - ms - -[0m
2024-03-30 09:40:30 info: [0mGET /events [32m201[0m 1646.198 ms - -[0m
2024-03-30 09:40:31 info: [0mGET /events [32m201[0m 1384.084 ms - -[0m
2024-03-30 09:40:35 info: [0mGET /public/files/albums/postPicture8f4c202005d0202ec5b38776a30110d588d7028a17032024.0.jpeg [32m200[0m 12.293 ms - 42108[0m
2024-03-30 09:40:37 info: [0mGET /public/files/albums/postPicture2005d0202ec5b38776a30110d588d7028a5be55945032024.0.jpeg [32m200[0m 3.326 ms - 185098[0m
2024-03-30 09:40:42 info: [0mGET /events [32m201[0m 1200.884 ms - -[0m
2024-03-30 09:40:43 info: [0mGET /events [32m201[0m 1361.198 ms - -[0m
2024-03-30 09:45:09 info: =================================
2024-03-30 09:45:09 info: ======= ENV: development =======
2024-03-30 09:45:09 info: 🚀 App listening on the port 8000
2024-03-30 09:45:09 info: =================================
2024-03-30 09:53:14 info: =================================
2024-03-30 09:53:14 info: ======= ENV: development =======
2024-03-30 09:53:14 info: 🚀 App listening on the port 8000
2024-03-30 09:53:14 info: =================================
2024-03-30 09:53:28 info: [0mGET /public/files/albums/postPicture5d0202ec5b38776a30110d588d7028a5be5591d517032024.0.jpeg [32m200[0m 61.975 ms - 11458[0m
2024-03-30 09:53:35 info: [0mGET /events [32m201[0m 1479.003 ms - -[0m
2024-03-30 09:53:36 info: [0mGET /public/files/albums/postPicture6f22bd3cffb466d48b4449caad750886cd5196be32032024.0.jpeg [32m200[0m 42.932 ms - 112518[0m
2024-03-30 09:53:36 info: [0mGET /public/files/albums/postPictureebb14c20df6b2f6338d6f0f8f4c202005d0202ec50032024.0.jpeg [32m200[0m 26.816 ms - 184815[0m
2024-03-30 09:53:36 info: [0mGET /public/files/albums/postPicture14c20df6b2f6338d6f0f8f4c202005d0202ec5b308032024.0.jpeg [32m200[0m 17.020 ms - 575505[0m
2024-03-30 09:53:36 info: [0mGET /events [32m201[0m 1127.573 ms - -[0m
2024-03-30 09:53:36 info: [0mGET /public/files/albums/postPicture20df6b2f6338d6f0f8f4c202005d0202ec5b387701032024.0.jpeg [32m200[0m 2.497 ms - 46756[0m
2024-03-30 09:53:36 info: [0mGET /public/files/albums/postPicturef6b2f6338d6f0f8f4c202005d0202ec5b38776a355032024.0.jpeg [32m200[0m 5.258 ms - 81950[0m
2024-03-30 09:53:36 info: [0mGET /public/files/albums/postPicture2f6338d6f0f8f4c202005d0202ec5b38776a301153032024.0.jpeg [32m200[0m 1.246 ms - 145776[0m
2024-03-30 09:53:36 info: [0mGET /public/files/albums/postPicture8d6f0f8f4c202005d0202ec5b38776a30110d58805032024.0.jpeg [32m200[0m 4.615 ms - 123873[0m
2024-03-30 09:53:37 info: [0mGET /public/files/albums/postPicturef0f8f4c202005d0202ec5b38776a30110d588d7007032024.0.jpeg [32m200[0m 2.577 ms - 295932[0m
2024-03-30 09:53:40 info: [0mGET /public/files/albums/postPicture8f4c202005d0202ec5b38776a30110d588d7028a17032024.0.jpeg [32m200[0m 20.349 ms - 42108[0m
2024-03-30 09:53:42 info: [0mGET /public/files/albums/postPicture2005d0202ec5b38776a30110d588d7028a5be55945032024.0.jpeg [32m200[0m 5.184 ms - 185098[0m
2024-03-30 09:53:47 info: [0mGET /public/files/albums/postPicture02ec5b38776a30110d588d7028a5be5591d5838e59032024.0.jpeg [32m200[0m 21.333 ms - 64637[0m
2024-03-30 09:53:49 info: [0mGET /public/files/albums/postPicturec5b38776a30110d588d7028a5be5591d5838e0a400032024.0.jpeg [32m200[0m 14.739 ms - 101019[0m
2024-03-30 09:53:56 info: [0mGET /events/private [32m201[0m 2427.407 ms - -[0m
2024-03-30 09:53:57 info: [0mGET /public/files/albums/postPicture743ca3a2e5b6521ec3a62ce3e3807b4e1a91c1e442032024.0.jpeg [32m200[0m 87.403 ms - 33272[0m
2024-03-30 09:53:57 info: [0mGET /public/files/albums/postPictureae1f84144937bf46327696a506b3c1075229fe6e36032024.0.jpeg [32m200[0m 160.565 ms - 112518[0m
2024-03-30 09:53:57 info: [0mGET /public/files/albums/postPicturef177743ca3a2e5b6521ec3a62ce3e3807b4e1a9150032024.0.jpeg [32m200[0m 43.762 ms - 46756[0m
2024-03-30 09:53:57 info: [0mGET /public/files/albums/postPicture59920180613d4829e916469c0d21a21aec0c6b0522032024.0.jpeg [32m200[0m 41.993 ms - 184815[0m
2024-03-30 09:53:57 info: [0mGET /public/files/albums/postPictureca3a2e5b6521ec3a62ce3e3807b4e1a91c1e491b59032024.0.jpeg [32m200[0m 35.792 ms - 145776[0m
2024-03-30 09:53:57 info: [0mGET /public/files/albums/postPicture20180613d4829e916469c0d21a21aec0c6b05c8927032024.0.jpeg [32m200[0m 113.435 ms - 575505[0m
2024-03-30 09:53:59 info: [0mGET /events/private [0m-[0m - ms - -[0m
2024-03-30 09:54:03 info: [0mGET /events [32m201[0m 1893.863 ms - -[0m
2024-03-30 09:54:18 info: =================================
2024-03-30 09:54:18 info: ======= ENV: development =======
2024-03-30 09:54:18 info: 🚀 App listening on the port 8000
2024-03-30 09:54:18 info: =================================
2024-03-30 09:54:26 info: [0mGET /events [32m201[0m 1079.464 ms - -[0m
2024-03-30 09:54:27 info: [0mGET /events [32m201[0m 1232.336 ms - -[0m
2024-03-30 09:54:29 info: [0mGET /events/private [0m-[0m - ms - -[0m
2024-03-30 09:54:30 info: [0mGET /events [32m201[0m 908.981 ms - -[0m
2024-03-30 09:54:31 info: [0mGET /events/private [32m201[0m 1894.604 ms - -[0m
2024-03-30 09:54:31 info: [0mGET /events [32m201[0m 1077.862 ms - -[0m
2024-03-30 09:54:33 info: [0mGET /events/private [32m201[0m 1682.098 ms - -[0m
2024-03-30 09:54:40 info: [0mGET /public/files/albums/postPicture5d0202ec5b38776a30110d588d7028a5be5591d517032024.0.jpeg [32m200[0m 6.904 ms - 11458[0m
2024-03-30 09:54:54 info: [0mGET /public/files/albums/postPictureca3a2e5b6521ec3a62ce3e3807b4e1a91c1e491b59032024.0.jpeg [32m200[0m 8.982 ms - 145776[0m
2024-03-30 09:54:54 info: [0mGET /public/files/albums/postPictureca3a2e5b6521ec3a62ce3e3807b4e1a91c1e491b17032024.0.jpeg [32m200[0m 4.468 ms - 93354[0m
2024-03-30 09:54:54 info: [0mGET /public/files/albums/postPictureca3a2e5b6521ec3a62ce3e3807b4e1a91c1e491b08032024.0.jpeg [32m200[0m 6.333 ms - 101019[0m
2024-03-30 09:56:40 info: =================================
2024-03-30 09:56:40 info: ======= ENV: development =======
2024-03-30 09:56:40 info: 🚀 App listening on the port 8000
2024-03-30 09:56:40 info: =================================
2024-03-30 09:57:21 info: [0mGET /events [32m201[0m 1224.707 ms - -[0m
2024-03-30 09:57:21 info: [0mGET /public/files/albums/postPicture20df6b2f6338d6f0f8f4c202005d0202ec5b387701032024.0.jpeg [32m200[0m 4.037 ms - 46756[0m
2024-03-30 09:57:21 info: [0mGET /public/files/albums/postPicture6f22bd3cffb466d48b4449caad750886cd5196be32032024.0.jpeg [32m200[0m 4.788 ms - 112518[0m
2024-03-30 09:57:21 info: [0mGET /public/files/albums/postPicturef6b2f6338d6f0f8f4c202005d0202ec5b38776a355032024.0.jpeg [32m200[0m 4.147 ms - 81950[0m
2024-03-30 09:57:21 info: [0mGET /public/files/albums/postPictureebb14c20df6b2f6338d6f0f8f4c202005d0202ec50032024.0.jpeg [32m200[0m 4.321 ms - 184815[0m
2024-03-30 09:57:21 info: [0mGET /public/files/albums/postPicture14c20df6b2f6338d6f0f8f4c202005d0202ec5b308032024.0.jpeg [32m200[0m 5.649 ms - 575505[0m
2024-03-30 09:57:22 info: [0mGET /events/private [32m201[0m 2383.773 ms - -[0m
2024-03-30 09:57:22 info: [0mGET /public/files/albums/postPicture59920180613d4829e916469c0d21a21aec0c6b0522032024.0.jpeg [32m200[0m 1.900 ms - 184815[0m
2024-03-30 09:57:22 info: [0mGET /public/files/albums/postPicturef177743ca3a2e5b6521ec3a62ce3e3807b4e1a9150032024.0.jpeg [32m200[0m 1.874 ms - 46756[0m
2024-03-30 09:57:22 info: [0mGET /public/files/albums/postPictureae1f84144937bf46327696a506b3c1075229fe6e36032024.0.jpeg [32m200[0m 3.198 ms - 112518[0m
2024-03-30 09:57:22 info: [0mGET /public/files/albums/postPicture743ca3a2e5b6521ec3a62ce3e3807b4e1a91c1e442032024.0.jpeg [32m200[0m 3.046 ms - 33272[0m
2024-03-30 09:57:22 info: [0mGET /public/files/albums/postPicture20180613d4829e916469c0d21a21aec0c6b05c8927032024.0.jpeg [32m200[0m 2.539 ms - 575505[0m
2024-03-30 09:57:22 info: [0mGET /events [32m201[0m 1277.285 ms - -[0m
2024-03-30 09:57:23 info: [0mGET /public/files/albums/postPicture2f6338d6f0f8f4c202005d0202ec5b38776a301153032024.0.jpeg [32m200[0m 2.941 ms - 145776[0m
2024-03-30 09:57:24 info: [0mGET /public/files/albums/postPictureca3a2e5b6521ec3a62ce3e3807b4e1a91c1e491b59032024.0.jpeg [32m200[0m 3.364 ms - 145776[0m
2024-03-30 09:57:25 info: [0mGET /public/files/albums/postPicture8d6f0f8f4c202005d0202ec5b38776a30110d58805032024.0.jpeg [32m200[0m 2.405 ms - 123873[0m
2024-03-30 09:57:27 info: [0mGET /public/files/albums/postPicturef0f8f4c202005d0202ec5b38776a30110d588d7007032024.0.jpeg [32m200[0m 2.724 ms - 295932[0m
2024-03-30 09:57:30 info: [0mGET /public/files/albums/postPicture8f4c202005d0202ec5b38776a30110d588d7028a17032024.0.jpeg [32m200[0m 2.759 ms - 42108[0m
2024-03-30 09:57:32 info: [0mGET /public/files/albums/postPicture2005d0202ec5b38776a30110d588d7028a5be55945032024.0.jpeg [32m200[0m 1.365 ms - 185098[0m
2024-03-30 09:57:34 info: [0mGET /public/files/albums/postPicture5d0202ec5b38776a30110d588d7028a5be5591d517032024.0.jpeg [32m200[0m 4.244 ms - 11458[0m
2024-03-30 09:57:37 info: [0mGET /public/files/albums/postPicture02ec5b38776a30110d588d7028a5be5591d5838e59032024.0.jpeg [32m200[0m 5.303 ms - 64637[0m
2024-03-30 09:57:39 info: [0mGET /public/files/albums/postPicturec5b38776a30110d588d7028a5be5591d5838e0a400032024.0.jpeg [32m200[0m 17.552 ms - 101019[0m
2024-03-30 09:58:01 info: =================================
2024-03-30 09:58:01 info: ======= ENV: development =======
2024-03-30 09:58:01 info: 🚀 App listening on the port 8000
2024-03-30 09:58:01 info: =================================
2024-03-30 09:58:41 info: [0mGET /events [32m201[0m 1245.124 ms - -[0m
2024-03-30 09:58:41 info: [0mGET /public/files/albums/postPicture20df6b2f6338d6f0f8f4c202005d0202ec5b387701032024.0.jpeg [32m200[0m 2.710 ms - 46756[0m
2024-03-30 09:58:41 info: [0mGET /public/files/albums/postPicture6f22bd3cffb466d48b4449caad750886cd5196be32032024.0.jpeg [32m200[0m 4.246 ms - 112518[0m
2024-03-30 09:58:41 info: [0mGET /public/files/albums/postPicturef6b2f6338d6f0f8f4c202005d0202ec5b38776a355032024.0.jpeg [32m200[0m 3.383 ms - 81950[0m
2024-03-30 09:58:41 info: [0mGET /public/files/albums/postPictureebb14c20df6b2f6338d6f0f8f4c202005d0202ec50032024.0.jpeg [32m200[0m 4.542 ms - 184815[0m
2024-03-30 09:58:41 info: [0mGET /public/files/albums/postPicture14c20df6b2f6338d6f0f8f4c202005d0202ec5b308032024.0.jpeg [32m200[0m 2.193 ms - 575505[0m
2024-03-30 09:58:43 info: [0mGET /public/files/albums/postPicture2f6338d6f0f8f4c202005d0202ec5b38776a301153032024.0.jpeg [32m200[0m 3.448 ms - 145776[0m
2024-03-30 09:58:45 info: [0mGET /public/files/albums/postPicture8d6f0f8f4c202005d0202ec5b38776a30110d58805032024.0.jpeg [32m200[0m 4.122 ms - 123873[0m
2024-03-30 09:58:48 info: [0mGET /public/files/albums/postPicturef0f8f4c202005d0202ec5b38776a30110d588d7007032024.0.jpeg [32m200[0m 5.225 ms - 295932[0m
2024-03-30 09:58:50 info: [0mGET /events [0m-[0m - ms - -[0m
2024-03-30 09:58:50 info: [0mGET /events/private [0m-[0m - ms - -[0m
2024-03-30 09:58:52 info: [0mGET /events [32m201[0m 886.735 ms - -[0m
2024-03-30 09:58:54 info: [0mGET /events [32m201[0m 1352.852 ms - -[0m
2024-03-30 09:58:57 info: [0mGET /public/files/albums/postPicture8f4c202005d0202ec5b38776a30110d588d7028a17032024.0.jpeg [32m200[0m 4.512 ms - 42108[0m
2024-03-30 09:58:59 info: [0mGET /public/files/albums/postPicture2005d0202ec5b38776a30110d588d7028a5be55945032024.0.jpeg [32m200[0m 2.407 ms - 185098[0m
2024-03-30 09:59:02 info: [0mGET /public/files/albums/postPicture5d0202ec5b38776a30110d588d7028a5be5591d517032024.0.jpeg [32m200[0m 4.910 ms - 11458[0m
2024-03-30 09:59:04 info: [0mGET /public/files/albums/postPicture02ec5b38776a30110d588d7028a5be5591d5838e59032024.0.jpeg [32m200[0m 4.790 ms - 64637[0m
2024-03-30 09:59:04 info: [0mGET /events/private [0m-[0m - ms - -[0m
2024-03-30 09:59:04 info: [0mGET /events/private [0m-[0m - ms - -[0m
2024-03-30 09:59:06 info: [0mGET /events [32m201[0m 999.867 ms - -[0m
2024-03-30 09:59:07 info: [0mGET /events [32m201[0m 1052.433 ms - -[0m
2024-03-30 10:52:12 info: =================================
2024-03-30 10:52:12 info: ======= ENV: development =======
2024-03-30 10:52:12 info: 🚀 App listening on the port 8000
2024-03-30 10:52:12 info: =================================
2024-03-30 10:52:19 info: [0mGET /events [32m201[0m 1250.611 ms - -[0m
2024-03-30 10:52:19 info: [0mGET /public/files/albums/postPicture14c20df6b2f6338d6f0f8f4c202005d0202ec5b318032024.0.webp [32m200[0m 2.567 ms - 61856[0m
2024-03-30 10:52:19 info: [0mGET /public/files/albums/postPicture6f22bd3cffb466d48b4449caad750886cd5196be53032024.0.jpeg [32m200[0m 3.168 ms - 83357[0m
2024-03-30 10:52:19 info: [0mGET /public/files/albums/postPictureebb14c20df6b2f6338d6f0f8f4c202005d0202ec10032024.0.jpeg [32m200[0m 4.775 ms - 145982[0m
2024-03-30 10:52:20 info: [0mGET /events [32m201[0m 1011.747 ms - -[0m
2024-03-30 10:52:20 info: [0mGET /public/files/albums/postPicturef6b2f6338d6f0f8f4c202005d0202ec5b38776a347032024.0.jpeg [32m200[0m 1.965 ms - 46901[0m
2024-03-30 10:52:20 info: [0mGET /public/files/albums/postPicture20df6b2f6338d6f0f8f4c202005d0202ec5b387715032024.0.jpeg [32m200[0m 3.505 ms - 164582[0m
2024-03-30 10:52:20 info: [0mGET /public/files/albums/postPicture2f6338d6f0f8f4c202005d0202ec5b38776a301113032024.0.jpeg [32m200[0m 1.236 ms - 93354[0m
2024-03-30 10:52:20 info: [0mGET /public/files/albums/postPicture8d6f0f8f4c202005d0202ec5b38776a30110d58821032024.0.png [32m200[0m 1.220 ms - 720483[0m
2024-03-30 10:52:21 info: [0mGET /public/files/albums/postPicturef0f8f4c202005d0202ec5b38776a30110d588d7047032024.0.jpeg [32m200[0m 2.410 ms - 276025[0m
2024-03-30 10:52:22 info: [0mGET /events/private [0m-[0m - ms - -[0m
2024-03-30 10:52:24 info: [0mGET /events [32m201[0m 905.019 ms - -[0m
2024-03-30 10:52:25 info: [0mGET /events/private [32m201[0m 1941.936 ms - -[0m
2024-03-30 10:52:25 info: [0mGET /events [32m201[0m 1034.748 ms - -[0m
2024-03-30 10:52:25 info: [0mGET /public/files/albums/postPicture59920180613d4829e916469c0d21a21aec0c6b0522032024.0.jpeg [32m200[0m 2.695 ms - 184815[0m
2024-03-30 10:52:25 info: [0mGET /public/files/albums/postPicturef177743ca3a2e5b6521ec3a62ce3e3807b4e1a9150032024.0.jpeg [32m200[0m 2.178 ms - 46756[0m
2024-03-30 10:52:25 info: [0mGET /public/files/albums/postPictureae1f84144937bf46327696a506b3c1075229fe6e36032024.0.jpeg [32m200[0m 3.689 ms - 112518[0m
2024-03-30 10:52:25 info: [0mGET /public/files/albums/postPicture743ca3a2e5b6521ec3a62ce3e3807b4e1a91c1e442032024.0.jpeg [32m200[0m 4.157 ms - 33272[0m
2024-03-30 10:52:25 info: [0mGET /public/files/albums/postPicture20180613d4829e916469c0d21a21aec0c6b05c8927032024.0.jpeg [32m200[0m 3.539 ms - 575505[0m
2024-03-30 10:52:25 info: [0mGET /public/files/albums/postPictureca3a2e5b6521ec3a62ce3e3807b4e1a91c1e491b59032024.0.jpeg [32m200[0m 2.630 ms - 145776[0m
2024-03-30 10:52:27 info: [0mGET /events/private [32m201[0m 1789.589 ms - -[0m
2024-03-30 10:52:30 info: [0mGET /events [32m201[0m 951.272 ms - -[0m
2024-03-30 10:52:32 info: [0mGET /events/private [0m-[0m - ms - -[0m
2024-03-30 10:52:32 info: [0mGET /events [0m-[0m - ms - -[0m
2024-03-30 10:52:32 info: [0mGET /events/private [0m-[0m - ms - -[0m
2024-03-30 10:52:41 info: [0mGET /events/private [0m-[0m - ms - -[0m
2024-03-30 10:52:41 info: [0mGET /events [0m-[0m - ms - -[0m
2024-03-30 10:52:43 info: [0mGET /events [32m201[0m 927.554 ms - -[0m
2024-03-30 10:52:44 info: [0mGET /events/private [32m201[0m 1777.371 ms - -[0m
2024-03-30 10:52:45 info: [0mGET /events/private [32m201[0m 1648.120 ms - -[0m
2024-03-30 10:52:46 info: [0mGET /events [0m-[0m - ms - -[0m
2024-03-30 10:52:47 info: [0mGET /events [32m201[0m 875.937 ms - -[0m
2024-03-30 10:52:48 info: [0mGET /events [32m201[0m 960.803 ms - -[0m
2024-03-30 10:52:50 info: [0mGET /events/private [0m-[0m - ms - -[0m
2024-03-30 10:52:52 info: [0mGET /events [32m201[0m 863.058 ms - -[0m
2024-03-30 10:53:51 info: =================================
2024-03-30 10:53:51 info: ======= ENV: development =======
2024-03-30 10:53:51 info: 🚀 App listening on the port 8000
2024-03-30 10:53:51 info: =================================
2024-03-30 10:53:56 info: [0mGET /events [32m201[0m 1392.237 ms - -[0m
2024-03-30 10:53:57 info: [0mGET /public/files/albums/postPicture14c20df6b2f6338d6f0f8f4c202005d0202ec5b318032024.0.webp [32m200[0m 6.130 ms - 61856[0m
2024-03-30 10:53:57 info: [0mGET /public/files/albums/postPictureebb14c20df6b2f6338d6f0f8f4c202005d0202ec10032024.0.jpeg [32m200[0m 7.642 ms - 145982[0m
2024-03-30 10:53:57 info: [0mGET /public/files/albums/postPicture6f22bd3cffb466d48b4449caad750886cd5196be53032024.0.jpeg [32m200[0m 8.406 ms - 83357[0m
2024-03-30 10:53:57 info: [0mGET /events [32m201[0m 960.791 ms - -[0m
2024-03-30 10:53:57 info: [0mGET /public/files/albums/postPicturef6b2f6338d6f0f8f4c202005d0202ec5b38776a347032024.0.jpeg [32m200[0m 3.471 ms - 46901[0m
2024-03-30 10:53:57 info: [0mGET /public/files/albums/postPicture20df6b2f6338d6f0f8f4c202005d0202ec5b387715032024.0.jpeg [32m200[0m 4.251 ms - 164582[0m
2024-03-30 10:53:57 info: [0mGET /public/files/albums/postPicture2f6338d6f0f8f4c202005d0202ec5b38776a301113032024.0.jpeg [32m200[0m 1.331 ms - 93354[0m
2024-03-30 10:53:57 info: [0mGET /public/files/albums/postPicture8d6f0f8f4c202005d0202ec5b38776a30110d58821032024.0.png [32m200[0m 3.554 ms - 720483[0m
2024-03-30 10:53:59 info: [0mGET /public/files/albums/postPicturef0f8f4c202005d0202ec5b38776a30110d588d7047032024.0.jpeg [32m200[0m 2.492 ms - 276025[0m
2024-03-30 10:54:00 info: [0mGET /events/private [0m-[0m - ms - -[0m
2024-03-30 10:54:00 info: [0mGET /events/private [0m-[0m - ms - -[0m
2024-03-30 10:54:02 info: [0mGET /events [32m201[0m 1214.558 ms - -[0m
2024-03-30 10:54:03 info: [0mGET /events/private [32m201[0m 2185.576 ms - -[0m
2024-03-30 10:54:03 info: [0mGET /public/files/albums/postPicture59920180613d4829e916469c0d21a21aec0c6b0522032024.0.jpeg [32m200[0m 4.504 ms - 184815[0m
2024-03-30 10:54:03 info: [0mGET /public/files/albums/postPictureae1f84144937bf46327696a506b3c1075229fe6e36032024.0.jpeg [32m200[0m 1.604 ms - 112518[0m
2024-03-30 10:54:03 info: [0mGET /public/files/albums/postPicture20180613d4829e916469c0d21a21aec0c6b05c8927032024.0.jpeg [32m200[0m 1.636 ms - 575505[0m
2024-03-30 10:54:03 info: [0mGET /public/files/albums/postPicturef177743ca3a2e5b6521ec3a62ce3e3807b4e1a9150032024.0.jpeg [32m200[0m 3.308 ms - 46756[0m
2024-03-30 10:54:03 info: [0mGET /public/files/albums/postPictureca3a2e5b6521ec3a62ce3e3807b4e1a91c1e491b59032024.0.jpeg [32m200[0m 1.826 ms - 145776[0m
2024-03-30 10:54:03 info: [0mGET /public/files/albums/postPicture743ca3a2e5b6521ec3a62ce3e3807b4e1a91c1e442032024.0.jpeg [32m200[0m 2.677 ms - 33272[0m
2024-03-30 10:54:03 info: [0mGET /events [32m201[0m 1168.026 ms - -[0m
2024-03-30 10:54:06 info: [0mGET /public/files/albums/postPicture8f4c202005d0202ec5b38776a30110d588d7028a35032024.0.jpeg [32m200[0m 6.305 ms - 76188[0m
2024-03-30 10:54:06 info: [0mGET /events/private [0m-[0m - ms - -[0m
2024-03-30 10:54:08 info: [0mGET /events [32m201[0m 872.953 ms - -[0m
2024-03-30 10:54:08 info: [0mGET /public/files/albums/postPicture6f22bd3cffb466d48b4449caad750886cd5196be53032024.0.jpeg [32m200[0m 1.306 ms - 83357[0m
2024-03-30 10:54:08 info: [0mGET /public/files/albums/postPicture14c20df6b2f6338d6f0f8f4c202005d0202ec5b318032024.0.webp [32m200[0m 3.551 ms - 61856[0m
2024-03-30 10:54:08 info: [0mGET /public/files/albums/postPicturef6b2f6338d6f0f8f4c202005d0202ec5b38776a347032024.0.jpeg [32m200[0m 3.530 ms - 46901[0m
2024-03-30 10:54:08 info: [0mGET /public/files/albums/postPictureebb14c20df6b2f6338d6f0f8f4c202005d0202ec10032024.0.jpeg [32m200[0m 3.583 ms - 145982[0m
2024-03-30 10:54:08 info: [0mGET /public/files/albums/postPicture20df6b2f6338d6f0f8f4c202005d0202ec5b387715032024.0.jpeg [32m200[0m 2.836 ms - 164582[0m
2024-03-30 10:54:08 info: [0mGET /public/files/albums/postPicture2f6338d6f0f8f4c202005d0202ec5b38776a301113032024.0.jpeg [32m200[0m 2.221 ms - 93354[0m
2024-03-30 10:54:08 info: [0mGET /public/files/albums/postPicture8f4c202005d0202ec5b38776a30110d588d7028a35032024.0.jpeg [32m200[0m 0.606 ms - 76188[0m
2024-03-30 10:54:08 info: [0mGET /public/files/albums/postPicturef0f8f4c202005d0202ec5b38776a30110d588d7047032024.0.jpeg [32m200[0m 1.009 ms - 276025[0m
2024-03-30 10:54:08 info: [0mGET /public/files/albums/postPicture8d6f0f8f4c202005d0202ec5b38776a30110d58821032024.0.png [32m200[0m 2.151 ms - 720483[0m
2024-03-30 10:54:08 info: [0mGET /public/files/albums/postPicture2005d0202ec5b38776a30110d588d7028a5be55907032024.0.jpeg [32m200[0m 0.916 ms - 115888[0m
2024-03-30 10:54:08 info: [0mGET /public/files/albums/postPicture5d0202ec5b38776a30110d588d7028a5be5591d543032024.0.jpeg [32m200[0m 1.106 ms - 307701[0m
2024-03-30 10:54:09 info: [0mGET /public/files/albums/postPicture02ec5b38776a30110d588d7028a5be5591d5838e15032024.0.jpeg [32m200[0m 4.069 ms - 76871[0m
2024-03-30 10:54:09 info: [0mGET /public/files/albums/postPicturec5b38776a30110d588d7028a5be5591d5838e0a445032024.0.jpeg [32m200[0m 0.874 ms - 145776[0m
2024-03-30 10:54:09 info: [0mGET /events [32m201[0m 943.282 ms - -[0m
2024-03-30 10:54:15 info: [0mGET /events/packs [32m201[0m 2659.443 ms - -[0m
2024-03-30 10:54:15 info: [0mGET /public/files/albums/postPicture2005d0202ec5b38776a30110d588d7028a5be55907032024.0.jpeg [32m200[0m 1.023 ms - 115888[0m
2024-03-30 10:54:15 info: [0mGET /public/files/albums/postPicture5d0202ec5b38776a30110d588d7028a5be5591d543032024.0.jpeg [32m200[0m 1.352 ms - 307701[0m
2024-03-30 10:54:30 info: [0mGET /events [32m201[0m 2503.883 ms - -[0m
2024-03-30 10:54:31 info: [0mGET /events [32m201[0m 1190.974 ms - -[0m
2024-03-30 10:54:31 info: [0mGET /events/private [32m201[0m 3997.155 ms - -[0m
2024-03-30 10:54:32 info: [0mGET /events/packs [0m-[0m - ms - -[0m
2024-03-30 10:54:32 info: [0mGET /events/private [0m-[0m - ms - -[0m
2024-03-30 10:54:44 info: =================================
2024-03-30 10:54:44 info: ======= ENV: development =======
2024-03-30 10:54:44 info: 🚀 App listening on the port 8000
2024-03-30 10:54:44 info: =================================
2024-03-30 10:54:49 info: [0mGET /events [32m201[0m 2688.733 ms - -[0m
2024-03-30 10:54:50 info: [0mGET /events [32m201[0m 1489.907 ms - -[0m
2024-03-30 10:55:00 info: [0mGET /events/private [0m-[0m - ms - -[0m
2024-03-30 10:55:02 info: [0mGET /events [32m201[0m 1311.234 ms - -[0m
2024-03-30 10:55:02 info: [0mGET /public/files/albums/postPicture14c20df6b2f6338d6f0f8f4c202005d0202ec5b318032024.0.webp [32m200[0m 26.286 ms - 61856[0m
2024-03-30 10:55:02 info: [0mGET /public/files/albums/postPicture6f22bd3cffb466d48b4449caad750886cd5196be53032024.0.jpeg [32m200[0m 9.553 ms - 83357[0m
2024-03-30 10:55:03 info: [0mGET /public/files/albums/postPictureebb14c20df6b2f6338d6f0f8f4c202005d0202ec10032024.0.jpeg [32m200[0m 11.236 ms - 145982[0m
2024-03-30 10:55:04 info: [0mGET /events [32m201[0m 1795.283 ms - -[0m
2024-03-30 10:55:04 info: [0mGET /public/files/albums/postPicturef6b2f6338d6f0f8f4c202005d0202ec5b38776a347032024.0.jpeg [32m200[0m 2.509 ms - 46901[0m
2024-03-30 10:55:04 info: [0mGET /public/files/albums/postPicture20df6b2f6338d6f0f8f4c202005d0202ec5b387715032024.0.jpeg [32m200[0m 2.200 ms - 164582[0m
2024-03-30 10:55:04 info: [0mGET /public/files/albums/postPicture2f6338d6f0f8f4c202005d0202ec5b38776a301113032024.0.jpeg [32m200[0m 1.212 ms - 93354[0m
2024-03-30 10:55:04 info: [0mGET /public/files/albums/postPicture8d6f0f8f4c202005d0202ec5b38776a30110d58821032024.0.png [32m200[0m 1.600 ms - 720483[0m
2024-03-30 10:55:04 info: [0mGET /events/private [32m201[0m 3262.461 ms - -[0m
2024-03-30 10:55:04 info: [0mGET /public/files/albums/postPictureae1f84144937bf46327696a506b3c1075229fe6e36032024.0.jpeg [32m200[0m 3.122 ms - 112518[0m
2024-03-30 10:55:04 info: [0mGET /public/files/albums/postPicture59920180613d4829e916469c0d21a21aec0c6b0522032024.0.jpeg [32m200[0m 2.241 ms - 184815[0m
2024-03-30 10:55:04 info: [0mGET /public/files/albums/postPicture743ca3a2e5b6521ec3a62ce3e3807b4e1a91c1e442032024.0.jpeg [32m200[0m 3.155 ms - 33272[0m
2024-03-30 10:55:04 info: [0mGET /public/files/albums/postPicturef177743ca3a2e5b6521ec3a62ce3e3807b4e1a9150032024.0.jpeg [32m200[0m 2.129 ms - 46756[0m
2024-03-30 10:55:04 info: [0mGET /public/files/albums/postPicture20180613d4829e916469c0d21a21aec0c6b05c8927032024.0.jpeg [32m200[0m 1.571 ms - 575505[0m
2024-03-30 10:55:04 info: [0mGET /public/files/albums/postPictureca3a2e5b6521ec3a62ce3e3807b4e1a91c1e491b59032024.0.jpeg [32m200[0m 2.547 ms - 145776[0m
2024-03-30 10:55:05 info: [0mGET /events/private [32m201[0m 3482.214 ms - -[0m
2024-03-30 10:55:05 info: [0mGET /public/files/albums/postPicturef0f8f4c202005d0202ec5b38776a30110d588d7047032024.0.jpeg [32m200[0m 1.457 ms - 276025[0m
2024-03-30 10:55:07 info: [0mGET /public/files/albums/postPicture8f4c202005d0202ec5b38776a30110d588d7028a35032024.0.jpeg [32m200[0m 6.020 ms - 76188[0m
2024-03-30 10:55:14 info: [0mGET /public/files/albums/postPicture02ec5b38776a30110d588d7028a5be5591d5838e15032024.0.jpeg [32m200[0m 3.199 ms - 76871[0m
2024-03-30 10:55:16 info: [0mGET /public/files/albums/postPicturec5b38776a30110d588d7028a5be5591d5838e0a445032024.0.jpeg [32m200[0m 4.509 ms - 145776[0m
2024-03-30 11:02:21 info: =================================
2024-03-30 11:02:21 info: ======= ENV: development =======
2024-03-30 11:02:21 info: 🚀 App listening on the port 8000
2024-03-30 11:02:21 info: =================================
2024-03-30 11:02:27 info: [0mGET /events [32m201[0m 1336.977 ms - -[0m
2024-03-30 11:02:27 info: [0mGET /public/files/albums/postPicture6f22bd3cffb466d48b4449caad750886cd5196be53032024.0.jpeg [32m200[0m 6.533 ms - 83357[0m
2024-03-30 11:02:27 info: [0mGET /public/files/albums/postPictureebb14c20df6b2f6338d6f0f8f4c202005d0202ec10032024.0.jpeg [32m200[0m 2.374 ms - 145982[0m
2024-03-30 11:02:27 info: [0mGET /events [32m201[0m 855.213 ms - -[0m
2024-03-30 11:02:27 info: [0mGET /public/files/albums/postPicture20df6b2f6338d6f0f8f4c202005d0202ec5b387715032024.0.jpeg [32m200[0m 2.579 ms - 164582[0m
2024-03-30 11:02:27 info: [0mGET /public/files/albums/postPicture14c20df6b2f6338d6f0f8f4c202005d0202ec5b318032024.0.webp [32m200[0m 2.506 ms - 61856[0m
2024-03-30 11:02:27 info: [0mGET /public/files/albums/postPicturef6b2f6338d6f0f8f4c202005d0202ec5b38776a347032024.0.jpeg [32m200[0m 2.529 ms - 46901[0m
2024-03-30 11:02:27 info: [0mGET /public/files/albums/postPicture2f6338d6f0f8f4c202005d0202ec5b38776a301113032024.0.jpeg [32m200[0m 3.774 ms - 93354[0m
2024-03-30 11:02:27 info: [0mGET /public/files/albums/postPicture8d6f0f8f4c202005d0202ec5b38776a30110d58821032024.0.png [32m200[0m 2.583 ms - 720483[0m
2024-03-30 11:02:31 info: [0mGET /events/private [0m-[0m - ms - -[0m
2024-03-30 11:02:33 info: [0mGET /events [32m201[0m 878.005 ms - -[0m
2024-03-30 11:02:33 info: [0mGET /events/private [32m201[0m 1648.980 ms - -[0m
2024-03-30 11:02:33 info: [0mGET /public/files/albums/postPictureae1f84144937bf46327696a506b3c1075229fe6e36032024.0.jpeg [32m200[0m 1.844 ms - 112518[0m
2024-03-30 11:02:33 info: [0mGET /public/files/albums/postPicture59920180613d4829e916469c0d21a21aec0c6b0522032024.0.jpeg [32m200[0m 1.233 ms - 184815[0m
2024-03-30 11:02:34 info: [0mGET /public/files/albums/postPicture20180613d4829e916469c0d21a21aec0c6b05c8927032024.0.jpeg [32m200[0m 0.778 ms - 575505[0m
2024-03-30 11:02:34 info: [0mGET /public/files/albums/postPicture743ca3a2e5b6521ec3a62ce3e3807b4e1a91c1e442032024.0.jpeg [32m200[0m 2.058 ms - 33272[0m
2024-03-30 11:02:34 info: [0mGET /public/files/albums/postPicturef177743ca3a2e5b6521ec3a62ce3e3807b4e1a9150032024.0.jpeg [32m200[0m 1.689 ms - 46756[0m
2024-03-30 11:02:34 info: [0mGET /public/files/albums/postPictureca3a2e5b6521ec3a62ce3e3807b4e1a91c1e491b59032024.0.jpeg [32m200[0m 1.565 ms - 145776[0m
2024-03-30 11:02:34 info: [0mGET /events [32m201[0m 965.536 ms - -[0m
2024-03-30 11:02:38 info: [0mGET /events/private [0m-[0m - ms - -[0m
2024-03-30 11:02:39 info: [0mGET /events [32m201[0m 967.377 ms - -[0m
2024-03-30 11:02:40 info: [0mGET /events [32m201[0m 927.212 ms - -[0m
2024-03-30 11:02:44 info: [0mGET /events/private [0m-[0m - ms - -[0m
2024-03-30 11:02:45 info: [0mGET /events [32m201[0m 907.507 ms - -[0m
2024-03-30 11:02:46 info: [0mGET /events [32m201[0m 812.049 ms - -[0m
2024-03-30 11:02:49 info: [0mGET /events/private [0m-[0m - ms - -[0m
2024-03-30 11:02:51 info: [0mGET /events [32m201[0m 908.748 ms - -[0m
2024-03-30 11:02:52 info: [0mGET /events [32m201[0m 932.225 ms - -[0m
2024-03-30 11:03:01 info: [0mGET /events/private [0m-[0m - ms - -[0m
2024-03-30 11:03:03 info: [0mGET /events [32m201[0m 924.093 ms - -[0m
2024-03-30 11:03:05 info: [0mGET /events [32m201[0m 1773.394 ms - -[0m
2024-03-30 11:05:15 info: =================================
2024-03-30 11:05:15 info: ======= ENV: development =======
2024-03-30 11:05:15 info: 🚀 App listening on the port 8000
2024-03-30 11:05:15 info: =================================
2024-03-30 11:07:09 info: [0mGET /events [32m201[0m 1282.382 ms - -[0m
2024-03-30 11:07:09 info: [0mGET /public/files/albums/postPicture14c20df6b2f6338d6f0f8f4c202005d0202ec5b318032024.0.webp [32m200[0m 10.917 ms - 61856[0m
2024-03-30 11:07:09 info: [0mGET /public/files/albums/postPicture6f22bd3cffb466d48b4449caad750886cd5196be53032024.0.jpeg [32m200[0m 13.485 ms - 83357[0m
2024-03-30 11:07:09 info: [0mGET /public/files/albums/postPictureebb14c20df6b2f6338d6f0f8f4c202005d0202ec10032024.0.jpeg [32m200[0m 19.252 ms - 145982[0m
2024-03-30 11:07:11 info: [0mGET /events [32m201[0m 1858.300 ms - -[0m
2024-03-30 11:07:11 info: [0mGET /public/files/albums/postPicture20df6b2f6338d6f0f8f4c202005d0202ec5b387715032024.0.jpeg [32m200[0m 5.619 ms - 164582[0m
2024-03-30 11:07:11 info: [0mGET /public/files/albums/postPicturef6b2f6338d6f0f8f4c202005d0202ec5b38776a347032024.0.jpeg [32m200[0m 13.901 ms - 46901[0m
2024-03-30 11:07:11 info: [0mGET /public/files/albums/postPicture2f6338d6f0f8f4c202005d0202ec5b38776a301113032024.0.jpeg [32m200[0m 2.430 ms - 93354[0m
2024-03-30 11:07:11 info: [0mGET /public/files/albums/postPicture8d6f0f8f4c202005d0202ec5b38776a30110d58821032024.0.png [32m200[0m 2.444 ms - 720483[0m
2024-03-30 11:07:25 info: [0mGET /events/private [0m-[0m - ms - -[0m
2024-03-30 11:07:27 info: [0mGET /events [32m201[0m 1332.091 ms - -[0m
2024-03-30 11:07:28 info: [0mGET /events/private [32m201[0m 2370.004 ms - -[0m
2024-03-30 11:07:28 info: [0mGET /events [32m201[0m 1096.767 ms - -[0m
2024-03-30 11:07:28 info: [0mGET /public/files/albums/postPicture20180613d4829e916469c0d21a21aec0c6b05c8927032024.0.jpeg [32m200[0m 0.932 ms - 575505[0m
2024-03-30 11:07:28 info: [0mGET /public/files/albums/postPicture59920180613d4829e916469c0d21a21aec0c6b0522032024.0.jpeg [32m200[0m 1.478 ms - 184815[0m
2024-03-30 11:07:28 info: [0mGET /public/files/albums/postPictureae1f84144937bf46327696a506b3c1075229fe6e36032024.0.jpeg [32m200[0m 2.169 ms - 112518[0m
2024-03-30 11:07:28 info: [0mGET /public/files/albums/postPicturef177743ca3a2e5b6521ec3a62ce3e3807b4e1a9150032024.0.jpeg [32m200[0m 1.285 ms - 46756[0m
2024-03-30 11:07:28 info: [0mGET /public/files/albums/postPicture743ca3a2e5b6521ec3a62ce3e3807b4e1a91c1e442032024.0.jpeg [32m200[0m 0.825 ms - 33272[0m
2024-03-30 11:07:28 info: [0mGET /public/files/albums/postPictureca3a2e5b6521ec3a62ce3e3807b4e1a91c1e491b59032024.0.jpeg [32m200[0m 1.144 ms - 145776[0m
2024-03-30 11:07:30 info: [0mGET /events/private [32m201[0m 1746.985 ms - -[0m
2024-03-30 11:08:08 info: [0mGET /events [32m201[0m 976.899 ms - -[0m
2024-03-30 11:08:09 info: [0mGET /events/private [32m201[0m 1987.175 ms - -[0m
2024-03-30 11:08:09 info: [0mGET /events [32m201[0m 1021.353 ms - -[0m
2024-03-30 11:08:17 info: [0mGET /events/private [0m-[0m - ms - -[0m
2024-03-30 11:08:19 info: [0mGET /events [32m201[0m 987.521 ms - -[0m
2024-03-30 11:08:19 info: [0mGET /public/files/albums/postPicture14c20df6b2f6338d6f0f8f4c202005d0202ec5b318032024.0.webp [32m200[0m 1.349 ms - 61856[0m
2024-03-30 11:08:19 info: [0mGET /public/files/albums/postPicture6f22bd3cffb466d48b4449caad750886cd5196be53032024.0.jpeg [32m200[0m 1.350 ms - 83357[0m
2024-03-30 11:08:19 info: [0mGET /public/files/albums/postPictureebb14c20df6b2f6338d6f0f8f4c202005d0202ec10032024.0.jpeg [32m200[0m 2.176 ms - 145982[0m
2024-03-30 11:08:20 info: [0mGET /events [32m201[0m 1604.486 ms - -[0m
2024-03-30 11:08:20 info: [0mGET /public/files/albums/postPicture20df6b2f6338d6f0f8f4c202005d0202ec5b387715032024.0.jpeg [32m200[0m 2.356 ms - 164582[0m
2024-03-30 11:08:20 info: [0mGET /public/files/albums/postPicturef6b2f6338d6f0f8f4c202005d0202ec5b38776a347032024.0.jpeg [32m200[0m 3.417 ms - 46901[0m
2024-03-30 11:08:20 info: [0mGET /public/files/albums/postPicture2f6338d6f0f8f4c202005d0202ec5b38776a301113032024.0.jpeg [32m200[0m 6.890 ms - 93354[0m
2024-03-30 11:08:20 info: [0mGET /public/files/albums/postPicture8d6f0f8f4c202005d0202ec5b38776a30110d58821032024.0.png [32m200[0m 2.821 ms - 720483[0m
2024-03-30 11:08:27 info: [0mGET /events/private [0m-[0m - ms - -[0m
2024-03-30 11:08:30 info: [0mGET /events [32m201[0m 2446.922 ms - -[0m
2024-03-30 11:08:31 info: [0mGET /events [32m201[0m 883.126 ms - -[0m
2024-03-30 11:08:41 info: [0mGET /events/private [0m-[0m - ms - -[0m
2024-03-30 11:09:31 info: =================================
2024-03-30 11:09:31 info: ======= ENV: development =======
2024-03-30 11:09:31 info: 🚀 App listening on the port 8000
2024-03-30 11:09:31 info: =================================
2024-03-30 11:09:38 info: [0mGET /events [32m201[0m 1844.311 ms - -[0m
2024-03-30 11:09:39 info: [0mGET /events/private [32m201[0m 2735.918 ms - -[0m
2024-03-30 11:09:40 info: [0mGET /events [32m201[0m 1784.018 ms - -[0m
2024-03-30 11:09:42 info: [0mGET /events/private [32m201[0m 3696.395 ms - -[0m
2024-03-30 11:14:32 info: =================================
2024-03-30 11:14:32 info: ======= ENV: development =======
2024-03-30 11:14:32 info: 🚀 App listening on the port 8000
2024-03-30 11:14:32 info: =================================
2024-03-30 11:14:37 info: [0mGET /events [32m201[0m 1263.184 ms - -[0m
2024-03-30 11:14:39 info: [0mGET /events [32m201[0m 1111.018 ms - -[0m
2024-03-30 11:14:39 info: [0mGET /public/files/albums/postPicture6f22bd3cffb466d48b4449caad750886cd5196be53032024.0.jpeg [32m200[0m 9.076 ms - 83357[0m
2024-03-30 11:14:39 info: [0mGET /public/files/albums/postPictureebb14c20df6b2f6338d6f0f8f4c202005d0202ec10032024.0.jpeg [32m200[0m 6.252 ms - 145982[0m
2024-03-30 11:14:39 info: [0mGET /public/files/albums/postPicture14c20df6b2f6338d6f0f8f4c202005d0202ec5b318032024.0.webp [32m200[0m 3.381 ms - 61856[0m
2024-03-30 11:14:39 info: [0mGET /public/files/albums/postPicture20df6b2f6338d6f0f8f4c202005d0202ec5b387715032024.0.jpeg [32m200[0m 3.488 ms - 164582[0m
2024-03-30 11:14:55 info: [0mGET /events/private [0m-[0m - ms - -[0m
2024-03-30 11:14:57 info: [0mGET /events [32m201[0m 1062.172 ms - -[0m
2024-03-30 11:14:58 info: [0mGET /events/private [32m201[0m 1835.919 ms - -[0m
2024-03-30 11:14:58 info: [0mGET /public/files/albums/postPictureae1f84144937bf46327696a506b3c1075229fe6e36032024.0.jpeg [32m200[0m 2.277 ms - 112518[0m
2024-03-30 11:14:58 info: [0mGET /public/files/albums/postPicture59920180613d4829e916469c0d21a21aec0c6b0522032024.0.jpeg [32m200[0m 1.017 ms - 184815[0m
2024-03-30 11:14:58 info: [0mGET /public/files/albums/postPicturef177743ca3a2e5b6521ec3a62ce3e3807b4e1a9150032024.0.jpeg [32m200[0m 6.418 ms - 46756[0m
2024-03-30 11:14:58 info: [0mGET /public/files/albums/postPicture20180613d4829e916469c0d21a21aec0c6b05c8927032024.0.jpeg [32m200[0m 3.314 ms - 575505[0m
2024-03-30 11:14:58 info: [0mGET /events [32m201[0m 1129.236 ms - -[0m
2024-03-30 11:15:01 info: [0mGET /events/private [32m201[0m 3167.745 ms - -[0m
2024-03-30 11:16:49 info: =================================
2024-03-30 11:16:49 info: ======= ENV: development =======
2024-03-30 11:16:49 info: 🚀 App listening on the port 8000
2024-03-30 11:16:49 info: =================================
2024-03-30 11:16:56 info: [0mGET /events [32m201[0m 1160.092 ms - -[0m
2024-03-30 11:17:05 info: [0mGET /events [0m-[0m - ms - -[0m
2024-03-30 11:17:05 info: [0mGET /events/private [0m-[0m - ms - -[0m
2024-03-30 11:17:27 info: [0mGET /events [32m201[0m 991.220 ms - -[0m
2024-03-30 11:17:27 info: [0mGET /public/files/albums/postPicture6f22bd3cffb466d48b4449caad750886cd5196be53032024.0.jpeg [32m200[0m 7.097 ms - 83357[0m
2024-03-30 11:18:07 info: =================================
2024-03-30 11:18:07 info: ======= ENV: development =======
2024-03-30 11:18:07 info: 🚀 App listening on the port 8000
2024-03-30 11:18:07 info: =================================
2024-03-30 11:18:17 info: [0mGET /events [32m201[0m 1587.612 ms - -[0m
2024-03-30 11:18:18 info: [0mGET /events [32m201[0m 919.718 ms - -[0m
2024-03-30 11:18:29 info: [0mGET /events/private [0m-[0m - ms - -[0m
2024-03-30 11:18:31 info: [0mGET /events [32m201[0m 996.197 ms - -[0m
2024-03-30 11:18:33 info: [0mGET /events [32m201[0m 1159.590 ms - -[0m
2024-03-30 11:18:33 info: [0mGET /public/files/albums/postPicture6f22bd3cffb466d48b4449caad750886cd5196be53032024.0.jpeg [32m200[0m 7.344 ms - 83357[0m
2024-03-30 11:18:33 info: [0mGET /public/files/albums/postPictureebb14c20df6b2f6338d6f0f8f4c202005d0202ec10032024.0.jpeg [32m200[0m 4.389 ms - 145982[0m
2024-03-30 11:18:33 info: [0mGET /public/files/albums/postPicture14c20df6b2f6338d6f0f8f4c202005d0202ec5b318032024.0.webp [32m200[0m 1.454 ms - 61856[0m
2024-03-30 11:18:33 info: [0mGET /public/files/albums/postPicture20df6b2f6338d6f0f8f4c202005d0202ec5b387715032024.0.jpeg [32m200[0m 0.887 ms - 164582[0m
2024-03-30 11:19:03 info: [0mGET /events/private [32m201[0m 32638.903 ms - -[0m
2024-03-30 11:19:03 info: [0mGET /public/files/albums/postPicture59920180613d4829e916469c0d21a21aec0c6b0522032024.0.jpeg [32m200[0m 4.090 ms - 184815[0m
2024-03-30 11:19:03 info: [0mGET /public/files/albums/postPictureae1f84144937bf46327696a506b3c1075229fe6e36032024.0.jpeg [32m200[0m 3.738 ms - 112518[0m
2024-03-30 11:19:03 info: [0mGET /public/files/albums/postPicture20180613d4829e916469c0d21a21aec0c6b05c8927032024.0.jpeg [32m200[0m 2.918 ms - 575505[0m
2024-03-30 11:19:03 info: [0mGET /public/files/albums/postPicturef177743ca3a2e5b6521ec3a62ce3e3807b4e1a9150032024.0.jpeg [32m200[0m 1.123 ms - 46756[0m
2024-03-30 11:19:23 info: [0mGET /events/private [32m201[0m 32457.541 ms - -[0m
2024-03-30 11:20:36 info: =================================
2024-03-30 11:20:36 info: ======= ENV: development =======
2024-03-30 11:20:36 info: 🚀 App listening on the port 8000
2024-03-30 11:20:36 info: =================================
2024-03-30 11:20:47 info: [0mGET /events/private [32m201[0m 1070.664 ms - -[0m
2024-03-30 11:20:47 info: [0mGET /events [32m201[0m 1011.487 ms - -[0m
2024-03-30 11:20:47 info: [0mGET /public/files/albums/postPictureebb14c20df6b2f6338d6f0f8f4c202005d0202ec10032024.0.jpeg [32m200[0m 7.617 ms - 145982[0m
2024-03-30 11:20:47 info: [0mGET /public/files/albums/postPicture6f22bd3cffb466d48b4449caad750886cd5196be53032024.0.jpeg [32m200[0m 5.169 ms - 83357[0m
2024-03-30 11:20:47 info: [0mGET /public/files/albums/postPicture14c20df6b2f6338d6f0f8f4c202005d0202ec5b318032024.0.webp [32m200[0m 1.438 ms - 61856[0m
2024-03-30 11:20:47 info: [0mGET /public/files/albums/postPicture20df6b2f6338d6f0f8f4c202005d0202ec5b387715032024.0.jpeg [32m200[0m 3.052 ms - 164582[0m
2024-03-30 11:20:47 info: [0mGET /public/files/albums/postPictureae1f84144937bf46327696a506b3c1075229fe6e03032024.0.jpeg [32m200[0m 3.488 ms - 83357[0m
2024-03-30 11:20:47 info: [0mGET /public/files/albums/postPicture59920180613d4829e916469c0d21a21aec0c6b0543032024.0.jpeg [32m200[0m 2.087 ms - 145982[0m
2024-03-30 11:20:47 info: [0mGET /public/files/albums/postPicture20180613d4829e916469c0d21a21aec0c6b05c8945032024.0.jpeg [32m200[0m 2.132 ms - 133479[0m
2024-03-30 11:20:47 info: [0mGET /public/files/albums/postPicturef177743ca3a2e5b6521ec3a62ce3e3807b4e1a9105032024.0.jpeg [32m200[0m 1.106 ms - 164582[0m
2024-03-30 11:20:48 info: [0mGET /events/private [32m201[0m 1074.361 ms - -[0m
2024-03-30 11:20:48 info: [0mGET /events [32m201[0m 1508.712 ms - -[0m
2024-03-30 11:20:58 info: [0mGET /events/private [32m201[0m 975.840 ms - -[0m
2024-03-30 11:20:58 info: [0mGET /events [32m201[0m 1067.442 ms - -[0m
2024-03-30 11:20:59 info: [0mGET /events/private [32m201[0m 899.502 ms - -[0m
2024-03-30 11:20:59 info: [0mGET /events [32m201[0m 986.333 ms - -[0m
2024-03-30 11:21:06 info: [0mGET /events/private [32m201[0m 1018.247 ms - -[0m
2024-03-30 11:21:06 info: [0mGET /events [32m201[0m 1079.432 ms - -[0m
2024-03-30 11:21:07 info: [0mGET /events/private [32m201[0m 908.989 ms - -[0m
2024-03-30 11:21:07 info: [0mGET /events [32m201[0m 1064.074 ms - -[0m
