2024-03-19 05:14:33 info: [0mGET /public/files/albums/postPicture20df6b2f6338d6f0f8f4c202005d0202ec5b3877.0.jpeg [32m200[0m 14.007 ms - 46756[0m
2024-03-19 05:14:35 info: [0mGET /public/files/albums/postPicture20df6b2f6338d6f0f8f4c202005d0202ec5b3877.0.jpeg [32m200[0m 1.536 ms - 46756[0m
2024-03-19 05:14:35 info: [0mGET /public/files/albums/postPicture6f22bd3cffb466d48b4449caad750886cd5196be.0.jpeg [32m200[0m 51.850 ms - 112518[0m
2024-03-19 05:14:35 info: [0mGET /public/files/albums/postPictureae1f84144937bf46327696a506b3c1075229fe6e.0.jpeg [32m200[0m 51.619 ms - 112518[0m
2024-03-19 05:14:35 info: [0mGET /public/files/albums/postPictureebb14c20df6b2f6338d6f0f8f4c202005d0202ec.0.jpeg [32m200[0m 49.385 ms - 184815[0m
2024-03-19 05:14:35 info: [0mGET /public/files/albums/postPicture59920180613d4829e916469c0d21a21aec0c6b05.0.jpeg [32m200[0m 238.869 ms - 184815[0m
2024-03-19 05:14:35 info: [0mGET /public/files/albums/postPicturef6b2f6338d6f0f8f4c202005d0202ec5b38776a3.0.jpeg [32m200[0m 21.270 ms - 33272[0m
2024-03-19 05:14:35 info: [0mGET /public/files/albums/postPicturef177743ca3a2e5b6521ec3a62ce3e3807b4e1a91.0.jpeg [32m200[0m 54.277 ms - 33272[0m
2024-03-19 05:14:35 info: [0mGET /public/files/albums/postPictureca3a2e5b6521ec3a62ce3e3807b4e1a91c1e491b.0.jpeg [32m200[0m 17.560 ms - 145776[0m
2024-03-19 05:14:35 info: [0mGET /public/files/albums/postPicture14c20df6b2f6338d6f0f8f4c202005d0202ec5b3.0.jpeg [32m200[0m 96.067 ms - 575505[0m
2024-03-19 05:14:35 info: [0mGET /public/files/albums/postPicture20180613d4829e916469c0d21a21aec0c6b05c89.0.jpeg [32m200[0m 53.443 ms - 575505[0m
2024-03-19 05:14:36 info: [0mGET /events [32m201[0m 1090.154 ms - -[0m
2024-03-19 05:14:36 info: [0mGET /public/files/albums/postPicture6f22bd3cffb466d48b4449caad750886cd5196be.0.jpeg [32m200[0m 2.696 ms - 112518[0m
2024-03-19 05:14:36 info: [0mGET /events/private [32m201[0m 1743.250 ms - -[0m
2024-03-19 05:14:37 info: [0mGET /events [32m201[0m 792.563 ms - -[0m
2024-03-19 05:14:37 info: [0mGET /events/private [32m201[0m 1014.942 ms - -[0m
2024-03-19 05:33:58 info: [0mGET /events [32m201[0m 717.171 ms - -[0m
2024-03-19 05:33:58 info: [0mGET /public/files/albums/postPictureebb14c20df6b2f6338d6f0f8f4c202005d0202ec.0.jpeg [32m200[0m 14.877 ms - 184815[0m
2024-03-19 05:33:58 info: [0mGET /public/files/albums/postPicture6f22bd3cffb466d48b4449caad750886cd5196be.0.jpeg [32m200[0m 8.987 ms - 112518[0m
2024-03-19 05:33:58 info: [0mGET /public/files/albums/postPicture14c20df6b2f6338d6f0f8f4c202005d0202ec5b3.0.jpeg [32m200[0m 7.037 ms - 575505[0m
2024-03-19 05:33:58 info: [0mGET /public/files/albums/postPicture20df6b2f6338d6f0f8f4c202005d0202ec5b3877.0.jpeg [32m200[0m 1.628 ms - 46756[0m
2024-03-19 05:33:58 info: [0mGET /public/files/albums/postPicturef177743ca3a2e5b6521ec3a62ce3e3807b4e1a91.0.jpeg [32m200[0m 0.921 ms - 33272[0m
2024-03-19 05:33:58 info: [0mGET /public/files/albums/postPictureae1f84144937bf46327696a506b3c1075229fe6e.0.jpeg [32m200[0m 0.608 ms - 112518[0m
2024-03-19 05:33:58 info: [0mGET /public/files/albums/postPicturef6b2f6338d6f0f8f4c202005d0202ec5b38776a3.0.jpeg [32m200[0m 1.242 ms - 33272[0m
2024-03-19 05:33:58 info: [0mGET /public/files/albums/postPicture20180613d4829e916469c0d21a21aec0c6b05c89.0.jpeg [32m200[0m 1.201 ms - 575505[0m
2024-03-19 05:33:58 info: [0mGET /public/files/albums/postPicture59920180613d4829e916469c0d21a21aec0c6b05.0.jpeg [32m200[0m 2.266 ms - 184815[0m
2024-03-19 05:33:58 info: [0mGET /public/files/albums/postPictureca3a2e5b6521ec3a62ce3e3807b4e1a91c1e491b.0.jpeg [32m200[0m 4.283 ms - 145776[0m
2024-03-19 05:33:59 info: [0mGET /events/private [32m201[0m 1196.149 ms - -[0m
2024-03-19 05:33:59 info: [0mGET /events [32m201[0m 430.275 ms - -[0m
2024-03-19 05:33:59 info: [0mGET /public/files/albums/postPicture2f6338d6f0f8f4c202005d0202ec5b38776a3011.0.jpeg [32m200[0m 2.148 ms - 145776[0m
2024-03-19 05:33:59 info: [0mGET /events/private [32m201[0m 850.793 ms - -[0m
2024-03-19 05:34:02 info: [0mGET /events [32m201[0m 528.326 ms - -[0m
2024-03-19 05:34:02 info: [0mGET /events/private [32m201[0m 920.307 ms - -[0m
2024-03-19 05:34:02 info: [0mGET /events [32m201[0m 459.091 ms - -[0m
2024-03-19 05:34:03 info: [0mGET /events/private [32m201[0m 940.260 ms - -[0m
2024-03-19 05:34:09 info: [0mGET /public/files/albums/postPicture8d6f0f8f4c202005d0202ec5b38776a30110d588.0.jpeg [32m200[0m 2.913 ms - 123873[0m
2024-03-19 06:41:01 info: [0mPOST /events/upload/c5b38776a30110d588d7028a5be5591d5838e0a4 [32m201[0m 64.832 ms - 59[0m
2024-03-19 06:41:13 info: [0mPOST /events/upload/c5b38776a30110d588d7028a5be5591d5838e0a4 [32m201[0m 31.695 ms - 59[0m
2024-03-19 06:43:15 info: [0mPOST /events/upload/ebb14c20df6b2f6338d6f0f8f4c202005d0202ec [32m201[0m 20.820 ms - 59[0m
2024-03-19 06:43:25 info: [0mPOST /events/upload/ebb14c20df6b2f6338d6f0f8f4c202005d0202ec [32m201[0m 19.143 ms - 59[0m
2024-03-19 06:46:05 info: [0mPOST /events/upload/20df6b2f6338d6f0f8f4c202005d0202ec5b3877 [32m201[0m 28.976 ms - 59[0m
2024-03-19 06:46:14 info: [0mPOST /events/upload/20df6b2f6338d6f0f8f4c202005d0202ec5b3877 [32m201[0m 12.806 ms - 59[0m
2024-03-19 06:48:24 info: [0mPOST /events/upload/5d0202ec5b38776a30110d588d7028a5be5591d5 [32m201[0m 25.675 ms - 59[0m
2024-03-19 06:48:35 info: [0mPOST /events/upload/5d0202ec5b38776a30110d588d7028a5be5591d5 [32m201[0m 26.781 ms - 59[0m
2024-03-19 06:50:33 info: [0mPOST /events/upload/2005d0202ec5b38776a30110d588d7028a5be559 [32m201[0m 12.321 ms - 59[0m
2024-03-19 06:50:46 info: [0mPOST /events/upload/2005d0202ec5b38776a30110d588d7028a5be559 [32m201[0m 13.521 ms - 59[0m
2024-03-19 06:55:36 error: [GET] /users/cus_PivIoflr1UrItn >> StatusCode:: 401, Message:: missing token
2024-03-19 06:55:36 info: [0mGET /users/cus_PivIoflr1UrItn [33m401[0m 85.644 ms - 27[0m
2024-03-19 06:55:37 info: [0mPOST /refresh [32m200[0m 16.358 ms - 248[0m
2024-03-19 06:55:38 error: [GET] /users/cus_PivIoflr1UrItn >> StatusCode:: 400, Message:: Wrong authentication token
2024-03-19 06:55:38 info: [0mGET /users/cus_PivIoflr1UrItn [33m400[0m 454.738 ms - 40[0m
2024-03-19 07:11:21 info: [0mPOST /events/upload/8d6f0f8f4c202005d0202ec5b38776a30110d588 [32m201[0m 26.709 ms - 59[0m
2024-03-19 07:11:29 info: [0mPOST /events/upload/8d6f0f8f4c202005d0202ec5b38776a30110d588 [32m201[0m 27.531 ms - 59[0m
2024-03-19 07:42:45 info: [0mPOST /events/upload/8f0f8f4c202005d0202ec5b38776a30110d588d70 [32m201[0m 30.013 ms - 59[0m
2024-03-19 07:42:57 info: [0mPOST /events/upload/8f0f8f4c202005d0202ec5b38776a30110d588d70 [32m201[0m 10.188 ms - 59[0m
2024-03-19 07:43:51 info: [0mPOST /events/upload/f0f8f4c202005d0202ec5b38776a30110d588d70 [32m201[0m 31.504 ms - 59[0m
2024-03-19 07:44:05 info: [0mPOST /events/upload/f0f8f4c202005d0202ec5b38776a30110d588d70 [32m201[0m 5.911 ms - 59[0m
2024-03-19 07:46:10 info: [0mPOST /events/upload/8f4c202005d0202ec5b38776a30110d588d7028a [32m201[0m 9.937 ms - 59[0m
2024-03-19 07:46:19 info: [0mPOST /events/upload/8f4c202005d0202ec5b38776a30110d588d7028a [32m201[0m 9.720 ms - 59[0m
2024-03-19 07:47:20 info: [0mPOST /events/upload/2f6338d6f0f8f4c202005d0202ec5b38776a3011 [32m201[0m 10.595 ms - 59[0m
2024-03-19 07:47:33 info: [0mPOST /events/upload/2f6338d6f0f8f4c202005d0202ec5b38776a3011 [32m201[0m 23.480 ms - 59[0m
2024-03-19 07:49:14 info: [0mPOST /events/upload/f6b2f6338d6f0f8f4c202005d0202ec5b38776a3 [32m201[0m 10.448 ms - 59[0m
2024-03-19 07:49:24 info: [0mPOST /events/upload/f6b2f6338d6f0f8f4c202005d0202ec5b38776a3 [32m201[0m 5.227 ms - 59[0m
2024-03-19 07:50:33 info: [0mGET /public/files/albums/postPicturef0f8f4c202005d0202ec5b38776a30110d588d70.0.jpeg [32m200[0m 1.868 ms - 33659[0m
2024-03-19 07:50:36 info: [0mGET /public/files/albums/postPicture8f4c202005d0202ec5b38776a30110d588d7028a.0.jpeg [32m200[0m 1.045 ms - 76188[0m
2024-03-19 07:50:38 info: [0mGET /public/files/albums/postPicture2005d0202ec5b38776a30110d588d7028a5be559.0.jpeg [32m200[0m 1.443 ms - 115888[0m
2024-03-19 07:50:40 info: [0mGET /public/files/albums/postPicture5d0202ec5b38776a30110d588d7028a5be5591d5.0.jpeg [32m200[0m 2.053 ms - 307701[0m
2024-03-19 07:50:43 info: [0mGET /public/files/albums/postPicturec5b38776a30110d588d7028a5be5591d5838e0a4.0.jpeg [32m200[0m 3.153 ms - 93354[0m
2024-03-19 07:56:56 info: [0mGET /public/files/albums/postPicture14c20df6b2f6338d6f0f8f4c202005d0202ec5b3.0.jpeg [32m200[0m 6.331 ms - 575505[0m
2024-03-19 07:57:00 info: [0mGET /events [32m201[0m 725.863 ms - -[0m
2024-03-19 07:57:01 info: [0mGET /events/private [32m201[0m 1195.298 ms - -[0m
2024-03-19 07:57:01 info: [0mGET /events [32m201[0m 554.820 ms - -[0m
2024-03-19 07:57:02 info: [0mGET /events/private [32m201[0m 952.212 ms - -[0m
2024-03-19 07:57:37 info: [0mGET /public/files/albums/postPicture2f6338d6f0f8f4c202005d0202ec5b38776a3011.0.jpeg [32m200[0m 2.673 ms - 93354[0m
2024-03-19 07:57:40 info: [0mGET /events [32m201[0m 559.963 ms - -[0m
2024-03-19 07:57:40 info: [0mGET /events/private [32m201[0m 977.188 ms - -[0m
2024-03-19 07:57:40 info: [0mGET /events [32m201[0m 470.954 ms - -[0m
2024-03-19 07:57:41 info: [0mGET /events/private [32m201[0m 924.199 ms - -[0m
2024-03-19 07:57:43 info: [0mGET /public/files/albums/postPicture59920180613d4829e916469c0d21a21aec0c6b05.0.jpeg [32m200[0m 2.612 ms - 184815[0m
2024-03-19 07:57:45 info: [0mGET /events [32m201[0m 505.985 ms - -[0m
2024-03-19 07:57:45 info: [0mGET /events/private [32m201[0m 911.523 ms - -[0m
2024-03-19 07:57:45 info: [0mGET /events [32m201[0m 493.554 ms - -[0m
2024-03-19 07:57:46 info: [0mGET /events/private [32m201[0m 865.030 ms - -[0m
2024-03-19 07:58:42 info: [0mGET /events [32m201[0m 533.052 ms - -[0m
2024-03-19 07:58:42 info: [0mGET /events/private [32m201[0m 939.419 ms - -[0m
2024-03-19 07:58:42 info: [0mGET /events [32m201[0m 495.050 ms - -[0m
2024-03-19 07:58:42 info: [0mGET /public/files/albums/postPictureae1f84144937bf46327696a506b3c1075229fe6e.0.jpeg [32m200[0m 4.370 ms - 112518[0m
2024-03-19 07:58:42 info: [0mGET /public/files/albums/postPicturef177743ca3a2e5b6521ec3a62ce3e3807b4e1a91.0.jpeg [32m200[0m 1.944 ms - 33272[0m
2024-03-19 07:58:42 info: [0mGET /public/files/albums/postPicture59920180613d4829e916469c0d21a21aec0c6b05.0.jpeg [32m200[0m 2.078 ms - 184815[0m
2024-03-19 07:58:42 info: [0mGET /public/files/albums/postPictureca3a2e5b6521ec3a62ce3e3807b4e1a91c1e491b.0.jpeg [32m200[0m 1.643 ms - 145776[0m
2024-03-19 07:58:42 info: [0mGET /public/files/albums/postPicture20180613d4829e916469c0d21a21aec0c6b05c89.0.jpeg [32m200[0m 1.919 ms - 575505[0m
2024-03-19 07:58:43 info: [0mGET /events/private [32m201[0m 880.874 ms - -[0m
2024-03-19 07:59:14 info: [0mGET /events [32m201[0m 535.896 ms - -[0m
2024-03-19 07:59:14 info: [0mGET /events/private [32m201[0m 935.245 ms - -[0m
2024-03-19 07:59:14 info: [0mGET /events [32m201[0m 449.313 ms - -[0m
2024-03-19 07:59:15 info: [0mGET /events/private [32m201[0m 842.361 ms - -[0m
2024-03-19 07:59:32 info: [0mGET /events [32m201[0m 470.634 ms - -[0m
2024-03-19 07:59:32 info: [0mGET /events/private [32m201[0m 904.594 ms - -[0m
2024-03-19 07:59:32 info: [0mGET /events [32m201[0m 467.751 ms - -[0m
2024-03-19 07:59:33 info: [0mGET /events/private [32m201[0m 866.987 ms - -[0m
2024-03-19 07:59:50 info: [0mGET /events [32m201[0m 509.315 ms - -[0m
2024-03-19 07:59:50 info: [0mGET /events/private [32m201[0m 854.311 ms - -[0m
2024-03-19 07:59:50 info: [0mGET /events [32m201[0m 458.367 ms - -[0m
2024-03-19 07:59:51 info: [0mGET /events/private [32m201[0m 812.324 ms - -[0m
2024-03-19 08:00:54 info: [0mGET /events [32m201[0m 520.206 ms - -[0m
2024-03-19 08:02:39 info: [0mGET /events [32m201[0m 550.740 ms - -[0m
2024-03-19 08:02:39 info: [0mGET /events/private [32m201[0m 963.846 ms - -[0m
2024-03-19 08:02:39 info: [0mGET /events [32m201[0m 437.570 ms - -[0m
2024-03-19 08:02:40 info: [0mGET /events/private [32m201[0m 888.278 ms - -[0m
2024-03-19 08:03:13 info: [0mGET /events [32m201[0m 483.186 ms - -[0m
2024-03-19 08:03:13 info: [0mGET /events/private [32m201[0m 885.498 ms - -[0m
2024-03-19 08:03:13 info: [0mGET /events [32m201[0m 463.656 ms - -[0m
2024-03-19 08:03:13 info: [0mGET /public/files/albums/postPictureae1f84144937bf46327696a506b3c1075229fe6e.0.jpeg [32m200[0m 1.248 ms - 112518[0m
2024-03-19 08:03:13 info: [0mGET /public/files/albums/postPicture59920180613d4829e916469c0d21a21aec0c6b05.0.jpeg [32m200[0m 1.063 ms - 184815[0m
2024-03-19 08:03:13 info: [0mGET /public/files/albums/postPicture20180613d4829e916469c0d21a21aec0c6b05c89.0.jpeg [32m200[0m 0.883 ms - 575505[0m
2024-03-19 08:03:14 info: [0mGET /events/private [32m201[0m 831.445 ms - -[0m
2024-03-19 08:03:15 info: [0mGET /public/files/albums/postPicturef177743ca3a2e5b6521ec3a62ce3e3807b4e1a91.0.jpeg [32m200[0m 2.567 ms - 33272[0m
2024-03-19 08:03:18 info: [0mGET /public/files/albums/postPictureca3a2e5b6521ec3a62ce3e3807b4e1a91c1e491b.0.jpeg [32m200[0m 3.523 ms - 145776[0m
2024-03-19 08:05:00 info: [0mGET /events [32m201[0m 560.194 ms - -[0m
2024-03-19 08:05:00 info: [0mGET /events/private [32m201[0m 994.075 ms - -[0m
2024-03-19 08:05:00 info: [0mGET /events [32m201[0m 460.394 ms - -[0m
2024-03-19 08:05:01 info: [0mGET /events/private [32m201[0m 836.446 ms - -[0m
2024-03-19 08:05:06 info: [0mGET /events [32m201[0m 466.246 ms - -[0m
2024-03-19 08:05:07 info: [0mGET /events/private [32m201[0m 875.315 ms - -[0m
2024-03-19 08:05:07 info: [0mGET /events [32m201[0m 471.933 ms - -[0m
2024-03-19 08:05:08 info: [0mGET /events/private [32m201[0m 854.959 ms - -[0m
2024-03-19 08:05:11 info: [0mGET /events [32m201[0m 516.942 ms - -[0m
2024-03-19 08:05:12 info: [0mGET /events/private [32m201[0m 962.827 ms - -[0m
2024-03-19 08:05:12 info: [0mGET /events [32m201[0m 521.334 ms - -[0m
2024-03-19 08:05:13 info: [0mGET /events/private [32m201[0m 861.282 ms - -[0m
2024-03-19 08:06:21 info: [0mGET /events [32m201[0m 560.269 ms - -[0m
2024-03-19 08:06:22 info: [0mGET /events/private [32m201[0m 1034.687 ms - -[0m
2024-03-19 08:06:22 info: [0mGET /events [32m201[0m 554.118 ms - -[0m
2024-03-19 08:06:23 info: [0mGET /events/private [32m201[0m 835.466 ms - -[0m
2024-03-19 08:06:35 info: [0mGET /events [32m201[0m 472.791 ms - -[0m
2024-03-19 08:06:35 info: [0mGET /events/private [32m201[0m 866.893 ms - -[0m
2024-03-19 08:06:35 info: [0mGET /events [32m201[0m 454.710 ms - -[0m
2024-03-19 08:06:36 info: [0mGET /events/private [32m201[0m 862.598 ms - -[0m
2024-03-19 08:06:51 info: [0mGET /events [32m201[0m 487.635 ms - -[0m
2024-03-19 08:06:52 info: [0mGET /events/private [32m201[0m 890.303 ms - -[0m
2024-03-19 08:06:52 info: [0mGET /events [32m201[0m 450.936 ms - -[0m
2024-03-19 08:06:52 info: [0mGET /public/files/albums/postPictureae1f84144937bf46327696a506b3c1075229fe6e.0.jpeg [32m200[0m 1.746 ms - 112518[0m
2024-03-19 08:06:52 info: [0mGET /public/files/albums/postPicture59920180613d4829e916469c0d21a21aec0c6b05.0.jpeg [32m200[0m 0.858 ms - 184815[0m
2024-03-19 08:06:52 info: [0mGET /public/files/albums/postPicture20180613d4829e916469c0d21a21aec0c6b05c89.0.jpeg [32m200[0m 0.944 ms - 575505[0m
2024-03-19 08:06:53 info: [0mGET /events/private [32m201[0m 886.562 ms - -[0m
2024-03-19 08:06:54 info: [0mGET /public/files/albums/postPicturef177743ca3a2e5b6521ec3a62ce3e3807b4e1a91.0.jpeg [32m200[0m 4.092 ms - 33272[0m
2024-03-19 08:06:56 info: [0mGET /public/files/albums/postPictureca3a2e5b6521ec3a62ce3e3807b4e1a91c1e491b.0.jpeg [32m200[0m 3.878 ms - 145776[0m
2024-03-19 08:08:42 info: [0mGET /events [32m201[0m 487.782 ms - -[0m
2024-03-19 08:08:42 info: [0mGET /events/private [32m201[0m 897.642 ms - -[0m
2024-03-19 08:08:42 info: [0mGET /events [32m201[0m 456.369 ms - -[0m
2024-03-19 08:08:42 info: [0mGET /public/files/albums/postPicturef177743ca3a2e5b6521ec3a62ce3e3807b4e1a91.0.jpeg [32m200[0m 8.872 ms - 33272[0m
2024-03-19 08:08:42 info: [0mGET /public/files/albums/postPictureae1f84144937bf46327696a506b3c1075229fe6e.0.jpeg [32m200[0m 10.089 ms - 112518[0m
2024-03-19 08:08:42 info: [0mGET /public/files/albums/postPicture59920180613d4829e916469c0d21a21aec0c6b05.0.jpeg [32m200[0m 9.673 ms - 184815[0m
2024-03-19 08:08:42 info: [0mGET /public/files/albums/postPictureca3a2e5b6521ec3a62ce3e3807b4e1a91c1e491b.0.jpeg [32m200[0m 7.508 ms - 145776[0m
2024-03-19 08:08:43 info: [0mGET /public/files/albums/postPicture20180613d4829e916469c0d21a21aec0c6b05c89.0.jpeg [32m200[0m 7.675 ms - 575505[0m
2024-03-19 08:08:43 info: [0mGET /events/private [32m201[0m 865.029 ms - -[0m
2024-03-19 08:09:34 info: [0mGET /events [32m201[0m 582.452 ms - -[0m
2024-03-19 08:09:35 info: [0mGET /events/private [32m201[0m 959.122 ms - -[0m
2024-03-19 08:09:35 info: [0mGET /events [32m201[0m 446.865 ms - -[0m
2024-03-19 08:09:35 info: [0mGET /events/private [32m201[0m 906.360 ms - -[0m
2024-03-19 08:09:37 info: [0mGET /events [32m201[0m 469.085 ms - -[0m
2024-03-19 08:09:38 info: [0mGET /events/private [32m201[0m 903.438 ms - -[0m
2024-03-19 08:09:38 info: [0mGET /events [32m201[0m 499.857 ms - -[0m
2024-03-19 08:09:38 info: [0mGET /events/private [32m201[0m 858.555 ms - -[0m
2024-03-19 08:10:16 info: [0mGET /events [32m201[0m 531.474 ms - -[0m
2024-03-19 08:10:16 info: [0mGET /events/private [32m201[0m 961.810 ms - -[0m
2024-03-19 08:10:16 info: [0mGET /events [32m201[0m 477.080 ms - -[0m
2024-03-19 08:10:17 info: [0mGET /events/private [32m201[0m 892.893 ms - -[0m
2024-03-19 08:11:12 info: [0mGET /public/files/albums/postPictureae1f84144937bf46327696a506b3c1075229fe6e.0.jpeg [32m200[0m 2.478 ms - 112518[0m
2024-03-19 08:11:12 info: [0mGET /public/files/albums/postPicture59920180613d4829e916469c0d21a21aec0c6b05.0.jpeg [32m200[0m 3.180 ms - 184815[0m
2024-03-19 08:11:12 info: [0mGET /public/files/albums/postPicture20180613d4829e916469c0d21a21aec0c6b05c89.0.jpeg [32m200[0m 1.452 ms - 575505[0m
2024-03-19 08:11:12 info: [0mGET /events [32m201[0m 609.457 ms - -[0m
2024-03-19 08:11:13 info: [0mGET /events/private [32m201[0m 1038.804 ms - -[0m
2024-03-19 08:11:13 info: [0mGET /events [32m201[0m 495.493 ms - -[0m
2024-03-19 08:11:13 info: [0mGET /events/private [32m201[0m 867.964 ms - -[0m
2024-03-19 08:11:14 info: [0mGET /public/files/albums/postPicturef177743ca3a2e5b6521ec3a62ce3e3807b4e1a91.0.jpeg [32m200[0m 1.477 ms - 33272[0m
2024-03-19 08:11:16 info: [0mGET /public/files/albums/postPictureca3a2e5b6521ec3a62ce3e3807b4e1a91c1e491b.0.jpeg [32m200[0m 2.792 ms - 145776[0m
2024-03-19 08:11:45 info: [0mGET /events [32m201[0m 498.459 ms - -[0m
2024-03-19 08:11:45 info: [0mGET /events/private [32m201[0m 956.708 ms - -[0m
2024-03-19 08:11:45 info: [0mGET /events [32m201[0m 493.117 ms - -[0m
2024-03-19 08:11:46 info: [0mGET /events/private [32m201[0m 868.287 ms - -[0m
2024-03-19 08:13:30 info: [0mGET /events [32m201[0m 498.559 ms - -[0m
2024-03-19 08:13:30 info: [0mGET /events/private [32m201[0m 906.153 ms - -[0m
2024-03-19 08:13:30 info: [0mGET /events [32m201[0m 463.630 ms - -[0m
2024-03-19 08:13:30 info: [0mGET /public/files/albums/postPictureae1f84144937bf46327696a506b3c1075229fe6e.0.jpeg [32m200[0m 2.135 ms - 112518[0m
2024-03-19 08:13:30 info: [0mGET /public/files/albums/postPicture59920180613d4829e916469c0d21a21aec0c6b05.0.jpeg [32m200[0m 1.914 ms - 184815[0m
2024-03-19 08:13:30 info: [0mGET /public/files/albums/postPicture20180613d4829e916469c0d21a21aec0c6b05c89.0.jpeg [32m200[0m 1.930 ms - 575505[0m
2024-03-19 08:13:31 info: [0mGET /events/private [32m201[0m 879.942 ms - -[0m
2024-03-19 08:13:32 info: [0mGET /public/files/albums/postPicturef177743ca3a2e5b6521ec3a62ce3e3807b4e1a91.0.jpeg [32m200[0m 2.118 ms - 33272[0m
2024-03-19 08:13:35 info: [0mGET /public/files/albums/postPictureca3a2e5b6521ec3a62ce3e3807b4e1a91c1e491b.0.jpeg [32m200[0m 4.280 ms - 145776[0m
2024-03-19 08:15:14 info: [0mGET /events [32m201[0m 529.738 ms - -[0m
2024-03-19 08:15:14 info: [0mGET /events/private [32m201[0m 981.943 ms - -[0m
2024-03-19 08:15:14 info: [0mGET /events [32m201[0m 484.605 ms - -[0m
2024-03-19 08:15:15 info: [0mGET /events/private [32m201[0m 842.610 ms - -[0m
2024-03-19 08:15:20 info: [0mGET /events [32m201[0m 461.587 ms - -[0m
2024-03-19 08:15:20 info: [0mGET /events/private [32m201[0m 874.481 ms - -[0m
2024-03-19 08:15:20 info: [0mGET /events [32m201[0m 438.062 ms - -[0m
2024-03-19 08:15:20 info: [0mGET /public/files/albums/postPictureae1f84144937bf46327696a506b3c1075229fe6e.0.jpeg [32m200[0m 1.024 ms - 112518[0m
2024-03-19 08:15:20 info: [0mGET /public/files/albums/postPicture59920180613d4829e916469c0d21a21aec0c6b05.0.jpeg [32m200[0m 0.953 ms - 184815[0m
2024-03-19 08:15:20 info: [0mGET /public/files/albums/postPicture20180613d4829e916469c0d21a21aec0c6b05c89.0.jpeg [32m200[0m 0.875 ms - 575505[0m
2024-03-19 08:15:21 info: [0mGET /events/private [32m201[0m 1095.644 ms - -[0m
2024-03-19 08:15:22 info: [0mGET /public/files/albums/postPicturef177743ca3a2e5b6521ec3a62ce3e3807b4e1a91.0.jpeg [32m200[0m 2.040 ms - 33272[0m
2024-03-19 08:15:24 info: [0mGET /public/files/albums/postPictureca3a2e5b6521ec3a62ce3e3807b4e1a91c1e491b.0.jpeg [32m200[0m 2.524 ms - 145776[0m
2024-03-19 08:15:28 info: [0mGET /events [32m201[0m 474.072 ms - -[0m
2024-03-19 08:15:29 info: [0mGET /events/private [32m201[0m 868.633 ms - -[0m
2024-03-19 08:15:29 info: [0mGET /events [32m201[0m 458.987 ms - -[0m
2024-03-19 08:15:30 info: [0mGET /events/private [32m201[0m 872.007 ms - -[0m
2024-03-19 08:16:03 info: [0mGET /public/files/albums/postPictureebb14c20df6b2f6338d6f0f8f4c202005d0202ec.0.jpeg [32m200[0m 46.158 ms - 145982[0m
2024-03-19 08:16:03 info: [0mGET /public/files/albums/postPicture6f22bd3cffb466d48b4449caad750886cd5196be.0.jpeg [32m200[0m 19.755 ms - 112518[0m
2024-03-19 08:16:03 info: [0mGET /public/files/albums/postPicture14c20df6b2f6338d6f0f8f4c202005d0202ec5b3.0.jpeg [32m200[0m 3.707 ms - 575505[0m
2024-03-19 08:16:03 info: [0mGET /events [32m201[0m 593.997 ms - -[0m
2024-03-19 08:16:03 info: [0mGET /events/private [32m201[0m 1061.558 ms - -[0m
2024-03-19 08:16:03 info: [0mGET /events [32m201[0m 493.450 ms - -[0m
2024-03-19 08:16:04 info: [0mGET /events/private [32m201[0m 856.442 ms - -[0m
2024-03-19 08:16:05 info: [0mGET /public/files/albums/postPicture20df6b2f6338d6f0f8f4c202005d0202ec5b3877.0.jpeg [32m200[0m 1.251 ms - 164582[0m
2024-03-19 08:16:07 info: [0mGET /public/files/albums/postPicturef6b2f6338d6f0f8f4c202005d0202ec5b38776a3.0.jpeg [32m200[0m 1.876 ms - 81950[0m
2024-03-19 08:16:09 info: [0mGET /public/files/albums/postPicture2f6338d6f0f8f4c202005d0202ec5b38776a3011.0.jpeg [32m200[0m 1.159 ms - 93354[0m
2024-03-19 08:16:11 info: [0mGET /public/files/albums/postPicture8d6f0f8f4c202005d0202ec5b38776a30110d588.0.jpeg [32m200[0m 1.842 ms - 29273[0m
2024-03-19 08:16:14 info: [0mGET /public/files/albums/postPicturef0f8f4c202005d0202ec5b38776a30110d588d70.0.jpeg [32m200[0m 3.416 ms - 33659[0m
2024-03-19 08:16:16 info: [0mGET /public/files/albums/postPicture8f4c202005d0202ec5b38776a30110d588d7028a.0.jpeg [32m200[0m 1.603 ms - 76188[0m
2024-03-19 08:16:18 info: [0mGET /public/files/albums/postPicture2005d0202ec5b38776a30110d588d7028a5be559.0.jpeg [32m200[0m 0.913 ms - 115888[0m
2024-03-19 08:16:21 info: [0mGET /public/files/albums/postPicture5d0202ec5b38776a30110d588d7028a5be5591d5.0.jpeg [32m200[0m 2.995 ms - 307701[0m
2024-03-19 08:16:23 info: [0mGET /public/files/albums/postPicturec5b38776a30110d588d7028a5be5591d5838e0a4.0.jpeg [32m200[0m 1.160 ms - 93354[0m
2024-03-19 08:17:00 info: [0mGET /events [32m201[0m 528.264 ms - -[0m
2024-03-19 08:17:01 info: [0mGET /events [0m-[0m - ms - -[0m
2024-03-19 08:17:01 info: [0mGET /events/private [0m-[0m - ms - -[0m
2024-03-19 08:17:03 info: [0mGET /events [32m201[0m 599.078 ms - -[0m
2024-03-19 08:17:04 info: [0mGET /events/private [32m201[0m 1004.056 ms - -[0m
2024-03-19 08:17:04 info: [0mGET /events [32m201[0m 530.704 ms - -[0m
2024-03-19 08:17:04 info: [0mGET /events/private [32m201[0m 872.038 ms - -[0m
2024-03-19 08:17:15 info: [0mGET /events [32m201[0m 486.567 ms - -[0m
2024-03-19 08:17:15 info: [0mGET /events [32m201[0m 483.387 ms - -[0m
2024-03-19 08:17:15 info: [0mGET /events/private [32m201[0m 982.131 ms - -[0m
2024-03-19 08:17:16 info: [0mGET /events/private [32m201[0m 857.017 ms - -[0m
2024-03-19 08:19:55 info: [0mPOST /events/upload/14c20df6b2f6338d6f0f8f4c202005d0202ec5b3 [32m201[0m 17.128 ms - 59[0m
2024-03-19 08:20:05 info: [0mPOST /events/upload/14c20df6b2f6338d6f0f8f4c202005d0202ec5b3 [32m201[0m 7.509 ms - 59[0m
2024-03-19 08:20:17 info: [0mGET /events [32m201[0m 522.450 ms - -[0m
2024-03-19 08:20:17 info: [0mGET /events/private [32m201[0m 1023.215 ms - -[0m
2024-03-19 08:20:17 info: [0mGET /events [32m201[0m 567.598 ms - -[0m
2024-03-19 08:20:18 info: [0mGET /events/private [32m201[0m 925.697 ms - -[0m
2024-03-19 08:24:33 info: [0mPOST /events/upload/6f22bd3cffb466d48b4449caad750886cd5196be [32m201[0m 15.238 ms - 59[0m
2024-03-19 08:24:44 info: [0mPOST /events/upload/6f22bd3cffb466d48b4449caad750886cd5196be [32m201[0m 5.548 ms - 59[0m
2024-03-19 08:25:18 info: [0mGET /events [32m201[0m 532.208 ms - -[0m
2024-03-19 08:25:18 info: [0mGET /events/private [32m201[0m 970.955 ms - -[0m
2024-03-19 08:25:18 info: [0mGET /events [32m201[0m 527.319 ms - -[0m
2024-03-19 08:25:19 info: [0mGET /events/private [32m201[0m 939.638 ms - -[0m
2024-03-19 08:25:42 info: [0mGET /events [32m201[0m 509.924 ms - -[0m
2024-03-19 08:25:42 info: [0mGET /public/files/albums/postPictureebb14c20df6b2f6338d6f0f8f4c202005d0202ec.0.jpeg [32m200[0m 1.448 ms - 145982[0m
2024-03-19 08:25:42 info: [0mGET /public/files/albums/postPicture6f22bd3cffb466d48b4449caad750886cd5196be.0.jpeg [32m200[0m 1.849 ms - 124885[0m
2024-03-19 08:25:42 info: [0mGET /public/files/albums/postPicturef6b2f6338d6f0f8f4c202005d0202ec5b38776a3.0.jpeg [32m200[0m 1.064 ms - 81950[0m
2024-03-19 08:25:42 info: [0mGET /public/files/albums/postPicture14c20df6b2f6338d6f0f8f4c202005d0202ec5b3.0.jpeg [32m200[0m 2.635 ms - 133479[0m
2024-03-19 08:25:42 info: [0mGET /public/files/albums/postPicture20df6b2f6338d6f0f8f4c202005d0202ec5b3877.0.jpeg [32m200[0m 1.668 ms - 164582[0m
2024-03-19 08:25:43 info: [0mGET /events/private [32m201[0m 847.649 ms - -[0m
2024-03-19 08:25:43 info: [0mGET /public/files/albums/postPictureae1f84144937bf46327696a506b3c1075229fe6e.0.jpeg [32m200[0m 1.042 ms - 112518[0m
2024-03-19 08:25:43 info: [0mGET /public/files/albums/postPicture59920180613d4829e916469c0d21a21aec0c6b05.0.jpeg [32m200[0m 1.317 ms - 184815[0m
2024-03-19 08:25:43 info: [0mGET /public/files/albums/postPictureca3a2e5b6521ec3a62ce3e3807b4e1a91c1e491b.0.jpeg [32m200[0m 2.201 ms - 145776[0m
2024-03-19 08:25:43 info: [0mGET /public/files/albums/postPicture20180613d4829e916469c0d21a21aec0c6b05c89.0.jpeg [32m200[0m 2.217 ms - 575505[0m
2024-03-19 08:25:43 info: [0mGET /public/files/albums/postPicturef177743ca3a2e5b6521ec3a62ce3e3807b4e1a91.0.jpeg [32m200[0m 1.340 ms - 33272[0m
2024-03-19 08:25:43 info: [0mGET /events [32m201[0m 473.718 ms - -[0m
2024-03-19 08:25:43 info: [0mGET /events/private [32m201[0m 906.454 ms - -[0m
2024-03-19 08:25:44 info: [0mGET /public/files/albums/postPicture2f6338d6f0f8f4c202005d0202ec5b38776a3011.0.jpeg [32m200[0m 1.718 ms - 93354[0m
2024-03-19 08:25:47 info: [0mGET /public/files/albums/postPicture8d6f0f8f4c202005d0202ec5b38776a30110d588.0.jpeg [32m200[0m 2.359 ms - 29273[0m
2024-03-19 08:25:48 info: [0mGET /public/files/albums/postPicture59920180613d4829e916469c0d21a21aec0c6b05.0.jpeg [32m200[0m 1.529 ms - 184815[0m
2024-03-19 08:25:52 info: [0mGET /events [32m201[0m 555.761 ms - -[0m
2024-03-19 08:25:52 info: [0mGET /events/private [32m201[0m 922.759 ms - -[0m
2024-03-19 08:25:52 info: [0mGET /events [32m201[0m 450.146 ms - -[0m
2024-03-19 08:25:53 info: [0mGET /events/private [32m201[0m 954.537 ms - -[0m
2024-03-19 08:25:58 info: [0mGET /public/files/albums/postPicturef0f8f4c202005d0202ec5b38776a30110d588d70.0.jpeg [32m200[0m 2.002 ms - 33659[0m
2024-03-19 08:26:00 info: [0mGET /public/files/albums/postPicture8f4c202005d0202ec5b38776a30110d588d7028a.0.jpeg [32m200[0m 2.740 ms - 76188[0m
2024-03-19 08:26:02 info: [0mGET /public/files/albums/postPicture2005d0202ec5b38776a30110d588d7028a5be559.0.jpeg [32m200[0m 1.858 ms - 115888[0m
2024-03-19 08:26:05 info: [0mGET /public/files/albums/postPicture5d0202ec5b38776a30110d588d7028a5be5591d5.0.jpeg [32m200[0m 1.557 ms - 307701[0m
2024-03-19 08:26:07 info: [0mGET /public/files/albums/postPicturec5b38776a30110d588d7028a5be5591d5838e0a4.0.jpeg [32m200[0m 2.444 ms - 93354[0m
2024-03-19 08:26:19 info: [0mGET /events [32m201[0m 463.964 ms - -[0m
2024-03-19 08:26:19 info: [0mGET /events/private [32m201[0m 886.958 ms - -[0m
2024-03-19 08:26:19 info: [0mGET /events [32m201[0m 453.925 ms - -[0m
2024-03-19 08:26:20 info: [0mGET /events/private [32m201[0m 859.216 ms - -[0m
2024-03-19 08:28:06 info: [0mGET /events [32m201[0m 504.995 ms - -[0m
2024-03-19 08:28:06 info: [0mGET /public/files/albums/postPicture6f22bd3cffb466d48b4449caad750886cd5196be.0.jpeg [32m200[0m 1.640 ms - 124885[0m
2024-03-19 08:28:06 info: [0mGET /public/files/albums/postPicturef6b2f6338d6f0f8f4c202005d0202ec5b38776a3.0.jpeg [32m200[0m 1.048 ms - 81950[0m
2024-03-19 08:28:06 info: [0mGET /public/files/albums/postPictureebb14c20df6b2f6338d6f0f8f4c202005d0202ec.0.jpeg [32m200[0m 1.273 ms - 145982[0m
2024-03-19 08:28:06 info: [0mGET /public/files/albums/postPicture14c20df6b2f6338d6f0f8f4c202005d0202ec5b3.0.jpeg [32m200[0m 3.598 ms - 133479[0m
2024-03-19 08:28:06 info: [0mGET /public/files/albums/postPicture20df6b2f6338d6f0f8f4c202005d0202ec5b3877.0.jpeg [32m200[0m 1.052 ms - 164582[0m
2024-03-19 08:28:07 info: [0mGET /events/private [32m201[0m 900.135 ms - -[0m
2024-03-19 08:28:07 info: [0mGET /public/files/albums/postPicture59920180613d4829e916469c0d21a21aec0c6b05.0.jpeg [32m200[0m 2.808 ms - 184815[0m
2024-03-19 08:28:07 info: [0mGET /public/files/albums/postPictureae1f84144937bf46327696a506b3c1075229fe6e.0.jpeg [32m200[0m 4.080 ms - 112518[0m
2024-03-19 08:28:07 info: [0mGET /public/files/albums/postPicturef177743ca3a2e5b6521ec3a62ce3e3807b4e1a91.0.jpeg [32m200[0m 5.003 ms - 33272[0m
2024-03-19 08:28:07 info: [0mGET /public/files/albums/postPicture20180613d4829e916469c0d21a21aec0c6b05c89.0.jpeg [32m200[0m 2.657 ms - 575505[0m
2024-03-19 08:28:07 info: [0mGET /public/files/albums/postPictureca3a2e5b6521ec3a62ce3e3807b4e1a91c1e491b.0.jpeg [32m200[0m 2.034 ms - 145776[0m
2024-03-19 08:28:07 info: [0mGET /events [32m201[0m 473.563 ms - -[0m
2024-03-19 08:28:07 info: [0mGET /events/private [32m201[0m 897.653 ms - -[0m
2024-03-19 08:28:08 info: [0mGET /public/files/albums/postPicture2f6338d6f0f8f4c202005d0202ec5b38776a3011.0.jpeg [32m200[0m 1.263 ms - 93354[0m
2024-03-19 08:28:09 info: [0mGET /public/files/albums/postPicture8d6f0f8f4c202005d0202ec5b38776a30110d588.0.jpeg [32m200[0m 2.799 ms - 29273[0m
2024-03-19 08:28:10 info: [0mGET /public/files/albums/postPicturef0f8f4c202005d0202ec5b38776a30110d588d70.0.jpeg [32m200[0m 1.476 ms - 33659[0m
2024-03-19 08:28:11 info: [0mGET /public/files/albums/postPicture8f4c202005d0202ec5b38776a30110d588d7028a.0.jpeg [32m200[0m 1.763 ms - 76188[0m
2024-03-19 08:28:12 info: [0mGET /public/files/albums/postPicture2005d0202ec5b38776a30110d588d7028a5be559.0.jpeg [32m200[0m 1.294 ms - 115888[0m
2024-03-19 08:28:12 info: [0mGET /public/files/albums/postPicture5d0202ec5b38776a30110d588d7028a5be5591d5.0.jpeg [32m200[0m 1.361 ms - 307701[0m
2024-03-19 08:28:13 info: [0mGET /public/files/albums/postPicturec5b38776a30110d588d7028a5be5591d5838e0a4.0.jpeg [32m200[0m 1.482 ms - 93354[0m
2024-03-19 08:28:46 info: [0mGET /public/files/albums/postPicturec5b38776a30110d588d7028a5be5591d5838e0a4.0.jpeg [32m200[0m 2.463 ms - 93354[0m
2024-03-19 08:36:37 info: [0mGET /public/files/albums/postPicturec5b38776a30110d588d7028a5be5591d5838e0a4.0.jpeg [32m200[0m 2.828 ms - 93354[0m
2024-03-19 08:37:43 info: [0mGET /public/files/albums/postPicturec5b38776a30110d588d7028a5be5591d5838e0a4.0.jpeg [32m200[0m 4.448 ms - 93354[0m
2024-03-19 08:38:11 info: [0mGET /events [32m201[0m 555.882 ms - -[0m
2024-03-19 08:38:11 info: [0mGET /public/files/albums/postPicture6f22bd3cffb466d48b4449caad750886cd5196be.0.jpeg [32m200[0m 2.887 ms - 124885[0m
2024-03-19 08:38:11 info: [0mGET /public/files/albums/postPicturef6b2f6338d6f0f8f4c202005d0202ec5b38776a3.0.jpeg [32m200[0m 2.845 ms - 81950[0m
2024-03-19 08:38:11 info: [0mGET /public/files/albums/postPictureebb14c20df6b2f6338d6f0f8f4c202005d0202ec.0.jpeg [32m200[0m 2.453 ms - 145982[0m
2024-03-19 08:38:11 info: [0mGET /public/files/albums/postPicture14c20df6b2f6338d6f0f8f4c202005d0202ec5b3.0.jpeg [32m200[0m 2.835 ms - 133479[0m
2024-03-19 08:38:11 info: [0mGET /public/files/albums/postPicture20df6b2f6338d6f0f8f4c202005d0202ec5b3877.0.jpeg [32m200[0m 2.861 ms - 164582[0m
2024-03-19 08:38:12 info: [0mGET /events/private [32m201[0m 1084.711 ms - -[0m
2024-03-19 08:38:12 info: [0mGET /events [32m201[0m 549.134 ms - -[0m
2024-03-19 08:38:12 info: [0mGET /public/files/albums/postPictureae1f84144937bf46327696a506b3c1075229fe6e.0.jpeg [32m200[0m 4.996 ms - 112518[0m
2024-03-19 08:38:12 info: [0mGET /public/files/albums/postPicture59920180613d4829e916469c0d21a21aec0c6b05.0.jpeg [32m200[0m 2.904 ms - 184815[0m
2024-03-19 08:38:12 info: [0mGET /public/files/albums/postPicturef177743ca3a2e5b6521ec3a62ce3e3807b4e1a91.0.jpeg [32m200[0m 3.957 ms - 33272[0m
2024-03-19 08:38:12 info: [0mGET /public/files/albums/postPictureca3a2e5b6521ec3a62ce3e3807b4e1a91c1e491b.0.jpeg [32m200[0m 2.929 ms - 145776[0m
2024-03-19 08:38:12 info: [0mGET /public/files/albums/postPicture20180613d4829e916469c0d21a21aec0c6b05c89.0.jpeg [32m200[0m 6.802 ms - 575505[0m
2024-03-19 08:38:13 info: [0mGET /events/private [32m201[0m 840.582 ms - -[0m
2024-03-19 08:38:13 info: [0mGET /public/files/albums/postPicture6f22bd3cffb466d48b4449caad750886cd5196be.0.jpeg [32m200[0m 1.220 ms - 124885[0m
2024-03-19 08:38:53 info: [0mGET /events [32m201[0m 502.511 ms - -[0m
2024-03-19 08:38:54 info: [0mGET /events/private [32m201[0m 939.009 ms - -[0m
2024-03-19 08:38:54 info: [0mGET /events [32m201[0m 508.247 ms - -[0m
2024-03-19 08:38:54 info: [0mGET /events/private [0m-[0m - ms - -[0m
2024-03-19 08:38:55 info: [0mGET /events [32m201[0m 527.103 ms - -[0m
2024-03-19 08:38:56 info: [0mGET /events/private [32m201[0m 878.021 ms - -[0m
2024-03-19 08:38:56 info: [0mGET /events [32m201[0m 466.566 ms - -[0m
2024-03-19 08:38:57 info: [0mGET /events/private [32m201[0m 941.354 ms - -[0m
2024-03-19 08:38:57 info: [0mGET /public/files/albums/postPictureebb14c20df6b2f6338d6f0f8f4c202005d0202ec.0.jpeg [32m200[0m 1.430 ms - 145982[0m
2024-03-19 08:47:52 info: =================================
2024-03-19 08:47:52 info: ======= ENV: development =======
2024-03-19 08:47:52 info: 🚀 App listening on the port 8000
2024-03-19 08:47:52 info: =================================
2024-03-19 11:15:00 info: [0mPOST /events/upload/c5b38776a30110d588d7028a5be5591d5838e0a4 [32m201[0m 66.608 ms - 59[0m
2024-03-19 11:15:08 info: [0mPOST /events/upload/c5b38776a30110d588d7028a5be5591d5838e0a4 [32m201[0m 14.189 ms - 59[0m
2024-03-19 11:16:45 info: [0mPOST /events/upload/c5b38776a30110d588d7028a5be5591d5838e0a4 [32m201[0m 18.405 ms - 59[0m
2024-03-19 11:17:27 info: [0mPOST /events/upload/20180613d4829e916469c0d21a21aec0c6b05c89 [32m201[0m 18.967 ms - 59[0m
2024-03-19 11:17:36 info: [0mPOST /events/upload/20180613d4829e916469c0d21a21aec0c6b05c89 [32m201[0m 11.192 ms - 59[0m
2024-03-19 11:17:45 info: [0mPOST /events/upload/20180613d4829e916469c0d21a21aec0c6b05c89 [32m201[0m 9.590 ms - 59[0m
2024-03-19 11:18:22 info: [0mPOST /events/upload/59920180613d4829e916469c0d21a21aec0c6b05 [32m201[0m 27.129 ms - 59[0m
2024-03-19 11:18:33 info: [0mPOST /events/upload/59920180613d4829e916469c0d21a21aec0c6b05 [32m201[0m 5.870 ms - 59[0m
2024-03-19 11:18:43 info: [0mPOST /events/upload/59920180613d4829e916469c0d21a21aec0c6b05 [32m201[0m 9.594 ms - 59[0m
2024-03-19 11:19:36 info: [0mPOST /events/upload/ae1f84144937bf46327696a506b3c1075229fe6e [32m201[0m 8.511 ms - 59[0m
2024-03-19 11:19:51 info: [0mPOST /events/upload/ae1f84144937bf46327696a506b3c1075229fe6e [32m201[0m 4.319 ms - 59[0m
2024-03-19 11:20:03 info: [0mPOST /events/upload/ae1f84144937bf46327696a506b3c1075229fe6e [32m201[0m 5.441 ms - 59[0m
2024-03-19 11:51:17 info: [0mPOST /events/upload/5d0202ec5b38776a30110d588d7028a5be5591d5 [32m201[0m 56.666 ms - 59[0m
2024-03-19 11:51:29 info: [0mPOST /events/upload/5d0202ec5b38776a30110d588d7028a5be5591d5 [32m201[0m 5.494 ms - 59[0m
2024-03-19 11:51:43 info: [0mPOST /events/upload/5d0202ec5b38776a30110d588d7028a5be5591d5 [32m201[0m 8.398 ms - 59[0m
2024-03-19 11:52:19 info: [0mPOST /events/upload/ [33m404[0m 15.362 ms - 154[0m
2024-03-19 11:52:33 info: [0mPOST /events/upload/ [33m404[0m 4.451 ms - 154[0m
2024-03-19 11:52:43 info: [0mPOST /events/upload/ [33m404[0m 2.231 ms - 154[0m
2024-03-19 11:53:45 info: [0mPOST /events/upload/2005d0202ec5b38776a30110d588d7028a5be559 [32m201[0m 29.406 ms - 59[0m
2024-03-19 11:53:55 info: [0mPOST /events/upload/2005d0202ec5b38776a30110d588d7028a5be559 [32m201[0m 2.710 ms - 59[0m
2024-03-19 11:54:07 info: [0mPOST /events/upload/2005d0202ec5b38776a30110d588d7028a5be559 [32m201[0m 3.101 ms - 59[0m
2024-03-19 11:54:42 info: [0mPOST /events/upload/743ca3a2e5b6521ec3a62ce3e3807b4e1a91c1e4 [32m201[0m 11.476 ms - 59[0m
2024-03-19 11:54:51 info: [0mPOST /events/upload/743ca3a2e5b6521ec3a62ce3e3807b4e1a91c1e4 [32m201[0m 2.489 ms - 59[0m
2024-03-19 11:54:58 info: [0mPOST /events/upload/743ca3a2e5b6521ec3a62ce3e3807b4e1a91c1e4 [32m201[0m 8.250 ms - 59[0m
2024-03-19 14:04:27 info: [0mPOST /events/upload/6f22bd3cffb466d48b4449caad750886cd5196be [32m201[0m 41.971 ms - 59[0m
2024-03-19 14:05:32 info: [0mPOST /events/upload/6f22bd3cffb466d48b4449caad750886cd5196be [32m201[0m 10.320 ms - 59[0m
2024-03-19 14:05:43 info: [0mPOST /events/upload/6f22bd3cffb466d48b4449caad750886cd5196be [32m201[0m 5.290 ms - 59[0m
2024-03-19 14:05:53 info: [0mPOST /events/upload/6f22bd3cffb466d48b4449caad750886cd5196be [32m201[0m 8.331 ms - 59[0m
2024-03-19 14:06:50 info: [0mPOST /events/upload/f177743ca3a2e5b6521ec3a62ce3e3807b4e1a91 [32m201[0m 9.679 ms - 59[0m
2024-03-19 14:06:58 info: [0mPOST /events/upload/f177743ca3a2e5b6521ec3a62ce3e3807b4e1a91 [32m201[0m 6.773 ms - 59[0m
2024-03-19 14:07:05 info: [0mPOST /events/upload/f177743ca3a2e5b6521ec3a62ce3e3807b4e1a91 [32m201[0m 7.642 ms - 59[0m
2024-03-19 14:07:50 info: [0mPOST /events/upload/ebb14c20df6b2f6338d6f0f8f4c202005d0202ec [32m201[0m 13.020 ms - 59[0m
2024-03-19 14:08:01 info: [0mPOST /events/upload/ebb14c20df6b2f6338d6f0f8f4c202005d0202ec [32m201[0m 9.604 ms - 59[0m
2024-03-19 14:08:10 info: [0mPOST /events/upload/ebb14c20df6b2f6338d6f0f8f4c202005d0202ec [32m201[0m 7.726 ms - 59[0m
2024-03-19 14:09:08 info: [0mPOST /events/upload/14c20df6b2f6338d6f0f8f4c202005d0202ec5b3 [32m201[0m 6.407 ms - 59[0m
2024-03-19 14:09:16 info: [0mPOST /events/upload/14c20df6b2f6338d6f0f8f4c202005d0202ec5b3 [32m201[0m 3.819 ms - 59[0m
2024-03-19 14:11:18 info: [0mPOST /events/upload/14c20df6b2f6338d6f0f8f4c202005d0202ec5b3 [32m201[0m 9.844 ms - 59[0m
2024-03-19 14:12:01 info: [0mPOST /events/upload/20df6b2f6338d6f0f8f4c202005d0202ec5b3877 [32m201[0m 8.509 ms - 59[0m
2024-03-19 14:12:08 info: [0mPOST /events/upload/20df6b2f6338d6f0f8f4c202005d0202ec5b3877 [32m201[0m 2.301 ms - 59[0m
2024-03-19 14:12:15 info: [0mPOST /events/upload/20df6b2f6338d6f0f8f4c202005d0202ec5b3877 [32m201[0m 16.566 ms - 59[0m
2024-03-19 14:12:53 info: [0mPOST /events/upload/2f6338d6f0f8f4c202005d0202ec5b38776a3011 [32m201[0m 8.024 ms - 59[0m
2024-03-19 14:13:04 info: [0mPOST /events/upload/2f6338d6f0f8f4c202005d0202ec5b38776a3011 [32m201[0m 6.473 ms - 59[0m
2024-03-19 14:13:13 info: [0mPOST /events/upload/2f6338d6f0f8f4c202005d0202ec5b38776a3011 [32m201[0m 1.728 ms - 59[0m
2024-03-19 14:13:40 info: [0mPOST /events/upload/f6b2f6338d6f0f8f4c202005d0202ec5b38776a3 [32m201[0m 9.155 ms - 59[0m
2024-03-19 14:14:03 info: [0mPOST /events/upload/f6b2f6338d6f0f8f4c202005d0202ec5b38776a3 [32m201[0m 10.612 ms - 59[0m
2024-03-19 14:19:47 info: [0mPOST /events/upload/f6b2f6338d6f0f8f4c202005d0202ec5b38776a3 [32m201[0m 8.549 ms - 59[0m
2024-03-19 14:19:55 info: [0mPOST /events/upload/f6b2f6338d6f0f8f4c202005d0202ec5b38776a3 [32m201[0m 6.410 ms - 59[0m
2024-03-19 14:20:05 info: [0mPOST /events/upload/f6b2f6338d6f0f8f4c202005d0202ec5b38776a3 [32m201[0m 6.437 ms - 59[0m
2024-03-19 14:21:17 info: [0mPOST /events/upload/8f4c202005d0202ec5b38776a30110d588d7028a [32m201[0m 6.191 ms - 59[0m
2024-03-19 14:21:26 info: [0mPOST /events/upload/8f4c202005d0202ec5b38776a30110d588d7028a [32m201[0m 2.209 ms - 59[0m
2024-03-19 14:21:35 info: [0mPOST /events/upload/8f4c202005d0202ec5b38776a30110d588d7028a [32m201[0m 3.926 ms - 59[0m
2024-03-19 14:22:05 info: [0mPOST /events/upload/8d6f0f8f4c202005d0202ec5b38776a30110d588 [32m201[0m 5.951 ms - 59[0m
2024-03-19 14:22:12 info: [0mPOST /events/upload/8d6f0f8f4c202005d0202ec5b38776a30110d588 [32m201[0m 1.611 ms - 59[0m
2024-03-19 14:22:21 info: [0mPOST /events/upload/8d6f0f8f4c202005d0202ec5b38776a30110d588 [32m201[0m 2.846 ms - 59[0m
2024-03-19 14:22:59 info: [0mPOST /events/upload/ca3a2e5b6521ec3a62ce3e3807b4e1a91c1e491b [32m201[0m 10.688 ms - 59[0m
2024-03-19 14:23:08 info: [0mPOST /events/upload/ca3a2e5b6521ec3a62ce3e3807b4e1a91c1e491b [32m201[0m 6.429 ms - 59[0m
2024-03-19 14:23:17 info: [0mPOST /events/upload/ca3a2e5b6521ec3a62ce3e3807b4e1a91c1e491b [32m201[0m 2.540 ms - 59[0m
2024-03-19 14:24:59 info: [0mPOST /events/upload/02ec5b38776a30110d588d7028a5be5591d5838e [32m201[0m 5.537 ms - 59[0m
2024-03-19 14:25:07 info: [0mPOST /events/upload/02ec5b38776a30110d588d7028a5be5591d5838e [32m201[0m 8.961 ms - 59[0m
2024-03-19 14:25:15 info: [0mPOST /events/upload/02ec5b38776a30110d588d7028a5be5591d5838e [32m201[0m 1.530 ms - 59[0m
2024-03-19 14:25:21 info: [0mGET /events [32m201[0m 562.979 ms - -[0m
2024-03-19 14:25:21 info: [0mGET /public/files/albums/postPicture6f22bd3cffb466d48b4449caad750886cd5196be.0.jpeg [32m200[0m 7.971 ms - 124885[0m
2024-03-19 14:25:21 info: [0mGET /public/files/albums/postPictureebb14c20df6b2f6338d6f0f8f4c202005d0202ec.0.jpeg [32m200[0m 5.198 ms - 145982[0m
2024-03-19 14:25:21 info: [0mGET /public/files/albums/postPicture14c20df6b2f6338d6f0f8f4c202005d0202ec5b3.0.jpeg [32m200[0m 6.479 ms - 133479[0m
2024-03-19 14:25:21 info: [0mGET /public/files/albums/postPicturef177743ca3a2e5b6521ec3a62ce3e3807b4e1a91.0.jpeg [32m200[0m 10.327 ms - 33272[0m
2024-03-19 14:25:21 info: [0mGET /public/files/albums/postPictureae1f84144937bf46327696a506b3c1075229fe6e.0.jpeg [32m200[0m 7.315 ms - 112518[0m
2024-03-19 14:25:21 info: [0mGET /public/files/albums/postPicture20df6b2f6338d6f0f8f4c202005d0202ec5b3877.0.jpeg [32m200[0m 6.267 ms - 164582[0m
2024-03-19 14:25:21 info: [0mGET /public/files/albums/postPicture59920180613d4829e916469c0d21a21aec0c6b05.0.jpeg [32m200[0m 1.235 ms - 184815[0m
2024-03-19 14:25:21 info: [0mGET /public/files/albums/postPicturef6b2f6338d6f0f8f4c202005d0202ec5b38776a3.0.jpeg [32m200[0m 1.774 ms - 81950[0m
2024-03-19 14:25:21 info: [0mGET /public/files/albums/postPictureca3a2e5b6521ec3a62ce3e3807b4e1a91c1e491b.0.jpeg [32m200[0m 2.155 ms - 145776[0m
2024-03-19 14:25:21 info: [0mGET /public/files/albums/postPicture20180613d4829e916469c0d21a21aec0c6b05c89.0.jpeg [32m200[0m 2.440 ms - 575505[0m
2024-03-19 14:25:21 info: [0mGET /public/files/albums/postPicture6f22bd3cffb466d48b4449caad750886cd5196be32032024.0.jpeg [32m200[0m 1.353 ms - 112518[0m
2024-03-19 14:25:21 info: [0mGET /public/files/albums/postPictureebb14c20df6b2f6338d6f0f8f4c202005d0202ec50032024.0.jpeg [32m200[0m 1.569 ms - 184815[0m
2024-03-19 14:25:21 info: [0mGET /public/files/albums/postPicture14c20df6b2f6338d6f0f8f4c202005d0202ec5b308032024.0.jpeg [32m200[0m 0.587 ms - 575505[0m
2024-03-19 14:25:21 info: [0mGET /public/files/albums/postPicture20df6b2f6338d6f0f8f4c202005d0202ec5b387701032024.0.jpeg [32m200[0m 0.913 ms - 46756[0m
2024-03-19 14:25:21 info: [0mGET /public/files/albums/postPicturef6b2f6338d6f0f8f4c202005d0202ec5b38776a355032024.0.jpeg [32m200[0m 0.550 ms - 81950[0m
2024-03-19 14:25:21 info: [0mGET /events/private [32m201[0m 1032.866 ms - -[0m
2024-03-19 14:25:21 info: [0mGET /public/files/albums/postPictureae1f84144937bf46327696a506b3c1075229fe6e36032024.0.jpeg [32m200[0m 1.718 ms - 112518[0m
2024-03-19 14:25:21 info: [0mGET /events [32m201[0m 521.657 ms - -[0m
2024-03-19 14:25:22 info: [0mGET /public/files/albums/postPicture59920180613d4829e916469c0d21a21aec0c6b0522032024.0.jpeg [32m200[0m 3.968 ms - 184815[0m
2024-03-19 14:25:22 info: [0mGET /public/files/albums/postPicture20180613d4829e916469c0d21a21aec0c6b05c8927032024.0.jpeg [32m200[0m 0.823 ms - 575505[0m
2024-03-19 14:25:22 info: [0mGET /public/files/albums/postPicturef177743ca3a2e5b6521ec3a62ce3e3807b4e1a9150032024.0.jpeg [32m200[0m 0.707 ms - 46756[0m
2024-03-19 14:25:22 info: [0mGET /public/files/albums/postPicture743ca3a2e5b6521ec3a62ce3e3807b4e1a91c1e442032024.0.jpeg [32m200[0m 1.231 ms - 33272[0m
2024-03-19 14:25:22 info: [0mGET /events/private [32m201[0m 917.590 ms - -[0m
2024-03-19 14:25:22 info: [0mGET /public/files/albums/postPicture2f6338d6f0f8f4c202005d0202ec5b38776a301153032024.0.jpeg [32m200[0m 0.675 ms - 145776[0m
2024-03-19 14:25:22 info: [0mGET /public/files/albums/postPictureca3a2e5b6521ec3a62ce3e3807b4e1a91c1e491b59032024.0.jpeg [32m200[0m 0.699 ms - 145776[0m
2024-03-19 14:25:25 info: [0mGET /public/files/albums/postPicture8d6f0f8f4c202005d0202ec5b38776a30110d58805032024.0.jpeg [32m200[0m 2.054 ms - 123873[0m
2024-03-19 14:25:27 info: [0mGET /public/files/albums/postPicture8f4c202005d0202ec5b38776a30110d588d7028a17032024.0.jpeg [32m200[0m 1.162 ms - 42108[0m
2024-03-19 14:25:29 info: [0mGET /public/files/albums/postPicture2005d0202ec5b38776a30110d588d7028a5be55945032024.0.jpeg [32m200[0m 1.907 ms - 185098[0m
2024-03-19 14:25:31 info: [0mGET /public/files/albums/postPicture2f6338d6f0f8f4c202005d0202ec5b38776a301153032024.0.jpeg [32m200[0m 2.106 ms - 145776[0m
2024-03-19 14:25:31 info: [0mGET /public/files/albums/postPicture2f6338d6f0f8f4c202005d0202ec5b38776a301104032024.0.jpeg [32m200[0m 3.181 ms - 101019[0m
2024-03-19 14:25:32 info: [0mGET /public/files/albums/postPicture2f6338d6f0f8f4c202005d0202ec5b38776a301113032024.0.jpeg [32m200[0m 1.839 ms - 93354[0m
2024-03-19 14:25:37 info: [0mGET /events [32m201[0m 503.014 ms - -[0m
2024-03-19 14:25:38 info: [0mGET /events/private [32m201[0m 957.451 ms - -[0m
2024-03-19 14:25:38 info: [0mGET /events [32m201[0m 493.905 ms - -[0m
2024-03-19 14:25:39 info: [0mGET /events/private [32m201[0m 909.816 ms - -[0m
2024-03-19 14:25:40 info: [0mGET /public/files/albums/postPicturef6b2f6338d6f0f8f4c202005d0202ec5b38776a305032024.0.jpeg [32m200[0m 3.442 ms - 33272[0m
2024-03-19 14:25:40 info: [0mGET /public/files/albums/postPicturef6b2f6338d6f0f8f4c202005d0202ec5b38776a355032024.0.jpeg [32m200[0m 3.660 ms - 81950[0m
2024-03-19 14:25:41 info: [0mGET /public/files/albums/postPicturef6b2f6338d6f0f8f4c202005d0202ec5b38776a347032024.0.jpeg [32m200[0m 1.580 ms - 46901[0m
2024-03-19 14:25:44 info: [0mGET /events [32m201[0m 510.769 ms - -[0m
2024-03-19 14:25:44 info: [0mGET /events/private [32m201[0m 929.470 ms - -[0m
2024-03-19 14:25:44 info: [0mGET /events [32m201[0m 470.014 ms - -[0m
2024-03-19 14:25:45 info: [0mGET /events/private [32m201[0m 914.200 ms - -[0m
2024-03-19 14:25:46 info: [0mGET /public/files/albums/postPicture5d0202ec5b38776a30110d588d7028a5be5591d517032024.0.jpeg [32m200[0m 1.779 ms - 11458[0m
2024-03-19 14:25:48 info: [0mGET /public/files/albums/postPicture8d6f0f8f4c202005d0202ec5b38776a30110d58805032024.0.jpeg [32m200[0m 3.998 ms - 123873[0m
2024-03-19 14:25:48 info: [0mGET /public/files/albums/postPicture8d6f0f8f4c202005d0202ec5b38776a30110d58812032024.0.jpeg [32m200[0m 1.456 ms - 29273[0m
2024-03-19 14:25:49 info: [0mGET /public/files/albums/postPicture8d6f0f8f4c202005d0202ec5b38776a30110d58821032024.0.png [32m200[0m 1.335 ms - 720483[0m
2024-03-19 14:25:52 info: [0mGET /events [32m201[0m 490.975 ms - -[0m
2024-03-19 14:25:53 info: [0mGET /events/private [32m201[0m 904.606 ms - -[0m
2024-03-19 14:25:53 info: [0mGET /events [32m201[0m 463.058 ms - -[0m
2024-03-19 14:25:53 info: [0mGET /events/private [32m201[0m 898.985 ms - -[0m
2024-03-19 14:28:20 info: [0mGET /events [32m201[0m 525.175 ms - -[0m
2024-03-19 14:28:20 info: [0mGET /public/files/albums/postPicture20df6b2f6338d6f0f8f4c202005d0202ec5b387701032024.0.jpeg [32m200[0m 1.331 ms - 46756[0m
2024-03-19 14:28:20 info: [0mGET /public/files/albums/postPicture6f22bd3cffb466d48b4449caad750886cd5196be32032024.0.jpeg [32m200[0m 2.730 ms - 112518[0m
2024-03-19 14:28:20 info: [0mGET /public/files/albums/postPictureebb14c20df6b2f6338d6f0f8f4c202005d0202ec50032024.0.jpeg [32m200[0m 1.457 ms - 184815[0m
2024-03-19 14:28:20 info: [0mGET /public/files/albums/postPicturef6b2f6338d6f0f8f4c202005d0202ec5b38776a355032024.0.jpeg [32m200[0m 1.582 ms - 81950[0m
2024-03-19 14:28:20 info: [0mGET /public/files/albums/postPicture14c20df6b2f6338d6f0f8f4c202005d0202ec5b308032024.0.jpeg [32m200[0m 1.738 ms - 575505[0m
2024-03-19 14:28:21 info: [0mGET /events/private [32m201[0m 1078.949 ms - -[0m
2024-03-19 14:28:21 info: [0mGET /events [32m201[0m 589.402 ms - -[0m
2024-03-19 14:28:21 info: [0mGET /public/files/albums/postPictureae1f84144937bf46327696a506b3c1075229fe6e36032024.0.jpeg [32m200[0m 1.235 ms - 112518[0m
2024-03-19 14:28:21 info: [0mGET /public/files/albums/postPicture59920180613d4829e916469c0d21a21aec0c6b0522032024.0.jpeg [32m200[0m 1.182 ms - 184815[0m
2024-03-19 14:28:21 info: [0mGET /public/files/albums/postPicture20180613d4829e916469c0d21a21aec0c6b05c8927032024.0.jpeg [32m200[0m 0.950 ms - 575505[0m
2024-03-19 14:28:21 info: [0mGET /public/files/albums/postPicture743ca3a2e5b6521ec3a62ce3e3807b4e1a91c1e442032024.0.jpeg [32m200[0m 2.625 ms - 33272[0m
2024-03-19 14:28:21 info: [0mGET /public/files/albums/postPicturef177743ca3a2e5b6521ec3a62ce3e3807b4e1a9150032024.0.jpeg [32m200[0m 3.117 ms - 46756[0m
2024-03-19 14:28:22 info: [0mGET /events/private [32m201[0m 887.350 ms - -[0m
2024-03-19 14:28:22 info: [0mGET /public/files/albums/postPicture2f6338d6f0f8f4c202005d0202ec5b38776a301153032024.0.jpeg [32m200[0m 1.397 ms - 145776[0m
2024-03-19 14:28:23 info: [0mGET /public/files/albums/postPictureca3a2e5b6521ec3a62ce3e3807b4e1a91c1e491b59032024.0.jpeg [32m200[0m 1.352 ms - 145776[0m
2024-03-19 14:28:23 info: [0mGET /public/files/albums/postPictureae1f84144937bf46327696a506b3c1075229fe6e36032024.0.jpeg [32m200[0m 0.904 ms - 112518[0m
2024-03-19 14:28:23 info: [0mGET /public/files/albums/postPictureae1f84144937bf46327696a506b3c1075229fe6e51032024.0.jpeg [32m200[0m 1.152 ms - 124885[0m
2024-03-19 14:28:25 info: [0mGET /public/files/albums/postPictureae1f84144937bf46327696a506b3c1075229fe6e03032024.0.jpeg [32m200[0m 2.765 ms - 83357[0m
2024-03-19 14:28:28 info: [0mGET /events [32m201[0m 527.010 ms - -[0m
2024-03-19 14:28:28 info: [0mGET /events/private [32m201[0m 909.249 ms - -[0m
2024-03-19 14:28:29 info: [0mGET /events [32m201[0m 502.518 ms - -[0m
2024-03-19 14:28:29 info: [0mGET /events/private [32m201[0m 873.004 ms - -[0m
2024-03-19 14:28:32 info: [0mGET /public/files/albums/postPicture8d6f0f8f4c202005d0202ec5b38776a30110d58805032024.0.jpeg [32m200[0m 1.682 ms - 123873[0m
2024-03-19 14:28:34 info: [0mGET /public/files/albums/postPicture8f4c202005d0202ec5b38776a30110d588d7028a17032024.0.jpeg [32m200[0m 1.348 ms - 42108[0m
2024-03-19 14:28:37 info: [0mGET /public/files/albums/postPicture2005d0202ec5b38776a30110d588d7028a5be55945032024.0.jpeg [32m200[0m 1.355 ms - 185098[0m
2024-03-19 14:28:39 info: [0mGET /public/files/albums/postPicture5d0202ec5b38776a30110d588d7028a5be5591d517032024.0.jpeg [32m200[0m 1.310 ms - 11458[0m
2024-03-19 14:28:41 info: [0mGET /public/files/albums/postPicture02ec5b38776a30110d588d7028a5be5591d5838e59032024.0.jpeg [32m200[0m 2.313 ms - 64637[0m
2024-03-19 14:28:44 info: [0mGET /public/files/albums/postPicturec5b38776a30110d588d7028a5be5591d5838e0a400032024.0.jpeg [32m200[0m 1.785 ms - 101019[0m
2024-03-19 14:28:58 info: [0mGET /events [32m201[0m 481.014 ms - -[0m
2024-03-19 14:28:59 info: [0mGET /events/private [32m201[0m 882.442 ms - -[0m
2024-03-19 14:28:59 info: [0mGET /events [32m201[0m 469.520 ms - -[0m
2024-03-19 14:29:00 info: [0mGET /events/private [32m201[0m 886.194 ms - -[0m
2024-03-19 14:29:09 info: [0mGET /public/files/albums/postPictureebb14c20df6b2f6338d6f0f8f4c202005d0202ec01032024.0.jpeg [32m200[0m 2.232 ms - 86223[0m
2024-03-19 14:29:09 info: [0mGET /public/files/albums/postPictureebb14c20df6b2f6338d6f0f8f4c202005d0202ec50032024.0.jpeg [32m200[0m 8.282 ms - 184815[0m
2024-03-19 14:29:12 info: [0mGET /public/files/albums/postPictureebb14c20df6b2f6338d6f0f8f4c202005d0202ec10032024.0.jpeg [32m200[0m 2.896 ms - 145982[0m
2024-03-19 14:29:56 info: [0mGET /events [32m201[0m 615.270 ms - -[0m
2024-03-19 14:29:56 info: [0mGET /public/files/albums/postPicture20df6b2f6338d6f0f8f4c202005d0202ec5b387701032024.0.jpeg [32m200[0m 1.906 ms - 46756[0m
2024-03-19 14:29:56 info: [0mGET /public/files/albums/postPicture6f22bd3cffb466d48b4449caad750886cd5196be32032024.0.jpeg [32m200[0m 2.005 ms - 112518[0m
2024-03-19 14:29:56 info: [0mGET /public/files/albums/postPictureebb14c20df6b2f6338d6f0f8f4c202005d0202ec50032024.0.jpeg [32m200[0m 1.452 ms - 184815[0m
2024-03-19 14:29:56 info: [0mGET /public/files/albums/postPicturef6b2f6338d6f0f8f4c202005d0202ec5b38776a355032024.0.jpeg [32m200[0m 1.751 ms - 81950[0m
2024-03-19 14:29:56 info: [0mGET /public/files/albums/postPicture14c20df6b2f6338d6f0f8f4c202005d0202ec5b308032024.0.jpeg [32m200[0m 1.486 ms - 575505[0m
2024-03-19 14:29:56 info: [0mGET /events/private [32m201[0m 1024.612 ms - -[0m
2024-03-19 14:29:56 info: [0mGET /public/files/albums/postPictureae1f84144937bf46327696a506b3c1075229fe6e36032024.0.jpeg [32m200[0m 1.755 ms - 112518[0m
2024-03-19 14:29:56 info: [0mGET /public/files/albums/postPicture59920180613d4829e916469c0d21a21aec0c6b0522032024.0.jpeg [32m200[0m 2.939 ms - 184815[0m
2024-03-19 14:29:56 info: [0mGET /public/files/albums/postPicturef177743ca3a2e5b6521ec3a62ce3e3807b4e1a9150032024.0.jpeg [32m200[0m 1.567 ms - 46756[0m
2024-03-19 14:29:56 info: [0mGET /public/files/albums/postPicture743ca3a2e5b6521ec3a62ce3e3807b4e1a91c1e442032024.0.jpeg [32m200[0m 1.328 ms - 33272[0m
2024-03-19 14:29:56 info: [0mGET /public/files/albums/postPicture20180613d4829e916469c0d21a21aec0c6b05c8927032024.0.jpeg [32m200[0m 2.746 ms - 575505[0m
2024-03-19 14:29:56 info: [0mGET /events [32m201[0m 507.738 ms - -[0m
2024-03-19 14:29:57 info: [0mGET /public/files/albums/postPicture6f22bd3cffb466d48b4449caad750886cd5196be32032024.0.jpeg [32m200[0m 1.467 ms - 112518[0m
2024-03-19 14:29:57 info: [0mGET /public/files/albums/postPicture6f22bd3cffb466d48b4449caad750886cd5196be43032024.0.jpeg [32m200[0m 0.679 ms - 124885[0m
2024-03-19 14:29:57 info: [0mGET /events/private [32m201[0m 851.409 ms - -[0m
2024-03-19 14:31:54 info: [0mGET /public/files/albums/postPicture6f22bd3cffb466d48b4449caad750886cd5196be43032024.0.jpeg [32m200[0m 3.422 ms - 124885[0m
2024-03-19 14:31:54 info: [0mGET /public/files/albums/postPicture6f22bd3cffb466d48b4449caad750886cd5196be32032024.0.jpeg [32m200[0m 6.737 ms - 112518[0m
2024-03-19 14:31:58 info: [0mGET /public/files/albums/postPicture6f22bd3cffb466d48b4449caad750886cd5196be53032024.0.jpeg [32m200[0m 9.139 ms - 83357[0m
2024-03-19 14:32:14 info: [0mGET /events [32m201[0m 518.871 ms - -[0m
2024-03-19 14:32:14 info: [0mGET /public/files/albums/postPicture20df6b2f6338d6f0f8f4c202005d0202ec5b387701032024.0.jpeg [32m200[0m 1.435 ms - 46756[0m
2024-03-19 14:32:14 info: [0mGET /public/files/albums/postPicturef6b2f6338d6f0f8f4c202005d0202ec5b38776a355032024.0.jpeg [32m200[0m 1.157 ms - 81950[0m
2024-03-19 14:32:14 info: [0mGET /public/files/albums/postPicture6f22bd3cffb466d48b4449caad750886cd5196be32032024.0.jpeg [32m200[0m 1.564 ms - 112518[0m
2024-03-19 14:32:14 info: [0mGET /public/files/albums/postPictureebb14c20df6b2f6338d6f0f8f4c202005d0202ec50032024.0.jpeg [32m200[0m 2.154 ms - 184815[0m
2024-03-19 14:32:14 info: [0mGET /public/files/albums/postPicture14c20df6b2f6338d6f0f8f4c202005d0202ec5b308032024.0.jpeg [32m200[0m 1.828 ms - 575505[0m
2024-03-19 14:32:14 info: [0mGET /events/private [32m201[0m 974.927 ms - -[0m
2024-03-19 14:32:14 info: [0mGET /public/files/albums/postPictureae1f84144937bf46327696a506b3c1075229fe6e36032024.0.jpeg [32m200[0m 1.021 ms - 112518[0m
2024-03-19 14:32:14 info: [0mGET /public/files/albums/postPicture59920180613d4829e916469c0d21a21aec0c6b0522032024.0.jpeg [32m200[0m 3.153 ms - 184815[0m
2024-03-19 14:32:14 info: [0mGET /public/files/albums/postPicturef177743ca3a2e5b6521ec3a62ce3e3807b4e1a9150032024.0.jpeg [32m200[0m 2.467 ms - 46756[0m
2024-03-19 14:32:14 info: [0mGET /public/files/albums/postPicture20180613d4829e916469c0d21a21aec0c6b05c8927032024.0.jpeg [32m200[0m 1.561 ms - 575505[0m
2024-03-19 14:32:14 info: [0mGET /public/files/albums/postPicture743ca3a2e5b6521ec3a62ce3e3807b4e1a91c1e442032024.0.jpeg [32m200[0m 2.243 ms - 33272[0m
2024-03-19 14:32:14 info: [0mGET /events [32m201[0m 497.687 ms - -[0m
2024-03-19 14:32:15 info: [0mGET /events/private [32m201[0m 861.327 ms - -[0m
2024-03-19 14:32:16 info: [0mGET /public/files/albums/postPicture2f6338d6f0f8f4c202005d0202ec5b38776a301153032024.0.jpeg [32m200[0m 1.726 ms - 145776[0m
2024-03-19 14:32:16 info: [0mGET /public/files/albums/postPictureca3a2e5b6521ec3a62ce3e3807b4e1a91c1e491b59032024.0.jpeg [32m200[0m 5.126 ms - 145776[0m
2024-03-19 14:32:18 info: [0mGET /public/files/albums/postPicture8d6f0f8f4c202005d0202ec5b38776a30110d58805032024.0.jpeg [32m200[0m 1.792 ms - 123873[0m
2024-03-19 14:32:20 info: [0mGET /public/files/albums/postPicture8f4c202005d0202ec5b38776a30110d588d7028a17032024.0.jpeg [32m200[0m 1.438 ms - 42108[0m
2024-03-19 14:32:23 info: [0mGET /public/files/albums/postPicture2005d0202ec5b38776a30110d588d7028a5be55945032024.0.jpeg [32m200[0m 1.988 ms - 185098[0m
2024-03-19 14:32:26 info: [0mGET /events [32m201[0m 484.651 ms - -[0m
2024-03-19 14:32:27 info: [0mGET /events/private [32m201[0m 892.870 ms - -[0m
2024-03-19 14:32:27 info: [0mGET /events [32m201[0m 479.601 ms - -[0m
2024-03-19 14:32:28 info: [0mGET /events/private [32m201[0m 905.348 ms - -[0m
2024-03-19 14:32:36 info: [0mGET /public/files/albums/postPicture2f6338d6f0f8f4c202005d0202ec5b38776a301104032024.0.jpeg [32m200[0m 1.252 ms - 101019[0m
2024-03-19 14:32:36 info: [0mGET /public/files/albums/postPicture2f6338d6f0f8f4c202005d0202ec5b38776a301153032024.0.jpeg [32m200[0m 3.974 ms - 145776[0m
2024-03-19 14:32:40 info: [0mGET /public/files/albums/postPicture2f6338d6f0f8f4c202005d0202ec5b38776a301113032024.0.jpeg [32m200[0m 11.880 ms - 93354[0m
2024-03-19 14:32:59 info: [0mGET /events [32m201[0m 536.545 ms - -[0m
2024-03-19 14:32:59 info: [0mGET /events/private [32m201[0m 944.203 ms - -[0m
2024-03-19 14:32:59 info: [0mGET /events [32m201[0m 473.258 ms - -[0m
2024-03-19 14:33:00 info: [0mGET /events/private [32m201[0m 852.404 ms - -[0m
2024-03-19 14:33:07 info: [0mGET /public/files/albums/postPicture5d0202ec5b38776a30110d588d7028a5be5591d517032024.0.jpeg [32m200[0m 1.859 ms - 11458[0m
2024-03-19 14:33:08 info: [0mGET /public/files/albums/postPicture02ec5b38776a30110d588d7028a5be5591d5838e59032024.0.jpeg [32m200[0m 1.381 ms - 64637[0m
2024-03-19 14:33:08 info: [0mGET /public/files/albums/postPicturec5b38776a30110d588d7028a5be5591d5838e0a400032024.0.jpeg [32m200[0m 1.205 ms - 101019[0m
2024-03-19 14:33:12 info: [0mGET /events [32m201[0m 492.737 ms - -[0m
2024-03-19 14:33:13 info: [0mGET /events/private [32m201[0m 907.000 ms - -[0m
2024-03-19 14:33:13 info: [0mGET /events [32m201[0m 474.337 ms - -[0m
2024-03-19 14:33:13 info: [0mGET /events/private [32m201[0m 881.113 ms - -[0m
2024-03-19 14:33:32 info: [0mGET /events/packs [32m201[0m 480.272 ms - -[0m
2024-03-19 14:33:33 info: [0mGET /events/packs [32m201[0m 414.155 ms - -[0m
2024-03-19 14:33:41 info: [0mGET /events [32m201[0m 500.949 ms - -[0m
2024-03-19 14:33:41 info: [0mGET /public/files/albums/postPicture20df6b2f6338d6f0f8f4c202005d0202ec5b387701032024.0.jpeg [32m200[0m 1.175 ms - 46756[0m
2024-03-19 14:33:41 info: [0mGET /public/files/albums/postPicture6f22bd3cffb466d48b4449caad750886cd5196be32032024.0.jpeg [32m200[0m 1.467 ms - 112518[0m
2024-03-19 14:33:41 info: [0mGET /public/files/albums/postPicturef6b2f6338d6f0f8f4c202005d0202ec5b38776a355032024.0.jpeg [32m200[0m 0.933 ms - 81950[0m
2024-03-19 14:33:41 info: [0mGET /public/files/albums/postPictureebb14c20df6b2f6338d6f0f8f4c202005d0202ec50032024.0.jpeg [32m200[0m 1.071 ms - 184815[0m
2024-03-19 14:33:41 info: [0mGET /public/files/albums/postPicture14c20df6b2f6338d6f0f8f4c202005d0202ec5b308032024.0.jpeg [32m200[0m 1.188 ms - 575505[0m
2024-03-19 14:33:41 info: [0mGET /events/private [32m201[0m 979.500 ms - -[0m
2024-03-19 14:33:41 info: [0mGET /public/files/albums/postPicturef177743ca3a2e5b6521ec3a62ce3e3807b4e1a9150032024.0.jpeg [32m200[0m 1.230 ms - 46756[0m
2024-03-19 14:33:41 info: [0mGET /public/files/albums/postPictureae1f84144937bf46327696a506b3c1075229fe6e36032024.0.jpeg [32m200[0m 2.589 ms - 112518[0m
2024-03-19 14:33:41 info: [0mGET /public/files/albums/postPicture59920180613d4829e916469c0d21a21aec0c6b0522032024.0.jpeg [32m200[0m 1.952 ms - 184815[0m
2024-03-19 14:33:41 info: [0mGET /public/files/albums/postPicture743ca3a2e5b6521ec3a62ce3e3807b4e1a91c1e442032024.0.jpeg [32m200[0m 2.475 ms - 33272[0m
2024-03-19 14:33:41 info: [0mGET /public/files/albums/postPicture20180613d4829e916469c0d21a21aec0c6b05c8927032024.0.jpeg [32m200[0m 1.065 ms - 575505[0m
2024-03-19 14:33:41 info: [0mGET /events [32m201[0m 570.143 ms - -[0m
2024-03-19 14:33:42 info: [0mGET /events/private [32m201[0m 855.540 ms - -[0m
2024-03-19 14:33:43 info: [0mGET /public/files/albums/postPicture2f6338d6f0f8f4c202005d0202ec5b38776a301153032024.0.jpeg [32m200[0m 1.612 ms - 145776[0m
2024-03-19 14:33:43 info: [0mGET /public/files/albums/postPictureca3a2e5b6521ec3a62ce3e3807b4e1a91c1e491b59032024.0.jpeg [32m200[0m 1.887 ms - 145776[0m
2024-03-19 14:33:45 info: [0mGET /public/files/albums/postPicture8d6f0f8f4c202005d0202ec5b38776a30110d58805032024.0.jpeg [32m200[0m 1.652 ms - 123873[0m
2024-03-19 14:33:46 info: [0mGET /public/files/albums/postPicture14c20df6b2f6338d6f0f8f4c202005d0202ec5b316032024.0.jpeg [32m200[0m 1.966 ms - 133479[0m
2024-03-19 14:33:46 info: [0mGET /public/files/albums/postPicture14c20df6b2f6338d6f0f8f4c202005d0202ec5b308032024.0.jpeg [32m200[0m 5.657 ms - 575505[0m
2024-03-19 14:33:49 info: [0mGET /public/files/albums/postPicture14c20df6b2f6338d6f0f8f4c202005d0202ec5b318032024.0.webp [32m200[0m 3.783 ms - 61856[0m
2024-03-19 14:34:36 info: [0mGET /events [32m201[0m 516.371 ms - -[0m
2024-03-19 14:34:36 info: [0mGET /events/private [32m201[0m 941.321 ms - -[0m
2024-03-19 14:34:36 info: [0mGET /events [32m201[0m 483.692 ms - -[0m
2024-03-19 14:34:37 info: [0mGET /events/private [32m201[0m 872.129 ms - -[0m
2024-03-19 14:34:42 info: [0mGET /public/files/albums/postPicture8f4c202005d0202ec5b38776a30110d588d7028a17032024.0.jpeg [32m200[0m 1.874 ms - 42108[0m
2024-03-19 14:34:44 info: [0mGET /public/files/albums/postPicture2005d0202ec5b38776a30110d588d7028a5be55945032024.0.jpeg [32m200[0m 1.450 ms - 185098[0m
2024-03-19 14:34:47 info: [0mGET /public/files/albums/postPicture5d0202ec5b38776a30110d588d7028a5be5591d517032024.0.jpeg [32m200[0m 1.726 ms - 11458[0m
2024-03-19 14:34:49 info: [0mGET /public/files/albums/postPicture02ec5b38776a30110d588d7028a5be5591d5838e59032024.0.jpeg [32m200[0m 2.102 ms - 64637[0m
2024-03-19 14:34:51 info: [0mGET /public/files/albums/postPicturec5b38776a30110d588d7028a5be5591d5838e0a400032024.0.jpeg [32m200[0m 2.782 ms - 101019[0m
2024-03-19 14:35:44 info: [0mGET /events [32m201[0m 585.347 ms - -[0m
2024-03-19 14:35:45 info: [0mGET /events/private [32m201[0m 963.489 ms - -[0m
2024-03-19 14:35:45 info: [0mGET /events [32m201[0m 450.505 ms - -[0m
2024-03-19 14:35:46 info: [0mGET /events/private [32m201[0m 845.564 ms - -[0m
2024-03-19 14:36:00 info: [0mGET /events [32m201[0m 513.456 ms - -[0m
2024-03-19 14:36:00 info: [0mGET /events/private [32m201[0m 920.391 ms - -[0m
2024-03-19 14:36:00 info: [0mGET /events [32m201[0m 451.634 ms - -[0m
2024-03-19 14:36:01 info: [0mGET /events/private [32m201[0m 835.425 ms - -[0m
2024-03-19 14:36:17 info: [0mGET /public/files/albums/postPicture8f4c202005d0202ec5b38776a30110d588d7028a26032024.0.jpeg [32m200[0m 0.647 ms - 30520[0m
2024-03-19 14:36:17 info: [0mGET /public/files/albums/postPicture8f4c202005d0202ec5b38776a30110d588d7028a17032024.0.jpeg [32m200[0m 5.149 ms - 42108[0m
2024-03-19 14:36:20 info: [0mGET /public/files/albums/postPicture8f4c202005d0202ec5b38776a30110d588d7028a35032024.0.jpeg [32m200[0m 1.111 ms - 76188[0m
2024-03-19 14:36:27 info: [0mGET /public/files/albums/postPicture6f22bd3cffb466d48b4449caad750886cd5196be32032024.0.jpeg [32m200[0m 5.229 ms - 112518[0m
2024-03-19 14:36:27 info: [0mGET /public/files/albums/postPicture20df6b2f6338d6f0f8f4c202005d0202ec5b387701032024.0.jpeg [32m200[0m 3.975 ms - 46756[0m
2024-03-19 14:36:27 info: [0mGET /public/files/albums/postPicturef6b2f6338d6f0f8f4c202005d0202ec5b38776a355032024.0.jpeg [32m200[0m 3.531 ms - 81950[0m
2024-03-19 14:36:27 info: [0mGET /public/files/albums/postPictureae1f84144937bf46327696a506b3c1075229fe6e36032024.0.jpeg [32m200[0m 4.118 ms - 112518[0m
2024-03-19 14:36:27 info: [0mGET /public/files/albums/postPictureebb14c20df6b2f6338d6f0f8f4c202005d0202ec50032024.0.jpeg [32m200[0m 3.953 ms - 184815[0m
2024-03-19 14:36:27 info: [0mGET /public/files/albums/postPicture14c20df6b2f6338d6f0f8f4c202005d0202ec5b308032024.0.jpeg [32m200[0m 4.151 ms - 575505[0m
2024-03-19 14:36:27 info: [0mGET /public/files/albums/postPicturef177743ca3a2e5b6521ec3a62ce3e3807b4e1a9150032024.0.jpeg [32m200[0m 0.974 ms - 46756[0m
2024-03-19 14:36:27 info: [0mGET /public/files/albums/postPicture59920180613d4829e916469c0d21a21aec0c6b0522032024.0.jpeg [32m200[0m 1.108 ms - 184815[0m
2024-03-19 14:36:27 info: [0mGET /public/files/albums/postPicture743ca3a2e5b6521ec3a62ce3e3807b4e1a91c1e442032024.0.jpeg [32m200[0m 1.684 ms - 33272[0m
2024-03-19 14:36:27 info: [0mGET /public/files/albums/postPicture20180613d4829e916469c0d21a21aec0c6b05c8927032024.0.jpeg [32m200[0m 1.052 ms - 575505[0m
2024-03-19 14:36:28 info: [0mGET /events [32m201[0m 503.481 ms - -[0m
2024-03-19 14:36:28 info: [0mGET /events/private [32m201[0m 985.904 ms - -[0m
2024-03-19 14:36:28 info: [0mGET /events [32m201[0m 476.768 ms - -[0m
2024-03-19 14:36:29 info: [0mGET /events/private [32m201[0m 846.911 ms - -[0m
2024-03-19 14:36:29 info: [0mGET /public/files/albums/postPictureca3a2e5b6521ec3a62ce3e3807b4e1a91c1e491b59032024.0.jpeg [32m200[0m 2.534 ms - 145776[0m
2024-03-19 14:36:29 info: [0mGET /public/files/albums/postPicture2f6338d6f0f8f4c202005d0202ec5b38776a301153032024.0.jpeg [32m200[0m 1.200 ms - 145776[0m
2024-03-19 14:36:31 info: [0mGET /public/files/albums/postPicture8d6f0f8f4c202005d0202ec5b38776a30110d58805032024.0.jpeg [32m200[0m 1.220 ms - 123873[0m
2024-03-19 14:36:32 info: [0mGET /public/files/albums/postPicture2005d0202ec5b38776a30110d588d7028a5be55945032024.0.jpeg [32m200[0m 3.481 ms - 185098[0m
2024-03-19 14:36:32 info: [0mGET /public/files/albums/postPicture8f4c202005d0202ec5b38776a30110d588d7028a17032024.0.jpeg [32m200[0m 6.702 ms - 42108[0m
2024-03-19 14:36:34 info: [0mGET /public/files/albums/postPicture5d0202ec5b38776a30110d588d7028a5be5591d517032024.0.jpeg [32m200[0m 1.762 ms - 11458[0m
2024-03-19 14:36:41 info: [0mGET /public/files/albums/postPicture02ec5b38776a30110d588d7028a5be5591d5838e59032024.0.jpeg [32m200[0m 2.567 ms - 64637[0m
2024-03-19 14:36:43 info: [0mGET /public/files/albums/postPicturec5b38776a30110d588d7028a5be5591d5838e0a400032024.0.jpeg [32m200[0m 1.741 ms - 101019[0m
2024-03-19 14:36:46 info: [0mGET /events [32m201[0m 524.844 ms - -[0m
2024-03-19 14:36:46 info: [0mGET /public/files/albums/postPicture6f22bd3cffb466d48b4449caad750886cd5196be32032024.0.jpeg [32m200[0m 1.172 ms - 112518[0m
2024-03-19 14:36:46 info: [0mGET /public/files/albums/postPicture20df6b2f6338d6f0f8f4c202005d0202ec5b387701032024.0.jpeg [32m200[0m 2.034 ms - 46756[0m
2024-03-19 14:36:46 info: [0mGET /public/files/albums/postPictureebb14c20df6b2f6338d6f0f8f4c202005d0202ec50032024.0.jpeg [32m200[0m 1.986 ms - 184815[0m
2024-03-19 14:36:46 info: [0mGET /public/files/albums/postPicturef6b2f6338d6f0f8f4c202005d0202ec5b38776a355032024.0.jpeg [32m200[0m 2.449 ms - 81950[0m
2024-03-19 14:36:46 info: [0mGET /public/files/albums/postPicture2f6338d6f0f8f4c202005d0202ec5b38776a301153032024.0.jpeg [32m200[0m 2.525 ms - 145776[0m
2024-03-19 14:36:46 info: [0mGET /public/files/albums/postPicture14c20df6b2f6338d6f0f8f4c202005d0202ec5b308032024.0.jpeg [32m200[0m 2.093 ms - 575505[0m
2024-03-19 14:36:46 info: [0mGET /public/files/albums/postPicture8d6f0f8f4c202005d0202ec5b38776a30110d58805032024.0.jpeg [32m200[0m 7.432 ms - 123873[0m
2024-03-19 14:36:46 info: [0mGET /public/files/albums/postPicture8f4c202005d0202ec5b38776a30110d588d7028a17032024.0.jpeg [32m200[0m 0.806 ms - 42108[0m
2024-03-19 14:36:46 info: [0mGET /public/files/albums/postPicture2005d0202ec5b38776a30110d588d7028a5be55945032024.0.jpeg [32m200[0m 0.968 ms - 185098[0m
2024-03-19 14:36:47 info: [0mGET /events [32m201[0m 447.180 ms - -[0m
2024-03-19 14:39:57 info: [0mGET /events [32m201[0m 510.880 ms - -[0m
2024-03-19 14:39:57 info: [0mGET /public/files/albums/postPicturef6b2f6338d6f0f8f4c202005d0202ec5b38776a355032024.0.jpeg [32m200[0m 2.650 ms - 81950[0m
2024-03-19 14:39:57 info: [0mGET /public/files/albums/postPicture6f22bd3cffb466d48b4449caad750886cd5196be32032024.0.jpeg [32m200[0m 2.494 ms - 112518[0m
2024-03-19 14:39:57 info: [0mGET /public/files/albums/postPicture20df6b2f6338d6f0f8f4c202005d0202ec5b387701032024.0.jpeg [32m200[0m 13.344 ms - 46756[0m
2024-03-19 14:39:57 info: [0mGET /public/files/albums/postPictureebb14c20df6b2f6338d6f0f8f4c202005d0202ec50032024.0.jpeg [32m200[0m 4.530 ms - 184815[0m
2024-03-19 14:39:57 info: [0mGET /public/files/albums/postPicture2f6338d6f0f8f4c202005d0202ec5b38776a301153032024.0.jpeg [32m200[0m 11.156 ms - 145776[0m
2024-03-19 14:39:57 info: [0mGET /public/files/albums/postPicture14c20df6b2f6338d6f0f8f4c202005d0202ec5b308032024.0.jpeg [32m200[0m 3.218 ms - 575505[0m
2024-03-19 14:39:57 info: [0mGET /public/files/albums/postPicture8d6f0f8f4c202005d0202ec5b38776a30110d58805032024.0.jpeg [32m200[0m 1.124 ms - 123873[0m
2024-03-19 14:39:57 info: [0mGET /public/files/albums/postPicture8f4c202005d0202ec5b38776a30110d588d7028a17032024.0.jpeg [32m200[0m 6.904 ms - 42108[0m
2024-03-19 14:39:57 info: [0mGET /public/files/albums/postPicture2005d0202ec5b38776a30110d588d7028a5be55945032024.0.jpeg [32m200[0m 5.890 ms - 185098[0m
2024-03-19 14:39:57 info: [0mGET /events [32m201[0m 457.172 ms - -[0m
2024-03-19 14:40:01 info: [0mGET /public/files/albums/postPicture6f22bd3cffb466d48b4449caad750886cd5196be32032024.0.jpeg [32m200[0m 2.514 ms - 112518[0m
2024-03-19 14:40:01 info: [0mGET /public/files/albums/postPicture6f22bd3cffb466d48b4449caad750886cd5196be43032024.0.jpeg [32m200[0m 1.696 ms - 124885[0m
2024-03-19 14:40:04 info: [0mGET /public/files/albums/postPicture6f22bd3cffb466d48b4449caad750886cd5196be53032024.0.jpeg [32m200[0m 1.228 ms - 83357[0m
2024-03-19 14:40:07 info: [0mGET /public/files/albums/postPicture6f22bd3cffb466d48b4449caad750886cd5196be32032024.0.jpeg [32m200[0m 4.846 ms - 112518[0m
2024-03-19 14:40:07 info: [0mGET /public/files/albums/postPicture20df6b2f6338d6f0f8f4c202005d0202ec5b387701032024.0.jpeg [32m200[0m 0.866 ms - 46756[0m
2024-03-19 14:40:07 info: [0mGET /public/files/albums/postPictureebb14c20df6b2f6338d6f0f8f4c202005d0202ec50032024.0.jpeg [32m200[0m 0.891 ms - 184815[0m
2024-03-19 14:40:07 info: [0mGET /public/files/albums/postPicturef6b2f6338d6f0f8f4c202005d0202ec5b38776a355032024.0.jpeg [32m200[0m 1.141 ms - 81950[0m
2024-03-19 14:40:07 info: [0mGET /public/files/albums/postPicture14c20df6b2f6338d6f0f8f4c202005d0202ec5b308032024.0.jpeg [32m200[0m 1.071 ms - 575505[0m
2024-03-19 14:40:08 info: [0mGET /events [32m201[0m 457.495 ms - -[0m
2024-03-19 14:40:08 info: [0mGET /events/private [32m201[0m 934.138 ms - -[0m
2024-03-19 14:40:08 info: [0mGET /events [32m201[0m 492.047 ms - -[0m
2024-03-19 14:40:08 info: [0mGET /public/files/albums/postPicture59920180613d4829e916469c0d21a21aec0c6b0522032024.0.jpeg [32m200[0m 1.087 ms - 184815[0m
2024-03-19 14:40:08 info: [0mGET /public/files/albums/postPicturef177743ca3a2e5b6521ec3a62ce3e3807b4e1a9150032024.0.jpeg [32m200[0m 0.791 ms - 46756[0m
2024-03-19 14:40:08 info: [0mGET /public/files/albums/postPictureae1f84144937bf46327696a506b3c1075229fe6e36032024.0.jpeg [32m200[0m 1.147 ms - 112518[0m
2024-03-19 14:40:08 info: [0mGET /public/files/albums/postPicture743ca3a2e5b6521ec3a62ce3e3807b4e1a91c1e442032024.0.jpeg [32m200[0m 0.941 ms - 33272[0m
2024-03-19 14:40:08 info: [0mGET /public/files/albums/postPicture20180613d4829e916469c0d21a21aec0c6b05c8927032024.0.jpeg [32m200[0m 1.653 ms - 575505[0m
2024-03-19 14:40:09 info: [0mGET /events/private [32m201[0m 898.511 ms - -[0m
2024-03-19 14:40:09 info: [0mGET /public/files/albums/postPicture2f6338d6f0f8f4c202005d0202ec5b38776a301153032024.0.jpeg [32m200[0m 2.816 ms - 145776[0m
2024-03-19 14:40:10 info: [0mGET /public/files/albums/postPictureca3a2e5b6521ec3a62ce3e3807b4e1a91c1e491b59032024.0.jpeg [32m200[0m 1.560 ms - 145776[0m
2024-03-19 14:40:12 info: [0mGET /events [32m201[0m 493.390 ms - -[0m
2024-03-19 14:40:13 info: [0mGET /events [32m201[0m 485.803 ms - -[0m
2024-03-19 14:40:13 info: [0mGET /public/files/albums/postPicture5d0202ec5b38776a30110d588d7028a5be5591d517032024.0.jpeg [32m200[0m 2.995 ms - 11458[0m
2024-03-19 14:40:13 info: [0mGET /public/files/albums/postPicture02ec5b38776a30110d588d7028a5be5591d5838e59032024.0.jpeg [32m200[0m 1.656 ms - 64637[0m
2024-03-19 14:40:14 info: [0mGET /public/files/albums/postPicturec5b38776a30110d588d7028a5be5591d5838e0a400032024.0.jpeg [32m200[0m 1.558 ms - 101019[0m
2024-03-19 14:40:15 info: [0mGET /public/files/albums/postPicturef6b2f6338d6f0f8f4c202005d0202ec5b38776a305032024.0.jpeg [32m200[0m 2.236 ms - 33272[0m
2024-03-19 14:40:15 info: [0mGET /public/files/albums/postPicturef6b2f6338d6f0f8f4c202005d0202ec5b38776a355032024.0.jpeg [32m200[0m 2.949 ms - 81950[0m
2024-03-19 14:40:16 info: [0mGET /public/files/albums/postPicturef6b2f6338d6f0f8f4c202005d0202ec5b38776a347032024.0.jpeg [32m200[0m 2.098 ms - 46901[0m
2024-03-19 14:40:18 info: [0mGET /events [32m201[0m 525.040 ms - -[0m
2024-03-19 14:40:18 info: [0mGET /events [32m201[0m 461.356 ms - -[0m
2024-03-19 14:40:26 info: [0mGET /events [32m201[0m 480.943 ms - -[0m
2024-03-19 14:40:26 info: [0mGET /events/private [32m201[0m 938.412 ms - -[0m
2024-03-19 14:40:26 info: [0mGET /events [32m201[0m 444.920 ms - -[0m
2024-03-19 14:40:27 info: [0mGET /events/private [32m201[0m 848.538 ms - -[0m
2024-03-19 14:40:29 info: [0mGET /public/files/albums/postPicture8d6f0f8f4c202005d0202ec5b38776a30110d58805032024.0.jpeg [32m200[0m 1.539 ms - 123873[0m
2024-03-19 14:40:32 info: [0mGET /public/files/albums/postPicture8f4c202005d0202ec5b38776a30110d588d7028a17032024.0.jpeg [32m200[0m 1.694 ms - 42108[0m
2024-03-19 14:40:34 info: [0mGET /public/files/albums/postPicture2005d0202ec5b38776a30110d588d7028a5be55945032024.0.jpeg [32m200[0m 1.215 ms - 185098[0m
2024-03-19 14:40:36 info: [0mGET /public/files/albums/postPicture5d0202ec5b38776a30110d588d7028a5be5591d517032024.0.jpeg [32m200[0m 1.038 ms - 11458[0m
2024-03-19 14:40:39 info: [0mGET /public/files/albums/postPicture02ec5b38776a30110d588d7028a5be5591d5838e59032024.0.jpeg [32m200[0m 4.287 ms - 64637[0m
2024-03-19 14:40:48 info: [0mGET /events [32m201[0m 485.557 ms - -[0m
2024-03-19 14:40:48 info: [0mGET /events/private [32m201[0m 959.774 ms - -[0m
2024-03-19 14:40:48 info: [0mGET /events [32m201[0m 557.790 ms - -[0m
2024-03-19 14:40:49 info: [0mGET /events/private [32m201[0m 882.451 ms - -[0m
2024-03-19 14:41:05 info: [0mGET /public/files/albums/postPicture6f22bd3cffb466d48b4449caad750886cd5196be43032024.0.jpeg [32m200[0m 10.412 ms - 124885[0m
2024-03-19 14:41:05 info: [0mGET /public/files/albums/postPicture6f22bd3cffb466d48b4449caad750886cd5196be32032024.0.jpeg [32m200[0m 12.057 ms - 112518[0m
2024-03-19 14:41:08 info: [0mGET /public/files/albums/postPicture6f22bd3cffb466d48b4449caad750886cd5196be53032024.0.jpeg [32m200[0m 1.720 ms - 83357[0m
2024-03-19 14:42:47 info: [0mGET /events [32m201[0m 538.912 ms - -[0m
2024-03-19 14:42:47 info: [0mGET /events/private [32m201[0m 929.757 ms - -[0m
2024-03-19 14:42:47 info: [0mGET /events [32m201[0m 487.876 ms - -[0m
2024-03-19 14:42:48 info: [0mGET /public/files/albums/postPicture6f22bd3cffb466d48b4449caad750886cd5196be43032024.0.jpeg [32m200[0m 1.691 ms - 124885[0m
2024-03-19 14:42:48 info: [0mGET /public/files/albums/postPicture6f22bd3cffb466d48b4449caad750886cd5196be32032024.0.jpeg [32m200[0m 1.520 ms - 112518[0m
2024-03-19 14:42:48 info: [0mGET /events/private [32m201[0m 851.567 ms - -[0m
2024-03-19 14:42:51 info: [0mGET /public/files/albums/postPicture6f22bd3cffb466d48b4449caad750886cd5196be53032024.0.jpeg [32m200[0m 2.548 ms - 83357[0m
