2024-03-31 13:50:18 error: uncaughtException: listen EADDRINUSE: address already in use :::3000
Error: listen EADDRINUSE: address already in use :::3000
    at Server.setupListenHandle [as _listen2] (node:net:1751:16)
    at listenInCluster (node:net:1799:12)
    at Server.listen (node:net:1887:7)
    at Function.listen (/Users/gk/Documents/projects/tripify/node_modules/express/lib/application.js:635:24)
    at App.listen (/Users/gk/Documents/projects/tripify/src/app.ts:138:14)
    at Object.<anonymous> (/Users/gk/Documents/projects/tripify/src/server.ts:16:5)
    at Module._compile (node:internal/modules/cjs/loader:1256:14)
    at Module.m._compile (/Users/gk/Documents/projects/tripify/node_modules/ts-node/src/index.ts:1618:23)
    at Module._extensions..js (node:internal/modules/cjs/loader:1310:10)
    at Object.require.extensions.<computed> [as .ts] (/Users/gk/Documents/projects/tripify/node_modules/ts-node/src/index.ts:1621:12)
2024-03-31 13:56:00 error: uncaughtException: listen EADDRINUSE: address already in use :::3000
Error: listen EADDRINUSE: address already in use :::3000
    at Server.setupListenHandle [as _listen2] (node:net:1751:16)
    at listenInCluster (node:net:1799:12)
    at Server.listen (node:net:1887:7)
    at Function.listen (/Users/gk/Documents/projects/tripify/node_modules/express/lib/application.js:635:24)
    at App.listen (/Users/gk/Documents/projects/tripify/src/app.ts:138:14)
    at Object.<anonymous> (/Users/gk/Documents/projects/tripify/src/server.ts:16:5)
    at Module._compile (node:internal/modules/cjs/loader:1256:14)
    at Module.m._compile (/Users/gk/Documents/projects/tripify/node_modules/ts-node/src/index.ts:1618:23)
    at Module._extensions..js (node:internal/modules/cjs/loader:1310:10)
    at Object.require.extensions.<computed> [as .ts] (/Users/gk/Documents/projects/tripify/node_modules/ts-node/src/index.ts:1621:12)
2024-03-31 17:27:50 error: uncaughtException: listen EADDRINUSE: address already in use :::3000
Error: listen EADDRINUSE: address already in use :::3000
    at Server.setupListenHandle [as _listen2] (node:net:1751:16)
    at listenInCluster (node:net:1799:12)
    at Server.listen (node:net:1887:7)
    at Function.listen (/Users/gk/Documents/projects/tripify/node_modules/express/lib/application.js:635:24)
    at App.listen (/Users/gk/Documents/projects/tripify/dist/app.js:74:18)
    at Object.<anonymous> (/Users/gk/Documents/projects/tripify/dist/server.js:31:5)
    at Module._compile (node:internal/modules/cjs/loader:1256:14)
    at Module._extensions..js (node:internal/modules/cjs/loader:1310:10)
    at Module.load (node:internal/modules/cjs/loader:1119:32)
    at Module._load (node:internal/modules/cjs/loader:960:12)
